2020-03-25 16:27:58: Using pytorch 1.1.0 (['/home/xyc/anaconda3/envs/pytorch110/lib/python3.7/site-packages/torch'])
2020-03-25 16:27:58: Start training with args:
{
    "backend": "nccl",
    "batch_size": 16,
    "clip_length": 16,
    "dataset": "HMDB51",
    "debug_mode": true,
    "dist_url": "tcp://192.168.0.11:23456",
    "end_epoch": 40,
    "fine_tune": true,
    "gpus": "0,1,2,3,4,5,6,7",
    "log_file": "./exps/logs/Viax_Liao_at-xyc-MS-7B61.log",
    "lr_base": 0.005,
    "lr_factor": 0.1,
    "lr_steps": [
        50000,
        100000,
        150000
    ],
    "model_dir": "./exps/models/archive",
    "model_prefix": "./exps/models/archive/Viax_Liao",
    "network": "CHANGE_A",
    "pretrained_2d": true,
    "pretrained_3d": "./network/pretrained/MFNet3D_Kinetics-400_72.8.pth",
    "random_seed": 1,
    "resume_epoch": -1,
    "save_frequency": 8,
    "task_name": "Viax_Liao",
    "train_frame_interval": 2,
    "val_frame_interval": 2,
    "world_size": 1
}
2020-03-25 16:27:59: Target dataset: 'HMDB51', configs: {'num_classes': 51}
2020-03-25 16:27:59: Initializer:: 'Tanh' is uninitialized.
2020-03-25 16:27:59: Initializer:: 'Tanh' is uninitialized.
2020-03-25 16:27:59: Initializer:: 'AvgPool2d' is uninitialized.
2020-03-25 16:27:59: Initializer:: 'Motion_Exctractor_MEAN' is uninitialized.
2020-03-25 16:27:59: Initializer:: 'AvgPool1d' is uninitialized.
2020-03-25 16:27:59: Network:: graph initialized, loading pretrained model: `/work/Viax_Liao/network/pretrained/MFNet2D_ImageNet1k-0000.pth'
2020-03-25 16:27:59: Initializer:: loading from 2D neural network, filling method: `inflation' ...
2020-03-25 16:27:59: Initializer:: >> 2 params are unused: ['classifier.weight', 'classifier.bias']
2020-03-25 16:27:59: Initializer:: >> failed to load: 
[
    "conv1.bn.num_batches_tracked",
    "conv2.B01.conv_i1.bn.num_batches_tracked",
    "conv2.B01.conv_i2.bn.num_batches_tracked",
    "conv2.B01.conv_m1.bn.num_batches_tracked",
    "conv2.B01.conv_m2.bn.num_batches_tracked",
    "conv2.B01.conv_w1.bn.num_batches_tracked",
    "conv2.B02.conv_i1.bn.num_batches_tracked",
    "conv2.B02.conv_i2.bn.num_batches_tracked",
    "conv2.B02.conv_m1.bn.num_batches_tracked",
    "conv2.B02.conv_m2.bn.num_batches_tracked",
    "conv2.B03.conv_i1.bn.num_batches_tracked",
    "conv2.B03.conv_i2.bn.num_batches_tracked",
    "conv2.B03.conv_m1.bn.num_batches_tracked",
    "conv2.B03.conv_m2.bn.num_batches_tracked",
    "conv3.B01.conv_i1.bn.num_batches_tracked",
    "conv3.B01.conv_i2.bn.num_batches_tracked",
    "conv3.B01.conv_m1.bn.num_batches_tracked",
    "conv3.B01.conv_m2.bn.num_batches_tracked",
    "conv3.B01.conv_w1.bn.num_batches_tracked",
    "conv3.B02.conv_i1.bn.num_batches_tracked",
    "conv3.B02.conv_i2.bn.num_batches_tracked",
    "conv3.B02.conv_m1.bn.num_batches_tracked",
    "conv3.B02.conv_m2.bn.num_batches_tracked",
    "conv3.B03.conv_i1.bn.num_batches_tracked",
    "conv3.B03.conv_i2.bn.num_batches_tracked",
    "conv3.B03.conv_m1.bn.num_batches_tracked",
    "conv3.B03.conv_m2.bn.num_batches_tracked",
    "conv3.B04.conv_i1.bn.num_batches_tracked",
    "conv3.B04.conv_i2.bn.num_batches_tracked",
    "conv3.B04.conv_m1.bn.num_batches_tracked",
    "conv3.B04.conv_m2.bn.num_batches_tracked",
    "conv4.B01.conv_i1.bn.num_batches_tracked",
    "conv4.B01.conv_i2.bn.num_batches_tracked",
    "conv4.B01.conv_m1.bn.num_batches_tracked",
    "conv4.B01.conv_m2.bn.num_batches_tracked",
    "conv4.B01.conv_w1.bn.num_batches_tracked",
    "conv4.B02.conv_i1.bn.num_batches_tracked",
    "conv4.B02.conv_i2.bn.num_batches_tracked",
    "conv4.B02.conv_m1.bn.num_batches_tracked",
    "conv4.B02.conv_m2.bn.num_batches_tracked",
    "conv4.B03.conv_i1.bn.num_batches_tracked",
    "conv4.B03.conv_i2.bn.num_batches_tracked",
    "conv4.B03.conv_m1.bn.num_batches_tracked",
    "conv4.B03.conv_m2.bn.num_batches_tracked",
    "conv4.B04.conv_i1.bn.num_batches_tracked",
    "conv4.B04.conv_i2.bn.num_batches_tracked",
    "conv4.B04.conv_m1.bn.num_batches_tracked",
    "conv4.B04.conv_m2.bn.num_batches_tracked",
    "conv4.B05.conv_i1.bn.num_batches_tracked",
    "conv4.B05.conv_i2.bn.num_batches_tracked",
    "conv4.B05.conv_m1.bn.num_batches_tracked",
    "conv4.B05.conv_m2.bn.num_batches_tracked",
    "conv4.B06.conv_i1.bn.num_batches_tracked",
    "conv4.B06.conv_i2.bn.num_batches_tracked",
    "conv4.B06.conv_m1.bn.num_batches_tracked",
    "conv4.B06.conv_m2.bn.num_batches_tracked",
    "conv5.B01.conv_i1.bn.num_batches_tracked",
    "conv5.B01.conv_i2.bn.num_batches_tracked",
    "conv5.B01.conv_m1.bn.num_batches_tracked",
    "conv5.B01.conv_m2.bn.num_batches_tracked",
    "conv5.B01.conv_w1.bn.num_batches_tracked",
    "conv5.B02.conv_i1.bn.num_batches_tracked",
    "conv5.B02.conv_i2.bn.num_batches_tracked",
    "conv5.B02.conv_m1.bn.num_batches_tracked",
    "conv5.B02.conv_m2.bn.num_batches_tracked",
    "conv5.B03.conv_i1.bn.num_batches_tracked",
    "conv5.B03.conv_i2.bn.num_batches_tracked",
    "conv5.B03.conv_m1.bn.num_batches_tracked",
    "conv5.B03.conv_m2.bn.num_batches_tracked",
    "motion_exctractor.mh_norm.weight",
    "motion_exctractor.mh_norm.bias",
    "motion_exctractor.mh_norm.running_mean",
    "motion_exctractor.mh_norm.running_var",
    "motion_exctractor.mh_norm.num_batches_tracked",
    "motion_exctractor.mh_up.weight",
    "motion_exctractor.mh_up.bias",
    "motion_exctractor.mh_up2.weight",
    "motion_exctractor.mh_up2.bias",
    "motion_exctractor.mh_up3.weight",
    "motion_exctractor.mh_up3.bias",
    "motion_exctractor.mh_conv1.conv.weight",
    "motion_exctractor.mh_conv1.bn.weight",
    "motion_exctractor.mh_conv1.bn.bias",
    "motion_exctractor.mh_conv1.bn.running_mean",
    "motion_exctractor.mh_conv1.bn.running_var",
    "motion_exctractor.mh_conv1.bn.num_batches_tracked",
    "motion_exctractor.mh_conv2.conv.weight",
    "motion_exctractor.mh_conv2.bn.weight",
    "motion_exctractor.mh_conv2.bn.bias",
    "motion_exctractor.mh_conv2.bn.running_mean",
    "motion_exctractor.mh_conv2.bn.running_var",
    "motion_exctractor.mh_conv2.bn.num_batches_tracked",
    "tail.bn.num_batches_tracked",
    "classifier.weight",
    "classifier.bias"
]
2020-03-25 16:27:59: loading network configs of: CHANGE_A
2020-03-25 16:27:59: data:: {'mean': [0.485, 0.456, 0.406], 'std': [0.229, 0.224, 0.225]}
2020-03-25 16:27:59: VideoIter:: clip_length = 16, interval = [train: 2, val: 2], seed = 101
2020-03-25 16:27:59: VideoIter:: >> `check_video' is off, `tolerant_corrupted_video' is automatically activated.
2020-03-25 16:27:59: VideoIter:: found 3570 videos in `./dataset/HMDB51/raw/list_cvt/hmdb51_split1_train.txt'
2020-03-25 16:28:00: VideoIter:: iterator initialized (phase: 'train', num: 3570)
2020-03-25 16:28:00: VideoIter:: >> `check_video' is off, `tolerant_corrupted_video' is automatically activated.
2020-03-25 16:28:00: VideoIter:: found 1530 videos in `./dataset/HMDB51/raw/list_cvt/hmdb51_split1_test.txt'
2020-03-25 16:28:00: VideoIter:: iterator initialized (phase: 'test', num: 1530)
2020-03-25 16:28:02: Optimizer:: >> recuding the learning rate of 223 params: ['conv1.conv.weight', 'conv1.bn.weight', 'conv1.bn.bias', 'conv2.B01.conv_i1.bn.weight', 'conv2.B01.conv_i1.bn.bias', 'conv2.B01.conv_i1.conv.weight', ... tion_exctractor.mh_conv2.conv.weight', 'motion_exctractor.mh_conv2.bn.weight', 'motion_exctractor.mh_conv2.bn.bias', 'tail.bn.weight', 'tail.bn.bias']
2020-03-25 16:28:02: Initializer:: loading model states from: `./network/pretrained/MFNet3D_Kinetics-400_72.8.pth'
2020-03-25 16:28:03: There are layers in current network not initialized by pretrained
2020-03-25 16:28:03: >> Failed to load: ['module.motion_exctractor.mh_norm.weight', 'module.motion_exctractor.mh_norm.bias', 'module.motion_exctractor.mh_norm.running_mean', 'module.motion_exctractor.mh_norm.running_var', 'module.motion_exctractor.mh_up.weight', 'module.motion_exctractor.mh_up.bias', 'module.motion_exctractor.mh_up2.weight', 'module.motion_exctractor.mh_up2.bias', 'module.motion_exctractor.mh_up3.weight', 'module.motion_exctractor.mh_up3.bias', 'module.motion_exctractor.mh_conv1.conv.weight', 'module.motion_exctractor.mh_conv1.bn.weight', 'module.motion_exctractor.mh_conv1.bn.bias', 'module.motion_exctractor.mh_conv1.bn.running_mean', 'module.motion_exctractor.mh_conv1.bn.running_var', 'module.motion_exctractor.mh_conv2.conv.weight', 'module.motion_exctractor.mh_conv2.bn.weight', 'module.motion_exctractor.mh_conv2.bn.bias', 'module.motion_exctractor.mh_conv2.bn.running_mean', 'module.motion_exctractor.mh_conv2.bn.running_var', 'module.classifier.weight', 'module.classifier.bias']
2020-03-25 16:28:03: Iter 0: start with learning rate: 5.00000e-03 (next lr step: 3125)
2020-03-25 16:28:03: Start epoch 0:
2020-03-25 16:28:12: Epoch [0]   Batch [0]    Speed   1.7 (+ 1) sample/sec  loss-ce = 4.78765, top1 = 0.00000, top5 = 0.06250  
2020-03-25 16:32:28: Epoch [0]   Batch [50]   Speed   3.1 (+14) sample/sec  loss-ce = 3.95584, top1 = 0.05750, top5 = 0.18625  
2020-03-25 16:36:47: Epoch [0]   Batch [100]  Speed   3.1 (+14) sample/sec  loss-ce = 3.42925, top1 = 0.18000, top5 = 0.41500  
2020-03-25 16:41:06: Epoch [0]   Batch [150]  Speed   3.1 (+14) sample/sec  loss-ce = 2.82774, top1 = 0.35750, top5 = 0.60375  
2020-03-25 16:45:20: Epoch [0]   Batch [200]  Speed   3.1 (+14) sample/sec  loss-ce = 2.20696, top1 = 0.52000, top5 = 0.75000  
2020-03-25 16:47:15: Epoch [0]   time cost: 1151.90 sec (0.32 h)
2020-03-25 16:47:15: Checkpoint (model & optimizer) saved to: ./exps/models/archive/Viax_Liao_ep-0001.pth
2020-03-25 16:47:15: Start epoch 1:
2020-03-25 16:47:20: Epoch [1]   Batch [0]    Speed   3.2 (+13) sample/sec  loss-ce = 1.84697, top1 = 0.68750, top5 = 0.87500  
2020-03-25 16:51:27: Epoch [1]   Batch [50]   Speed   3.2 (+14) sample/sec  loss-ce = 1.62404, top1 = 0.57125, top5 = 0.87250  
2020-03-25 16:55:30: Epoch [1]   Batch [100]  Speed   3.3 (+13) sample/sec  loss-ce = 1.45950, top1 = 0.64500, top5 = 0.90250  
2020-03-25 16:59:29: Epoch [1]   Batch [150]  Speed   3.3 (+13) sample/sec  loss-ce = 1.39331, top1 = 0.63625, top5 = 0.88500  
2020-03-25 17:03:35: Epoch [1]   Batch [200]  Speed   3.3 (+14) sample/sec  loss-ce = 1.27202, top1 = 0.67875, top5 = 0.90000  
2020-03-25 17:05:25: Epoch [1]   time cost: 1089.68 sec (0.30 h)
2020-03-25 17:05:25: Start epoch 2:
2020-03-25 17:05:29: Epoch [2]   Batch [0]    Speed   3.5 (+13) sample/sec  loss-ce = 1.29615, top1 = 0.50000, top5 = 1.00000  
2020-03-25 17:09:32: Epoch [2]   Batch [50]   Speed   3.3 (+13) sample/sec  loss-ce = 1.11918, top1 = 0.71750, top5 = 0.90750  
2020-03-25 17:13:33: Epoch [2]   Batch [100]  Speed   3.3 (+13) sample/sec  loss-ce = 1.03211, top1 = 0.75250, top5 = 0.92500  
2020-03-25 17:17:43: Epoch [2]   Batch [150]  Speed   3.2 (+14) sample/sec  loss-ce = 1.08905, top1 = 0.70375, top5 = 0.91625  
2020-03-25 17:21:47: Epoch [2]   Batch [200]  Speed   3.3 (+14) sample/sec  loss-ce = 1.06927, top1 = 0.71000, top5 = 0.93000  
2020-03-25 17:23:35: Epoch [2]   time cost: 1090.96 sec (0.30 h)
2020-03-25 17:23:35: Start epoch 3:
2020-03-25 17:23:40: Epoch [3]   Batch [0]    Speed   3.4 (+13) sample/sec  loss-ce = 0.93455, top1 = 0.68750, top5 = 0.93750  
2020-03-25 17:27:41: Epoch [3]   Batch [50]   Speed   3.3 (+13) sample/sec  loss-ce = 0.91388, top1 = 0.74250, top5 = 0.94500  
2020-03-25 17:31:46: Epoch [3]   Batch [100]  Speed   3.3 (+13) sample/sec  loss-ce = 0.89411, top1 = 0.74750, top5 = 0.92625  
2020-03-25 17:35:48: Epoch [3]   Batch [150]  Speed   3.3 (+13) sample/sec  loss-ce = 0.84013, top1 = 0.76750, top5 = 0.95250  
2020-03-25 17:39:54: Epoch [3]   Batch [200]  Speed   3.3 (+14) sample/sec  loss-ce = 0.87380, top1 = 0.76125, top5 = 0.94000  
2020-03-25 17:41:41: Epoch [3]   time cost: 1085.70 sec (0.30 h)
2020-03-25 17:41:41: Start evaluating epoch 3:
2020-03-25 17:46:17: Epoch [3]   Batch [191]  Speed   5.5 (+46) sample/sec  loss-ce = 1.17264, top1 = 0.66144, top5 = 0.91634  
2020-03-25 17:46:17: Current best epoch found with top5 accuracy 0.91634 at epoch 4, saved
2020-03-25 17:46:18: Checkpoint (model & optimizer) saved to: ./exps/models/archive/Viax_Liao_ep-0004.pth
2020-03-25 17:46:18: Checkpoint (model & optimizer) saved to: ./exps/models/archive/Viax_Liao_ep-0004.pth
2020-03-25 17:46:18: Current best epoch found with top1 accuracy 0.66144 at epoch 4, saved
2020-03-25 17:46:18: Start epoch 4:
2020-03-25 17:46:23: Epoch [4]   Batch [0]    Speed   3.6 (+13) sample/sec  loss-ce = 0.91780, top1 = 0.75000, top5 = 0.93750  
2020-03-25 17:50:20: Epoch [4]   Batch [50]   Speed   3.4 (+13) sample/sec  loss-ce = 0.79045, top1 = 0.79625, top5 = 0.96500  
2020-03-25 17:54:20: Epoch [4]   Batch [100]  Speed   3.3 (+13) sample/sec  loss-ce = 0.74902, top1 = 0.79250, top5 = 0.96750  
2020-03-25 17:58:23: Epoch [4]   Batch [150]  Speed   3.3 (+13) sample/sec  loss-ce = 0.74544, top1 = 0.78875, top5 = 0.95250  
2020-03-25 18:02:20: Epoch [4]   Batch [200]  Speed   3.4 (+13) sample/sec  loss-ce = 0.79531, top1 = 0.79875, top5 = 0.94750  
2020-03-25 18:04:08: Epoch [4]   time cost: 1070.16 sec (0.30 h)
2020-03-25 18:04:08: Start epoch 5:
2020-03-25 18:04:13: Epoch [5]   Batch [0]    Speed   3.8 (+13) sample/sec  loss-ce = 0.31707, top1 = 0.93750, top5 = 1.00000  
2020-03-25 18:08:10: Epoch [5]   Batch [50]   Speed   3.4 (+13) sample/sec  loss-ce = 0.65466, top1 = 0.82875, top5 = 0.96250  
2020-03-25 18:12:09: Epoch [5]   Batch [100]  Speed   3.3 (+13) sample/sec  loss-ce = 0.74627, top1 = 0.79625, top5 = 0.95625  
2020-03-25 18:16:07: Epoch [5]   Batch [150]  Speed   3.4 (+13) sample/sec  loss-ce = 0.70529, top1 = 0.79625, top5 = 0.96250  
2020-03-25 18:20:08: Epoch [5]   Batch [200]  Speed   3.3 (+13) sample/sec  loss-ce = 0.69157, top1 = 0.81250, top5 = 0.95750  
2020-03-25 18:21:58: Epoch [5]   time cost: 1070.05 sec (0.30 h)
2020-03-25 18:21:58: Start epoch 6:
2020-03-25 18:22:03: Epoch [6]   Batch [0]    Speed   3.7 (+13) sample/sec  loss-ce = 0.63502, top1 = 0.81250, top5 = 0.93750  
2020-03-25 18:25:58: Epoch [6]   Batch [50]   Speed   3.4 (+13) sample/sec  loss-ce = 0.58901, top1 = 0.84625, top5 = 0.98000  
2020-03-25 18:29:55: Epoch [6]   Batch [100]  Speed   3.4 (+13) sample/sec  loss-ce = 0.67490, top1 = 0.82250, top5 = 0.97000  
2020-03-25 18:33:55: Epoch [6]   Batch [150]  Speed   3.3 (+13) sample/sec  loss-ce = 0.64789, top1 = 0.82500, top5 = 0.96625  
2020-03-25 18:37:53: Epoch [6]   Batch [200]  Speed   3.4 (+13) sample/sec  loss-ce = 0.59978, top1 = 0.83250, top5 = 0.97125  
2020-03-25 18:39:39: Epoch [6]   time cost: 1060.22 sec (0.29 h)
2020-03-25 18:39:39: Start epoch 7:
2020-03-25 18:39:43: Epoch [7]   Batch [0]    Speed   3.6 (+13) sample/sec  loss-ce = 0.95206, top1 = 0.68750, top5 = 0.87500  
2020-03-25 18:43:44: Epoch [7]   Batch [50]   Speed   3.3 (+13) sample/sec  loss-ce = 0.56559, top1 = 0.84875, top5 = 0.97375  
2020-03-25 18:47:51: Epoch [7]   Batch [100]  Speed   3.2 (+14) sample/sec  loss-ce = 0.54807, top1 = 0.85500, top5 = 0.97500  
2020-03-25 18:51:48: Epoch [7]   Batch [150]  Speed   3.4 (+13) sample/sec  loss-ce = 0.55597, top1 = 0.84750, top5 = 0.98000  
2020-03-25 18:55:49: Epoch [7]   Batch [200]  Speed   3.3 (+13) sample/sec  loss-ce = 0.56869, top1 = 0.83375, top5 = 0.97375  
2020-03-25 18:57:35: Epoch [7]   time cost: 1076.90 sec (0.30 h)
2020-03-25 18:57:35: Checkpoint (model & optimizer) saved to: ./exps/models/archive/Viax_Liao_ep-0008.pth
2020-03-25 18:57:35: Start evaluating epoch 7:
2020-03-25 19:01:50: Epoch [7]   Batch [191]  Speed   6.0 (+49) sample/sec  loss-ce = 1.16123, top1 = 0.68301, top5 = 0.92092  
2020-03-25 19:01:50: Current best epoch found with top5 accuracy 0.92092 at epoch 8, saved
2020-03-25 19:01:50: Current best epoch found with top1 accuracy 0.68301 at epoch 8, saved
2020-03-25 19:01:50: Start epoch 8:
2020-03-25 19:01:55: Epoch [8]   Batch [0]    Speed   3.0 (+13) sample/sec  loss-ce = 1.11652, top1 = 0.81250, top5 = 0.87500  
2020-03-25 19:05:53: Epoch [8]   Batch [50]   Speed   3.4 (+13) sample/sec  loss-ce = 0.51035, top1 = 0.87375, top5 = 0.98000  
2020-03-25 19:09:54: Epoch [8]   Batch [100]  Speed   3.3 (+13) sample/sec  loss-ce = 0.52931, top1 = 0.85625, top5 = 0.97250  
2020-03-25 19:13:51: Epoch [8]   Batch [150]  Speed   3.4 (+13) sample/sec  loss-ce = 0.49284, top1 = 0.86125, top5 = 0.98000  
2020-03-25 19:17:50: Epoch [8]   Batch [200]  Speed   3.3 (+13) sample/sec  loss-ce = 0.50379, top1 = 0.85000, top5 = 0.97875  
2020-03-25 19:19:35: Epoch [8]   time cost: 1064.56 sec (0.30 h)
2020-03-25 19:19:35: Start epoch 9:
2020-03-25 19:19:40: Epoch [9]   Batch [0]    Speed   3.1 (+14) sample/sec  loss-ce = 0.18075, top1 = 1.00000, top5 = 1.00000  
2020-03-25 19:23:40: Epoch [9]   Batch [50]   Speed   3.3 (+13) sample/sec  loss-ce = 0.46021, top1 = 0.89250, top5 = 0.97750  
2020-03-25 19:27:40: Epoch [9]   Batch [100]  Speed   3.3 (+13) sample/sec  loss-ce = 0.51328, top1 = 0.85375, top5 = 0.97625  
2020-03-25 19:31:37: Epoch [9]   Batch [150]  Speed   3.4 (+13) sample/sec  loss-ce = 0.48603, top1 = 0.85750, top5 = 0.97625  
2020-03-25 19:35:31: Epoch [9]   Batch [200]  Speed   3.4 (+13) sample/sec  loss-ce = 0.52480, top1 = 0.85875, top5 = 0.97375  
2020-03-25 19:37:17: Epoch [9]   time cost: 1062.50 sec (0.30 h)
2020-03-25 19:37:17: Start epoch 10:
2020-03-25 19:37:22: Epoch [10]  Batch [0]    Speed   3.3 (+13) sample/sec  loss-ce = 0.74018, top1 = 0.68750, top5 = 1.00000  
2020-03-25 19:41:22: Epoch [10]  Batch [50]   Speed   3.3 (+13) sample/sec  loss-ce = 0.42060, top1 = 0.88500, top5 = 0.98125  
2020-03-25 19:45:21: Epoch [10]  Batch [100]  Speed   3.3 (+13) sample/sec  loss-ce = 0.46259, top1 = 0.86875, top5 = 0.97625  
2020-03-25 19:49:20: Epoch [10]  Batch [150]  Speed   3.4 (+13) sample/sec  loss-ce = 0.48464, top1 = 0.86875, top5 = 0.98625  
2020-03-25 19:53:21: Epoch [10]  Batch [200]  Speed   3.3 (+13) sample/sec  loss-ce = 0.46146, top1 = 0.87750, top5 = 0.97500  
2020-03-25 19:55:05: Epoch [10]   time cost: 1068.21 sec (0.30 h)
2020-03-25 19:55:05: Start epoch 11:
2020-03-25 19:55:10: Epoch [11]  Batch [0]    Speed   3.9 (+13) sample/sec  loss-ce = 0.47302, top1 = 0.93750, top5 = 1.00000  
2020-03-25 19:59:04: Epoch [11]  Batch [50]   Speed   3.4 (+13) sample/sec  loss-ce = 0.41251, top1 = 0.88875, top5 = 0.98750  
2020-03-25 20:03:05: Epoch [11]  Batch [100]  Speed   3.3 (+13) sample/sec  loss-ce = 0.37961, top1 = 0.89500, top5 = 0.98750  
2020-03-25 20:07:03: Epoch [11]  Batch [150]  Speed   3.4 (+13) sample/sec  loss-ce = 0.45684, top1 = 0.86375, top5 = 0.97750  
2020-03-25 20:11:02: Epoch [11]  Batch [200]  Speed   3.3 (+13) sample/sec  loss-ce = 0.40716, top1 = 0.89500, top5 = 0.98375  
2020-03-25 20:12:48: Epoch [11]   time cost: 1062.72 sec (0.30 h)
2020-03-25 20:12:48: Start evaluating epoch 11:
2020-03-25 20:17:03: Epoch [11]  Batch [191]  Speed   6.0 (+49) sample/sec  loss-ce = 1.19209, top1 = 0.68431, top5 = 0.91830  
2020-03-25 20:17:03: Checkpoint (model & optimizer) saved to: ./exps/models/archive/Viax_Liao_ep-0012.pth
2020-03-25 20:17:03: Current best epoch found with top1 accuracy 0.68431 at epoch 12, saved
2020-03-25 20:17:03: Start epoch 12:
2020-03-25 20:17:07: Epoch [12]  Batch [0]    Speed   3.6 (+13) sample/sec  loss-ce = 0.11860, top1 = 1.00000, top5 = 1.00000  
2020-03-25 20:21:05: Epoch [12]  Batch [50]   Speed   3.4 (+13) sample/sec  loss-ce = 0.42150, top1 = 0.88250, top5 = 0.98875  
2020-03-25 20:25:01: Epoch [12]  Batch [100]  Speed   3.4 (+13) sample/sec  loss-ce = 0.38467, top1 = 0.89250, top5 = 0.98750  
2020-03-25 20:28:59: Epoch [12]  Batch [150]  Speed   3.4 (+13) sample/sec  loss-ce = 0.40235, top1 = 0.88000, top5 = 0.98625  
2020-03-25 20:33:01: Epoch [12]  Batch [200]  Speed   3.3 (+13) sample/sec  loss-ce = 0.35511, top1 = 0.90750, top5 = 0.98625  
2020-03-25 20:34:49: Epoch [12]   time cost: 1065.70 sec (0.30 h)
2020-03-25 20:34:49: Start epoch 13:
2020-03-25 20:34:54: Epoch [13]  Batch [0]    Speed   3.4 (+14) sample/sec  loss-ce = 0.12593, top1 = 1.00000, top5 = 1.00000  
2020-03-25 20:38:56: Epoch [13]  Batch [50]   Speed   3.3 (+13) sample/sec  loss-ce = 0.32580, top1 = 0.90625, top5 = 0.99125  
2020-03-25 20:42:53: Epoch [13]  Batch [100]  Speed   3.4 (+13) sample/sec  loss-ce = 0.38673, top1 = 0.91000, top5 = 0.98375  
2020-03-25 20:46:54: Epoch [13]  Batch [150]  Speed   3.3 (+13) sample/sec  loss-ce = 0.37571, top1 = 0.89500, top5 = 0.98750  
2020-03-25 20:50:55: Epoch [13]  Batch [200]  Speed   3.3 (+13) sample/sec  loss-ce = 0.40089, top1 = 0.88375, top5 = 0.98000  
2020-03-25 20:51:58: Iter: 3125, change learning rate to 5.00000e-04 for step [3125:6250)
2020-03-25 20:52:42: Epoch [13]   time cost: 1072.96 sec (0.30 h)
2020-03-25 20:52:42: Start epoch 14:
2020-03-25 20:52:46: Epoch [14]  Batch [0]    Speed   3.6 (+13) sample/sec  loss-ce = 0.60994, top1 = 0.81250, top5 = 1.00000  
2020-03-25 20:56:47: Epoch [14]  Batch [50]   Speed   3.3 (+13) sample/sec  loss-ce = 0.31186, top1 = 0.91875, top5 = 0.99250  
2020-03-25 21:00:46: Epoch [14]  Batch [100]  Speed   3.3 (+13) sample/sec  loss-ce = 0.34163, top1 = 0.91875, top5 = 0.98750  
2020-03-25 21:04:44: Epoch [14]  Batch [150]  Speed   3.4 (+13) sample/sec  loss-ce = 0.31632, top1 = 0.91125, top5 = 0.98625  
2020-03-25 21:08:41: Epoch [14]  Batch [200]  Speed   3.4 (+13) sample/sec  loss-ce = 0.32178, top1 = 0.91125, top5 = 0.98750  
2020-03-25 21:10:27: Epoch [14]   time cost: 1065.41 sec (0.30 h)
2020-03-25 21:10:27: Start epoch 15:
2020-03-25 21:10:32: Epoch [15]  Batch [0]    Speed   3.1 (+14) sample/sec  loss-ce = 0.41640, top1 = 0.87500, top5 = 1.00000  
2020-03-25 21:14:31: Epoch [15]  Batch [50]   Speed   3.4 (+13) sample/sec  loss-ce = 0.30569, top1 = 0.93125, top5 = 0.98750  
2020-03-25 21:18:29: Epoch [15]  Batch [100]  Speed   3.4 (+13) sample/sec  loss-ce = 0.31705, top1 = 0.93125, top5 = 0.99000  
2020-03-25 21:22:30: Epoch [15]  Batch [150]  Speed   3.3 (+13) sample/sec  loss-ce = 0.35382, top1 = 0.91875, top5 = 0.98000  
2020-03-25 21:26:29: Epoch [15]  Batch [200]  Speed   3.4 (+13) sample/sec  loss-ce = 0.29978, top1 = 0.92375, top5 = 0.99375  
2020-03-25 21:28:16: Epoch [15]   time cost: 1068.72 sec (0.30 h)
2020-03-25 21:28:16: Checkpoint (model & optimizer) saved to: ./exps/models/archive/Viax_Liao_ep-0016.pth
2020-03-25 21:28:16: Start evaluating epoch 15:
2020-03-25 21:32:29: Epoch [15]  Batch [191]  Speed   6.0 (+49) sample/sec  loss-ce = 1.19662, top1 = 0.67320, top5 = 0.91765  
2020-03-25 21:32:29: Start epoch 16:
2020-03-25 21:32:34: Epoch [16]  Batch [0]    Speed   3.2 (+13) sample/sec  loss-ce = 0.20542, top1 = 1.00000, top5 = 1.00000  
2020-03-25 21:36:32: Epoch [16]  Batch [50]   Speed   3.4 (+13) sample/sec  loss-ce = 0.27096, top1 = 0.93875, top5 = 0.99250  
2020-03-25 21:40:29: Epoch [16]  Batch [100]  Speed   3.4 (+13) sample/sec  loss-ce = 0.34106, top1 = 0.92125, top5 = 0.99125  
2020-03-25 21:44:30: Epoch [16]  Batch [150]  Speed   3.3 (+13) sample/sec  loss-ce = 0.27927, top1 = 0.93500, top5 = 0.99375  
2020-03-25 21:48:26: Epoch [16]  Batch [200]  Speed   3.4 (+13) sample/sec  loss-ce = 0.32005, top1 = 0.91750, top5 = 0.99250  
2020-03-25 21:50:12: Epoch [16]   time cost: 1062.95 sec (0.30 h)
2020-03-25 21:50:12: Start epoch 17:
2020-03-25 21:50:17: Epoch [17]  Batch [0]    Speed   3.2 (+14) sample/sec  loss-ce = 0.15357, top1 = 0.93750, top5 = 1.00000  
2020-03-25 21:54:23: Epoch [17]  Batch [50]   Speed   3.3 (+13) sample/sec  loss-ce = 0.30361, top1 = 0.92875, top5 = 0.98875  
2020-03-25 21:58:23: Epoch [17]  Batch [100]  Speed   3.3 (+13) sample/sec  loss-ce = 0.27185, top1 = 0.93875, top5 = 0.99375  
2020-03-25 22:02:21: Epoch [17]  Batch [150]  Speed   3.4 (+13) sample/sec  loss-ce = 0.31633, top1 = 0.92875, top5 = 0.99500  
2020-03-25 22:06:18: Epoch [17]  Batch [200]  Speed   3.4 (+13) sample/sec  loss-ce = 0.29276, top1 = 0.93250, top5 = 0.99125  
2020-03-25 22:08:06: Epoch [17]   time cost: 1073.84 sec (0.30 h)
2020-03-25 22:08:06: Start epoch 18:
2020-03-25 22:08:11: Epoch [18]  Batch [0]    Speed   3.4 (+13) sample/sec  loss-ce = 0.25365, top1 = 0.93750, top5 = 1.00000  
2020-03-25 22:12:07: Epoch [18]  Batch [50]   Speed   3.4 (+13) sample/sec  loss-ce = 0.29837, top1 = 0.93250, top5 = 0.98750  
2020-03-25 22:16:05: Epoch [18]  Batch [100]  Speed   3.4 (+13) sample/sec  loss-ce = 0.26220, top1 = 0.94250, top5 = 0.99625  
2020-03-25 22:20:03: Epoch [18]  Batch [150]  Speed   3.4 (+13) sample/sec  loss-ce = 0.29862, top1 = 0.92500, top5 = 0.98875  
2020-03-25 22:24:01: Epoch [18]  Batch [200]  Speed   3.4 (+13) sample/sec  loss-ce = 0.33058, top1 = 0.92125, top5 = 0.99250  
2020-03-25 22:25:47: Epoch [18]   time cost: 1060.91 sec (0.29 h)
2020-03-25 22:25:47: Start epoch 19:
2020-03-25 22:25:52: Epoch [19]  Batch [0]    Speed   3.5 (+13) sample/sec  loss-ce = 0.17766, top1 = 1.00000, top5 = 1.00000  
2020-03-25 22:29:47: Epoch [19]  Batch [50]   Speed   3.4 (+13) sample/sec  loss-ce = 0.29128, top1 = 0.93125, top5 = 0.98750  
2020-03-25 22:33:48: Epoch [19]  Batch [100]  Speed   3.3 (+13) sample/sec  loss-ce = 0.32952, top1 = 0.91750, top5 = 0.99000  
2020-03-25 22:37:42: Epoch [19]  Batch [150]  Speed   3.4 (+13) sample/sec  loss-ce = 0.27502, top1 = 0.93000, top5 = 0.99250  
2020-03-25 22:41:39: Epoch [19]  Batch [200]  Speed   3.4 (+13) sample/sec  loss-ce = 0.32199, top1 = 0.92625, top5 = 0.99125  
2020-03-25 22:43:25: Epoch [19]   time cost: 1058.07 sec (0.29 h)
2020-03-25 22:43:25: Start evaluating epoch 19:
2020-03-25 22:47:39: Epoch [19]  Batch [191]  Speed   6.0 (+49) sample/sec  loss-ce = 1.21140, top1 = 0.67451, top5 = 0.91242  
2020-03-25 22:47:39: Start epoch 20:
2020-03-25 22:47:44: Epoch [20]  Batch [0]    Speed   3.3 (+13) sample/sec  loss-ce = 0.18506, top1 = 1.00000, top5 = 1.00000  
2020-03-25 22:51:42: Epoch [20]  Batch [50]   Speed   3.4 (+13) sample/sec  loss-ce = 0.26489, top1 = 0.93375, top5 = 0.99750  
2020-03-25 22:55:39: Epoch [20]  Batch [100]  Speed   3.4 (+13) sample/sec  loss-ce = 0.33901, top1 = 0.91625, top5 = 0.98750  
2020-03-25 22:59:38: Epoch [20]  Batch [150]  Speed   3.3 (+13) sample/sec  loss-ce = 0.25048, top1 = 0.94125, top5 = 0.99625  
2020-03-25 23:03:38: Epoch [20]  Batch [200]  Speed   3.3 (+13) sample/sec  loss-ce = 0.29582, top1 = 0.92875, top5 = 0.98875  
2020-03-25 23:05:28: Epoch [20]   time cost: 1068.88 sec (0.30 h)
2020-03-25 23:05:28: Start epoch 21:
2020-03-25 23:05:33: Epoch [21]  Batch [0]    Speed   3.3 (+14) sample/sec  loss-ce = 0.41623, top1 = 0.93750, top5 = 0.93750  
2020-03-25 23:09:31: Epoch [21]  Batch [50]   Speed   3.4 (+13) sample/sec  loss-ce = 0.26787, top1 = 0.94375, top5 = 0.99875  
2020-03-25 23:13:26: Epoch [21]  Batch [100]  Speed   3.4 (+13) sample/sec  loss-ce = 0.26028, top1 = 0.93875, top5 = 0.99750  
2020-03-25 23:17:23: Epoch [21]  Batch [150]  Speed   3.4 (+13) sample/sec  loss-ce = 0.27142, top1 = 0.93375, top5 = 0.99375  
2020-03-25 23:21:19: Epoch [21]  Batch [200]  Speed   3.4 (+13) sample/sec  loss-ce = 0.35285, top1 = 0.92125, top5 = 0.98875  
2020-03-25 23:23:07: Epoch [21]   time cost: 1058.80 sec (0.29 h)
2020-03-25 23:23:07: Start epoch 22:
2020-03-25 23:23:11: Epoch [22]  Batch [0]    Speed   3.6 (+13) sample/sec  loss-ce = 0.06824, top1 = 1.00000, top5 = 1.00000  
2020-03-25 23:27:09: Epoch [22]  Batch [50]   Speed   3.4 (+13) sample/sec  loss-ce = 0.24481, top1 = 0.95750, top5 = 0.99375  
2020-03-25 23:31:11: Epoch [22]  Batch [100]  Speed   3.3 (+13) sample/sec  loss-ce = 0.29824, top1 = 0.93250, top5 = 0.99000  
2020-03-25 23:35:12: Epoch [22]  Batch [150]  Speed   3.3 (+13) sample/sec  loss-ce = 0.25925, top1 = 0.94375, top5 = 0.99500  
2020-03-25 23:39:09: Epoch [22]  Batch [200]  Speed   3.4 (+13) sample/sec  loss-ce = 0.30939, top1 = 0.92000, top5 = 0.98250  
2020-03-25 23:40:56: Epoch [22]   time cost: 1069.36 sec (0.30 h)
2020-03-25 23:40:56: Start epoch 23:
2020-03-25 23:41:01: Epoch [23]  Batch [0]    Speed   3.5 (+13) sample/sec  loss-ce = 0.11527, top1 = 1.00000, top5 = 1.00000  
2020-03-25 23:45:00: Epoch [23]  Batch [50]   Speed   3.3 (+13) sample/sec  loss-ce = 0.28792, top1 = 0.92375, top5 = 0.99125  
2020-03-25 23:48:59: Epoch [23]  Batch [100]  Speed   3.3 (+13) sample/sec  loss-ce = 0.24847, top1 = 0.94125, top5 = 0.99375  
2020-03-25 23:52:56: Epoch [23]  Batch [150]  Speed   3.4 (+13) sample/sec  loss-ce = 0.26834, top1 = 0.93750, top5 = 0.98750  
2020-03-25 23:56:56: Epoch [23]  Batch [200]  Speed   3.3 (+13) sample/sec  loss-ce = 0.25715, top1 = 0.94250, top5 = 0.99750  
2020-03-25 23:58:45: Epoch [23]   time cost: 1068.40 sec (0.30 h)
2020-03-25 23:58:45: Checkpoint (model & optimizer) saved to: ./exps/models/archive/Viax_Liao_ep-0024.pth
2020-03-25 23:58:45: Start evaluating epoch 23:
2020-03-26 00:02:59: Epoch [23]  Batch [191]  Speed   6.0 (+49) sample/sec  loss-ce = 1.24811, top1 = 0.66928, top5 = 0.91699  
2020-03-26 00:02:59: Start epoch 24:
2020-03-26 00:03:03: Epoch [24]  Batch [0]    Speed   3.5 (+13) sample/sec  loss-ce = 0.23230, top1 = 0.93750, top5 = 1.00000  
2020-03-26 00:06:59: Epoch [24]  Batch [50]   Speed   3.4 (+13) sample/sec  loss-ce = 0.25211, top1 = 0.94375, top5 = 0.99625  
2020-03-26 00:10:57: Epoch [24]  Batch [100]  Speed   3.4 (+13) sample/sec  loss-ce = 0.26242, top1 = 0.93375, top5 = 0.99500  
2020-03-26 00:14:52: Epoch [24]  Batch [150]  Speed   3.4 (+13) sample/sec  loss-ce = 0.27721, top1 = 0.93125, top5 = 0.99625  
2020-03-26 00:18:56: Epoch [24]  Batch [200]  Speed   3.3 (+13) sample/sec  loss-ce = 0.26520, top1 = 0.93875, top5 = 0.99625  
2020-03-26 00:20:39: Epoch [24]   time cost: 1060.33 sec (0.29 h)
2020-03-26 00:20:39: Start epoch 25:
2020-03-26 00:20:44: Epoch [25]  Batch [0]    Speed   3.2 (+14) sample/sec  loss-ce = 0.12319, top1 = 1.00000, top5 = 1.00000  
2020-03-26 00:24:44: Epoch [25]  Batch [50]   Speed   3.3 (+13) sample/sec  loss-ce = 0.30333, top1 = 0.92000, top5 = 0.99125  
2020-03-26 00:28:46: Epoch [25]  Batch [100]  Speed   3.3 (+13) sample/sec  loss-ce = 0.28799, top1 = 0.93500, top5 = 0.99000  
2020-03-26 00:32:44: Epoch [25]  Batch [150]  Speed   3.3 (+13) sample/sec  loss-ce = 0.25850, top1 = 0.93625, top5 = 0.99375  
2020-03-26 00:36:45: Epoch [25]  Batch [200]  Speed   3.3 (+13) sample/sec  loss-ce = 0.27271, top1 = 0.94250, top5 = 0.99250  
2020-03-26 00:38:30: Epoch [25]   time cost: 1070.57 sec (0.30 h)
2020-03-26 00:38:30: Start epoch 26:
2020-03-26 00:38:34: Epoch [26]  Batch [0]    Speed   3.7 (+13) sample/sec  loss-ce = 0.24317, top1 = 0.87500, top5 = 1.00000  
2020-03-26 00:42:30: Epoch [26]  Batch [50]   Speed   3.4 (+13) sample/sec  loss-ce = 0.26200, top1 = 0.94125, top5 = 0.98875  
2020-03-26 00:46:28: Epoch [26]  Batch [100]  Speed   3.4 (+13) sample/sec  loss-ce = 0.21744, top1 = 0.95250, top5 = 0.99500  
2020-03-26 00:50:26: Epoch [26]  Batch [150]  Speed   3.4 (+13) sample/sec  loss-ce = 0.30202, top1 = 0.93750, top5 = 0.98750  
2020-03-26 00:54:27: Epoch [26]  Batch [200]  Speed   3.3 (+13) sample/sec  loss-ce = 0.25463, top1 = 0.93750, top5 = 0.99375  
2020-03-26 00:56:14: Epoch [26]   time cost: 1064.19 sec (0.30 h)
2020-03-26 00:56:14: Start epoch 27:
2020-03-26 00:56:19: Epoch [27]  Batch [0]    Speed   3.0 (+14) sample/sec  loss-ce = 0.14142, top1 = 1.00000, top5 = 1.00000  
2020-03-26 01:00:19: Epoch [27]  Batch [50]   Speed   3.3 (+13) sample/sec  loss-ce = 0.23828, top1 = 0.95125, top5 = 0.99250  
2020-03-26 01:04:17: Epoch [27]  Batch [100]  Speed   3.4 (+13) sample/sec  loss-ce = 0.27400, top1 = 0.94000, top5 = 0.98625  
2020-03-26 01:08:18: Epoch [27]  Batch [150]  Speed   3.3 (+13) sample/sec  loss-ce = 0.24885, top1 = 0.94250, top5 = 0.99250  
2020-03-26 01:12:17: Epoch [27]  Batch [200]  Speed   3.4 (+13) sample/sec  loss-ce = 0.30059, top1 = 0.92875, top5 = 0.99000  
2020-03-26 01:12:26: Iter: 6250, change learning rate to 5.00000e-05 for step [6250:9375)
2020-03-26 01:14:04: Epoch [27]   time cost: 1070.25 sec (0.30 h)
2020-03-26 01:14:04: Start evaluating epoch 27:
2020-03-26 01:18:19: Epoch [27]  Batch [191]  Speed   6.0 (+49) sample/sec  loss-ce = 1.23278, top1 = 0.67124, top5 = 0.92092  
2020-03-26 01:18:19: Start epoch 28:
2020-03-26 01:18:23: Epoch [28]  Batch [0]    Speed   3.6 (+12) sample/sec  loss-ce = 0.30237, top1 = 0.93750, top5 = 1.00000  
2020-03-26 01:22:20: Epoch [28]  Batch [50]   Speed   3.4 (+13) sample/sec  loss-ce = 0.24325, top1 = 0.94750, top5 = 0.99500  
2020-03-26 01:26:14: Epoch [28]  Batch [100]  Speed   3.4 (+13) sample/sec  loss-ce = 0.26541, top1 = 0.93625, top5 = 0.99750  
2020-03-26 01:30:12: Epoch [28]  Batch [150]  Speed   3.4 (+13) sample/sec  loss-ce = 0.25457, top1 = 0.94000, top5 = 0.99500  
2020-03-26 01:34:11: Epoch [28]  Batch [200]  Speed   3.3 (+13) sample/sec  loss-ce = 0.26350, top1 = 0.93250, top5 = 0.99250  
2020-03-26 01:35:57: Epoch [28]   time cost: 1058.42 sec (0.29 h)
2020-03-26 01:35:57: Start epoch 29:
2020-03-26 01:36:03: Epoch [29]  Batch [0]    Speed   3.1 (+14) sample/sec  loss-ce = 0.30744, top1 = 1.00000, top5 = 1.00000  
2020-03-26 01:40:00: Epoch [29]  Batch [50]   Speed   3.4 (+13) sample/sec  loss-ce = 0.24962, top1 = 0.94125, top5 = 0.99250  
2020-03-26 01:43:57: Epoch [29]  Batch [100]  Speed   3.4 (+13) sample/sec  loss-ce = 0.27596, top1 = 0.93375, top5 = 0.99375  
2020-03-26 01:47:53: Epoch [29]  Batch [150]  Speed   3.4 (+13) sample/sec  loss-ce = 0.26177, top1 = 0.94500, top5 = 0.99500  
2020-03-26 01:51:53: Epoch [29]  Batch [200]  Speed   3.3 (+13) sample/sec  loss-ce = 0.29480, top1 = 0.92625, top5 = 0.99250  
2020-03-26 01:53:39: Epoch [29]   time cost: 1061.71 sec (0.29 h)
2020-03-26 01:53:39: Start epoch 30:
2020-03-26 01:53:44: Epoch [30]  Batch [0]    Speed   3.6 (+13) sample/sec  loss-ce = 0.33936, top1 = 0.87500, top5 = 1.00000  
2020-03-26 01:57:44: Epoch [30]  Batch [50]   Speed   3.3 (+13) sample/sec  loss-ce = 0.25709, top1 = 0.94250, top5 = 0.99500  
2020-03-26 02:01:42: Epoch [30]  Batch [100]  Speed   3.4 (+13) sample/sec  loss-ce = 0.27966, top1 = 0.93000, top5 = 0.98875  
2020-03-26 02:05:41: Epoch [30]  Batch [150]  Speed   3.3 (+13) sample/sec  loss-ce = 0.24243, top1 = 0.93625, top5 = 0.99250  
2020-03-26 02:09:43: Epoch [30]  Batch [200]  Speed   3.3 (+13) sample/sec  loss-ce = 0.27514, top1 = 0.93000, top5 = 0.99125  
2020-03-26 02:11:32: Epoch [30]   time cost: 1072.73 sec (0.30 h)
2020-03-26 02:11:32: Start epoch 31:
2020-03-26 02:11:36: Epoch [31]  Batch [0]    Speed   3.6 (+13) sample/sec  loss-ce = 0.15476, top1 = 1.00000, top5 = 1.00000  
2020-03-26 02:15:38: Epoch [31]  Batch [50]   Speed   3.3 (+13) sample/sec  loss-ce = 0.27728, top1 = 0.92875, top5 = 0.99500  
2020-03-26 02:19:39: Epoch [31]  Batch [100]  Speed   3.3 (+13) sample/sec  loss-ce = 0.27205, top1 = 0.93625, top5 = 0.99375  
2020-03-26 02:23:39: Epoch [31]  Batch [150]  Speed   3.3 (+13) sample/sec  loss-ce = 0.25793, top1 = 0.94375, top5 = 0.99500  
2020-03-26 02:27:37: Epoch [31]  Batch [200]  Speed   3.4 (+13) sample/sec  loss-ce = 0.22334, top1 = 0.95625, top5 = 0.99750  
2020-03-26 02:29:26: Epoch [31]   time cost: 1074.06 sec (0.30 h)
2020-03-26 02:29:26: Checkpoint (model & optimizer) saved to: ./exps/models/archive/Viax_Liao_ep-0032.pth
2020-03-26 02:29:26: Start evaluating epoch 31:
2020-03-26 02:33:39: Epoch [31]  Batch [191]  Speed   6.0 (+49) sample/sec  loss-ce = 1.22634, top1 = 0.67974, top5 = 0.91242  
2020-03-26 02:33:39: Start epoch 32:
2020-03-26 02:33:44: Epoch [32]  Batch [0]    Speed   3.5 (+13) sample/sec  loss-ce = 0.24818, top1 = 0.93750, top5 = 1.00000  
2020-03-26 02:37:37: Epoch [32]  Batch [50]   Speed   3.4 (+13) sample/sec  loss-ce = 0.26943, top1 = 0.93375, top5 = 0.99125  
2020-03-26 02:41:30: Epoch [32]  Batch [100]  Speed   3.4 (+13) sample/sec  loss-ce = 0.24881, top1 = 0.94750, top5 = 0.99500  
2020-03-26 02:45:30: Epoch [32]  Batch [150]  Speed   3.3 (+13) sample/sec  loss-ce = 0.25362, top1 = 0.95125, top5 = 0.99125  
2020-03-26 02:49:30: Epoch [32]  Batch [200]  Speed   3.3 (+13) sample/sec  loss-ce = 0.27299, top1 = 0.93875, top5 = 0.99000  
2020-03-26 02:51:18: Epoch [32]   time cost: 1058.88 sec (0.29 h)
2020-03-26 02:51:18: Start epoch 33:
2020-03-26 02:51:23: Epoch [33]  Batch [0]    Speed   3.4 (+13) sample/sec  loss-ce = 0.08218, top1 = 1.00000, top5 = 1.00000  
2020-03-26 02:55:23: Epoch [33]  Batch [50]   Speed   3.3 (+13) sample/sec  loss-ce = 0.26634, top1 = 0.93750, top5 = 0.99375  
2020-03-26 02:59:21: Epoch [33]  Batch [100]  Speed   3.4 (+13) sample/sec  loss-ce = 0.24651, top1 = 0.93750, top5 = 0.99875  
2020-03-26 03:03:21: Epoch [33]  Batch [150]  Speed   3.3 (+13) sample/sec  loss-ce = 0.25557, top1 = 0.94000, top5 = 0.98875  
2020-03-26 03:07:21: Epoch [33]  Batch [200]  Speed   3.3 (+13) sample/sec  loss-ce = 0.27092, top1 = 0.93250, top5 = 0.99000  
2020-03-26 03:09:05: Epoch [33]   time cost: 1066.98 sec (0.30 h)
2020-03-26 03:09:05: Start epoch 34:
2020-03-26 03:09:10: Epoch [34]  Batch [0]    Speed   3.3 (+14) sample/sec  loss-ce = 0.08995, top1 = 1.00000, top5 = 1.00000  
2020-03-26 03:13:10: Epoch [34]  Batch [50]   Speed   3.3 (+13) sample/sec  loss-ce = 0.26224, top1 = 0.94375, top5 = 0.99000  
2020-03-26 03:17:08: Epoch [34]  Batch [100]  Speed   3.4 (+13) sample/sec  loss-ce = 0.27501, top1 = 0.93625, top5 = 0.99250  
2020-03-26 03:21:06: Epoch [34]  Batch [150]  Speed   3.4 (+13) sample/sec  loss-ce = 0.25301, top1 = 0.94500, top5 = 0.99625  
2020-03-26 03:25:04: Epoch [34]  Batch [200]  Speed   3.4 (+13) sample/sec  loss-ce = 0.23273, top1 = 0.94375, top5 = 0.99375  
2020-03-26 03:26:51: Epoch [34]   time cost: 1065.59 sec (0.30 h)
2020-03-26 03:26:51: Start epoch 35:
2020-03-26 03:26:57: Epoch [35]  Batch [0]    Speed   2.8 (+14) sample/sec  loss-ce = 0.11987, top1 = 1.00000, top5 = 1.00000  
2020-03-26 03:31:00: Epoch [35]  Batch [50]   Speed   3.3 (+13) sample/sec  loss-ce = 0.25055, top1 = 0.93375, top5 = 0.99500  
2020-03-26 03:34:59: Epoch [35]  Batch [100]  Speed   3.3 (+13) sample/sec  loss-ce = 0.30664, top1 = 0.91750, top5 = 0.99375  
2020-03-26 03:38:56: Epoch [35]  Batch [150]  Speed   3.4 (+13) sample/sec  loss-ce = 0.27921, top1 = 0.93500, top5 = 0.98875  
2020-03-26 03:42:55: Epoch [35]  Batch [200]  Speed   3.3 (+13) sample/sec  loss-ce = 0.27317, top1 = 0.94625, top5 = 0.99375  
2020-03-26 03:44:43: Epoch [35]   time cost: 1071.95 sec (0.30 h)
2020-03-26 03:44:43: Start evaluating epoch 35:
2020-03-26 03:48:56: Epoch [35]  Batch [191]  Speed   6.0 (+49) sample/sec  loss-ce = 1.23223, top1 = 0.67451, top5 = 0.92026  
2020-03-26 03:48:56: Start epoch 36:
2020-03-26 03:49:01: Epoch [36]  Batch [0]    Speed   3.4 (+13) sample/sec  loss-ce = 0.16022, top1 = 0.93750, top5 = 1.00000  
2020-03-26 03:53:04: Epoch [36]  Batch [50]   Speed   3.3 (+13) sample/sec  loss-ce = 0.26184, top1 = 0.92625, top5 = 0.99625  
2020-03-26 03:57:04: Epoch [36]  Batch [100]  Speed   3.3 (+13) sample/sec  loss-ce = 0.25415, top1 = 0.93625, top5 = 0.99500  
2020-03-26 04:01:02: Epoch [36]  Batch [150]  Speed   3.4 (+13) sample/sec  loss-ce = 0.28577, top1 = 0.93750, top5 = 0.99250  
2020-03-26 04:05:06: Epoch [36]  Batch [200]  Speed   3.3 (+13) sample/sec  loss-ce = 0.28669, top1 = 0.92500, top5 = 0.99375  
2020-03-26 04:06:52: Epoch [36]   time cost: 1075.41 sec (0.30 h)
2020-03-26 04:06:52: Start epoch 37:
2020-03-26 04:06:56: Epoch [37]  Batch [0]    Speed   3.4 (+13) sample/sec  loss-ce = 0.22355, top1 = 0.93750, top5 = 1.00000  
2020-03-26 04:10:57: Epoch [37]  Batch [50]   Speed   3.3 (+13) sample/sec  loss-ce = 0.22168, top1 = 0.95000, top5 = 0.99500  
2020-03-26 04:14:55: Epoch [37]  Batch [100]  Speed   3.4 (+13) sample/sec  loss-ce = 0.27467, top1 = 0.93250, top5 = 0.99250  
2020-03-26 04:18:55: Epoch [37]  Batch [150]  Speed   3.3 (+13) sample/sec  loss-ce = 0.26368, top1 = 0.93750, top5 = 0.99625  
2020-03-26 04:22:57: Epoch [37]  Batch [200]  Speed   3.3 (+13) sample/sec  loss-ce = 0.26798, top1 = 0.94000, top5 = 0.98875  
2020-03-26 04:24:45: Epoch [37]   time cost: 1073.05 sec (0.30 h)
2020-03-26 04:24:45: Start epoch 38:
2020-03-26 04:24:49: Epoch [38]  Batch [0]    Speed   3.8 (+13) sample/sec  loss-ce = 0.20389, top1 = 1.00000, top5 = 1.00000  
2020-03-26 04:28:50: Epoch [38]  Batch [50]   Speed   3.3 (+13) sample/sec  loss-ce = 0.26297, top1 = 0.93625, top5 = 0.99250  
2020-03-26 04:32:52: Epoch [38]  Batch [100]  Speed   3.3 (+14) sample/sec  loss-ce = 0.22422, top1 = 0.95000, top5 = 0.99625  
2020-03-26 04:36:49: Epoch [38]  Batch [150]  Speed   3.4 (+13) sample/sec  loss-ce = 0.30126, top1 = 0.92750, top5 = 0.99250  
2020-03-26 04:40:49: Epoch [38]  Batch [200]  Speed   3.3 (+13) sample/sec  loss-ce = 0.24337, top1 = 0.95250, top5 = 0.99125  
2020-03-26 04:42:34: Epoch [38]   time cost: 1069.76 sec (0.30 h)
2020-03-26 04:42:34: Start epoch 39:
2020-03-26 04:42:39: Epoch [39]  Batch [0]    Speed   3.8 (+13) sample/sec  loss-ce = 0.02742, top1 = 1.00000, top5 = 1.00000  
2020-03-26 04:46:38: Epoch [39]  Batch [50]   Speed   3.4 (+13) sample/sec  loss-ce = 0.26194, top1 = 0.93875, top5 = 0.99500  
2020-03-26 04:50:41: Epoch [39]  Batch [100]  Speed   3.3 (+13) sample/sec  loss-ce = 0.24553, top1 = 0.93625, top5 = 0.99375  
2020-03-26 04:54:41: Epoch [39]  Batch [150]  Speed   3.3 (+13) sample/sec  loss-ce = 0.26827, top1 = 0.93250, top5 = 0.99625  
2020-03-26 04:58:40: Epoch [39]  Batch [200]  Speed   3.3 (+13) sample/sec  loss-ce = 0.26341, top1 = 0.93500, top5 = 0.99375  
2020-03-26 05:00:29: Epoch [39]   time cost: 1074.78 sec (0.30 h)
2020-03-26 05:00:29: Checkpoint (model & optimizer) saved to: ./exps/models/archive/Viax_Liao_ep-0040.pth
2020-03-26 05:00:29: Start evaluating epoch 39:
2020-03-26 05:04:44: Epoch [39]  Batch [191]  Speed   6.0 (+49) sample/sec  loss-ce = 1.23646, top1 = 0.67451, top5 = 0.91765  
2020-03-26 05:04:44: Optimization done!
2020-03-26 19:46:49: Using pytorch 1.1.0 (['/home/xyc/anaconda3/envs/pytorch110/lib/python3.7/site-packages/torch'])
2020-03-26 19:46:49: Start training with args:
{
    "backend": "nccl",
    "batch_size": 16,
    "clip_length": 16,
    "dataset": "HMDB51",
    "debug_mode": true,
    "dist_url": "tcp://192.168.0.11:23456",
    "end_epoch": 40,
    "fine_tune": true,
    "gpus": "0,1,2,3,4,5,6,7",
    "log_file": "./exps/logs/Viax_Liao_at-xyc-MS-7B61.log",
    "lr_base": 0.005,
    "lr_factor": 0.1,
    "lr_steps": [
        50000,
        100000,
        150000
    ],
    "model_dir": "./exps/models/archive",
    "model_prefix": "./exps/models/archive/Viax_Liao",
    "network": "CHANGE_B",
    "pretrained_2d": true,
    "pretrained_3d": "./network/pretrained/MFNet3D_Kinetics-400_72.8.pth",
    "random_seed": 1,
    "resume_epoch": -1,
    "save_frequency": 8,
    "task_name": "Viax_Liao",
    "train_frame_interval": 2,
    "val_frame_interval": 2,
    "world_size": 1
}
2020-03-26 19:46:50: Target dataset: 'HMDB51', configs: {'num_classes': 51}
2020-03-26 19:46:50: Initializer:: 'Tanh' is uninitialized.
2020-03-26 19:46:50: Initializer:: 'Tanh' is uninitialized.
2020-03-26 19:46:50: Initializer:: 'AvgPool2d' is uninitialized.
2020-03-26 19:46:50: Initializer:: 'Motion_Exctractor_MEAN' is uninitialized.
2020-03-26 19:46:50: Initializer:: 'AvgPool1d' is uninitialized.
2020-03-26 19:46:50: Network:: graph initialized, loading pretrained model: `/work/Viax_Liao/network/pretrained/MFNet2D_ImageNet1k-0000.pth'
2020-03-26 19:46:50: Initializer:: loading from 2D neural network, filling method: `inflation' ...
2020-03-26 19:46:51: Initializer:: >> 2 params are unused: ['classifier.weight', 'classifier.bias']
2020-03-26 19:46:51: Initializer:: >> failed to load: 
[
    "conv1.bn.num_batches_tracked",
    "conv2.B01.conv_i1.bn.num_batches_tracked",
    "conv2.B01.conv_i2.bn.num_batches_tracked",
    "conv2.B01.conv_m1.bn.num_batches_tracked",
    "conv2.B01.conv_m2.bn.num_batches_tracked",
    "conv2.B01.conv_w1.bn.num_batches_tracked",
    "conv2.B02.conv_i1.bn.num_batches_tracked",
    "conv2.B02.conv_i2.bn.num_batches_tracked",
    "conv2.B02.conv_m1.bn.num_batches_tracked",
    "conv2.B02.conv_m2.bn.num_batches_tracked",
    "conv2.B03.conv_i1.bn.num_batches_tracked",
    "conv2.B03.conv_i2.bn.num_batches_tracked",
    "conv2.B03.conv_m1.bn.num_batches_tracked",
    "conv2.B03.conv_m2.bn.num_batches_tracked",
    "conv3.B01.conv_i1.bn.num_batches_tracked",
    "conv3.B01.conv_i2.bn.num_batches_tracked",
    "conv3.B01.conv_m1.bn.num_batches_tracked",
    "conv3.B01.conv_m2.bn.num_batches_tracked",
    "conv3.B01.conv_w1.bn.num_batches_tracked",
    "conv3.B02.conv_i1.bn.num_batches_tracked",
    "conv3.B02.conv_i2.bn.num_batches_tracked",
    "conv3.B02.conv_m1.bn.num_batches_tracked",
    "conv3.B02.conv_m2.bn.num_batches_tracked",
    "conv3.B03.conv_i1.bn.num_batches_tracked",
    "conv3.B03.conv_i2.bn.num_batches_tracked",
    "conv3.B03.conv_m1.bn.num_batches_tracked",
    "conv3.B03.conv_m2.bn.num_batches_tracked",
    "conv3.B04.conv_i1.bn.num_batches_tracked",
    "conv3.B04.conv_i2.bn.num_batches_tracked",
    "conv3.B04.conv_m1.bn.num_batches_tracked",
    "conv3.B04.conv_m2.bn.num_batches_tracked",
    "conv4.B01.conv_i1.bn.num_batches_tracked",
    "conv4.B01.conv_i2.bn.num_batches_tracked",
    "conv4.B01.conv_m1.bn.num_batches_tracked",
    "conv4.B01.conv_m2.bn.num_batches_tracked",
    "conv4.B01.conv_w1.bn.num_batches_tracked",
    "conv4.B02.conv_i1.bn.num_batches_tracked",
    "conv4.B02.conv_i2.bn.num_batches_tracked",
    "conv4.B02.conv_m1.bn.num_batches_tracked",
    "conv4.B02.conv_m2.bn.num_batches_tracked",
    "conv4.B03.conv_i1.bn.num_batches_tracked",
    "conv4.B03.conv_i2.bn.num_batches_tracked",
    "conv4.B03.conv_m1.bn.num_batches_tracked",
    "conv4.B03.conv_m2.bn.num_batches_tracked",
    "conv4.B04.conv_i1.bn.num_batches_tracked",
    "conv4.B04.conv_i2.bn.num_batches_tracked",
    "conv4.B04.conv_m1.bn.num_batches_tracked",
    "conv4.B04.conv_m2.bn.num_batches_tracked",
    "conv4.B05.conv_i1.bn.num_batches_tracked",
    "conv4.B05.conv_i2.bn.num_batches_tracked",
    "conv4.B05.conv_m1.bn.num_batches_tracked",
    "conv4.B05.conv_m2.bn.num_batches_tracked",
    "conv4.B06.conv_i1.bn.num_batches_tracked",
    "conv4.B06.conv_i2.bn.num_batches_tracked",
    "conv4.B06.conv_m1.bn.num_batches_tracked",
    "conv4.B06.conv_m2.bn.num_batches_tracked",
    "conv5.B01.conv_i1.bn.num_batches_tracked",
    "conv5.B01.conv_i2.bn.num_batches_tracked",
    "conv5.B01.conv_m1.bn.num_batches_tracked",
    "conv5.B01.conv_m2.bn.num_batches_tracked",
    "conv5.B01.conv_w1.bn.num_batches_tracked",
    "conv5.B02.conv_i1.bn.num_batches_tracked",
    "conv5.B02.conv_i2.bn.num_batches_tracked",
    "conv5.B02.conv_m1.bn.num_batches_tracked",
    "conv5.B02.conv_m2.bn.num_batches_tracked",
    "conv5.B03.conv_i1.bn.num_batches_tracked",
    "conv5.B03.conv_i2.bn.num_batches_tracked",
    "conv5.B03.conv_m1.bn.num_batches_tracked",
    "conv5.B03.conv_m2.bn.num_batches_tracked",
    "motion_exctractor.mh_norm.weight",
    "motion_exctractor.mh_norm.bias",
    "motion_exctractor.mh_norm.running_mean",
    "motion_exctractor.mh_norm.running_var",
    "motion_exctractor.mh_norm.num_batches_tracked",
    "motion_exctractor.mh_up.weight",
    "motion_exctractor.mh_up.bias",
    "motion_exctractor.mh_up2.weight",
    "motion_exctractor.mh_up2.bias",
    "motion_exctractor.mh_conv1.conv.weight",
    "motion_exctractor.mh_conv1.bn.weight",
    "motion_exctractor.mh_conv1.bn.bias",
    "motion_exctractor.mh_conv1.bn.running_mean",
    "motion_exctractor.mh_conv1.bn.running_var",
    "motion_exctractor.mh_conv1.bn.num_batches_tracked",
    "motion_exctractor.mh_conv2.conv.weight",
    "motion_exctractor.mh_conv2.bn.weight",
    "motion_exctractor.mh_conv2.bn.bias",
    "motion_exctractor.mh_conv2.bn.running_mean",
    "motion_exctractor.mh_conv2.bn.running_var",
    "motion_exctractor.mh_conv2.bn.num_batches_tracked",
    "tail.bn.num_batches_tracked",
    "classifier.weight",
    "classifier.bias"
]
2020-03-26 19:46:51: loading network configs of: CHANGE_B
2020-03-26 19:46:51: data:: {'mean': [0.485, 0.456, 0.406], 'std': [0.229, 0.224, 0.225]}
2020-03-26 19:46:51: VideoIter:: clip_length = 16, interval = [train: 2, val: 2], seed = 101
2020-03-26 19:46:51: VideoIter:: >> `check_video' is off, `tolerant_corrupted_video' is automatically activated.
2020-03-26 19:46:51: VideoIter:: found 3570 videos in `./dataset/HMDB51/raw/list_cvt/hmdb51_split1_train.txt'
2020-03-26 19:46:51: VideoIter:: iterator initialized (phase: 'train', num: 3570)
2020-03-26 19:46:51: VideoIter:: >> `check_video' is off, `tolerant_corrupted_video' is automatically activated.
2020-03-26 19:46:51: VideoIter:: found 1530 videos in `./dataset/HMDB51/raw/list_cvt/hmdb51_split1_test.txt'
2020-03-26 19:46:51: VideoIter:: iterator initialized (phase: 'test', num: 1530)
2020-03-26 19:46:52: Optimizer:: >> recuding the learning rate of 221 params: ['conv1.conv.weight', 'conv1.bn.weight', 'conv1.bn.bias', 'conv2.B01.conv_i1.bn.weight', 'conv2.B01.conv_i1.bn.bias', 'conv2.B01.conv_i1.conv.weight', ... tion_exctractor.mh_conv2.conv.weight', 'motion_exctractor.mh_conv2.bn.weight', 'motion_exctractor.mh_conv2.bn.bias', 'tail.bn.weight', 'tail.bn.bias']
2020-03-26 19:46:52: Initializer:: loading model states from: `./network/pretrained/MFNet3D_Kinetics-400_72.8.pth'
2020-03-26 19:46:53: There are layers in current network not initialized by pretrained
2020-03-26 19:46:53: >> Failed to load: ['module.motion_exctractor.mh_norm.weight', 'module.motion_exctractor.mh_norm.bias', 'module.motion_exctractor.mh_norm.running_mean', 'module.motion_exctractor.mh_norm.running_var', 'module.motion_exctractor.mh_up.weight', 'module.motion_exctractor.mh_up.bias', 'module.motion_exctractor.mh_up2.weight', 'module.motion_exctractor.mh_up2.bias', 'module.motion_exctractor.mh_conv1.conv.weight', 'module.motion_exctractor.mh_conv1.bn.weight', 'module.motion_exctractor.mh_conv1.bn.bias', 'module.motion_exctractor.mh_conv1.bn.running_mean', 'module.motion_exctractor.mh_conv1.bn.running_var', 'module.motion_exctractor.mh_conv2.conv.weight', 'module.motion_exctractor.mh_conv2.bn.weight', 'module.motion_exctractor.mh_conv2.bn.bias', 'module.motion_exctractor.mh_conv2.bn.running_mean', 'module.motion_exctractor.mh_conv2.bn.running_var', 'module.classifier.weight', 'module.classifier.bias']
2020-03-26 19:46:53: Iter 0: start with learning rate: 5.00000e-03 (next lr step: 3125)
2020-03-26 19:46:53: Start epoch 0:
2020-03-26 19:47:03: Epoch [0]   Batch [0]    Speed   1.6 (+ 1) sample/sec  loss-ce = 4.34572, top1 = 0.00000, top5 = 0.00000  
2020-03-26 19:50:58: Epoch [0]   Batch [50]   Speed   3.4 (+13) sample/sec  loss-ce = 3.98879, top1 = 0.05625, top5 = 0.17125  
2020-03-26 19:54:57: Epoch [0]   Batch [100]  Speed   3.3 (+13) sample/sec  loss-ce = 3.44101, top1 = 0.17000, top5 = 0.39000  
2020-03-26 19:58:59: Epoch [0]   Batch [150]  Speed   3.3 (+13) sample/sec  loss-ce = 2.81311, top1 = 0.34000, top5 = 0.60625  
2020-03-26 20:03:01: Epoch [0]   Batch [200]  Speed   3.3 (+13) sample/sec  loss-ce = 2.15964, top1 = 0.48625, top5 = 0.76750  
2020-03-26 20:04:52: Epoch [0]   time cost: 1079.21 sec (0.30 h)
2020-03-26 20:04:52: Checkpoint (model & optimizer) saved to: ./exps/models/archive/Viax_Liao_ep-0001.pth
2020-03-26 20:04:52: Start epoch 1:
2020-03-26 20:04:57: Epoch [1]   Batch [0]    Speed   3.3 (+14) sample/sec  loss-ce = 1.75536, top1 = 0.56250, top5 = 0.87500  
2020-03-26 20:08:58: Epoch [1]   Batch [50]   Speed   3.3 (+13) sample/sec  loss-ce = 1.62220, top1 = 0.61375, top5 = 0.85625  
2020-03-26 20:12:55: Epoch [1]   Batch [100]  Speed   3.4 (+13) sample/sec  loss-ce = 1.45971, top1 = 0.62750, top5 = 0.89125  
2020-03-26 20:16:50: Epoch [1]   Batch [150]  Speed   3.4 (+13) sample/sec  loss-ce = 1.39962, top1 = 0.64125, top5 = 0.89125  
2020-03-26 20:20:50: Epoch [1]   Batch [200]  Speed   3.3 (+13) sample/sec  loss-ce = 1.25806, top1 = 0.67125, top5 = 0.90625  
2020-03-26 20:22:37: Epoch [1]   time cost: 1065.17 sec (0.30 h)
2020-03-26 20:22:37: Start epoch 2:
2020-03-26 20:22:42: Epoch [2]   Batch [0]    Speed   3.2 (+14) sample/sec  loss-ce = 1.78315, top1 = 0.50000, top5 = 0.75000  
2020-03-26 20:26:42: Epoch [2]   Batch [50]   Speed   3.3 (+13) sample/sec  loss-ce = 1.07543, top1 = 0.72125, top5 = 0.92500  
2020-03-26 20:30:39: Epoch [2]   Batch [100]  Speed   3.4 (+13) sample/sec  loss-ce = 1.05719, top1 = 0.73125, top5 = 0.93250  
2020-03-26 20:34:42: Epoch [2]   Batch [150]  Speed   3.3 (+13) sample/sec  loss-ce = 1.04117, top1 = 0.73500, top5 = 0.92250  
2020-03-26 20:38:45: Epoch [2]   Batch [200]  Speed   3.3 (+13) sample/sec  loss-ce = 1.01267, top1 = 0.72750, top5 = 0.91875  
2020-03-26 20:40:33: Epoch [2]   time cost: 1075.61 sec (0.30 h)
2020-03-26 20:40:33: Start epoch 3:
2020-03-26 20:40:38: Epoch [3]   Batch [0]    Speed   3.3 (+14) sample/sec  loss-ce = 0.90956, top1 = 0.68750, top5 = 0.93750  
2020-03-26 20:44:41: Epoch [3]   Batch [50]   Speed   3.3 (+13) sample/sec  loss-ce = 0.87854, top1 = 0.76000, top5 = 0.94875  
2020-03-26 20:48:41: Epoch [3]   Batch [100]  Speed   3.3 (+13) sample/sec  loss-ce = 0.87594, top1 = 0.73625, top5 = 0.94500  
2020-03-26 20:52:46: Epoch [3]   Batch [150]  Speed   3.3 (+14) sample/sec  loss-ce = 0.90467, top1 = 0.73500, top5 = 0.93750  
2020-03-26 20:56:50: Epoch [3]   Batch [200]  Speed   3.3 (+13) sample/sec  loss-ce = 0.81030, top1 = 0.79625, top5 = 0.96250  
2020-03-26 20:58:34: Epoch [3]   time cost: 1081.41 sec (0.30 h)
2020-03-26 20:58:34: Start evaluating epoch 3:
2020-03-26 21:02:53: Epoch [3]   Batch [191]  Speed   5.9 (+46) sample/sec  loss-ce = 1.13911, top1 = 0.67843, top5 = 0.91895  
2020-03-26 21:02:53: Current best epoch found with top5 accuracy 0.91895 at epoch 4, saved
2020-03-26 21:02:54: Checkpoint (model & optimizer) saved to: ./exps/models/archive/Viax_Liao_ep-0004.pth
2020-03-26 21:02:54: Checkpoint (model & optimizer) saved to: ./exps/models/archive/Viax_Liao_ep-0004.pth
2020-03-26 21:02:54: Current best epoch found with top1 accuracy 0.67843 at epoch 4, saved
2020-03-26 21:02:54: Start epoch 4:
2020-03-26 21:02:59: Epoch [4]   Batch [0]    Speed   3.5 (+12) sample/sec  loss-ce = 1.22667, top1 = 0.62500, top5 = 0.87500  
2020-03-26 21:06:56: Epoch [4]   Batch [50]   Speed   3.4 (+13) sample/sec  loss-ce = 0.73771, top1 = 0.80125, top5 = 0.96625  
2020-03-26 21:10:55: Epoch [4]   Batch [100]  Speed   3.3 (+13) sample/sec  loss-ce = 0.74960, top1 = 0.80250, top5 = 0.95375  
2020-03-26 21:14:53: Epoch [4]   Batch [150]  Speed   3.4 (+13) sample/sec  loss-ce = 0.78804, top1 = 0.79250, top5 = 0.94875  
2020-03-26 21:18:51: Epoch [4]   Batch [200]  Speed   3.4 (+13) sample/sec  loss-ce = 0.75544, top1 = 0.80000, top5 = 0.94625  
2020-03-26 21:20:38: Epoch [4]   time cost: 1063.79 sec (0.30 h)
2020-03-26 21:20:38: Start epoch 5:
2020-03-26 21:20:43: Epoch [5]   Batch [0]    Speed   3.3 (+13) sample/sec  loss-ce = 0.63784, top1 = 0.87500, top5 = 0.93750  
2020-03-26 21:24:49: Epoch [5]   Batch [50]   Speed   3.3 (+14) sample/sec  loss-ce = 0.71074, top1 = 0.80125, top5 = 0.96625  
2020-03-26 21:28:47: Epoch [5]   Batch [100]  Speed   3.4 (+13) sample/sec  loss-ce = 0.68174, top1 = 0.81500, top5 = 0.96375  
2020-03-26 21:32:47: Epoch [5]   Batch [150]  Speed   3.3 (+13) sample/sec  loss-ce = 0.74048, top1 = 0.80750, top5 = 0.95625  
2020-03-26 21:36:45: Epoch [5]   Batch [200]  Speed   3.4 (+13) sample/sec  loss-ce = 0.67070, top1 = 0.81875, top5 = 0.96000  
2020-03-26 21:38:33: Epoch [5]   time cost: 1075.29 sec (0.30 h)
2020-03-26 21:38:33: Start epoch 6:
2020-03-26 21:38:38: Epoch [6]   Batch [0]    Speed   3.6 (+13) sample/sec  loss-ce = 0.82431, top1 = 0.81250, top5 = 0.87500  
2020-03-26 21:42:36: Epoch [6]   Batch [50]   Speed   3.4 (+13) sample/sec  loss-ce = 0.60575, top1 = 0.83125, top5 = 0.96750  
2020-03-26 21:46:33: Epoch [6]   Batch [100]  Speed   3.4 (+13) sample/sec  loss-ce = 0.65602, top1 = 0.81875, top5 = 0.96875  
2020-03-26 21:50:33: Epoch [6]   Batch [150]  Speed   3.3 (+13) sample/sec  loss-ce = 0.68140, top1 = 0.81125, top5 = 0.95750  
2020-03-26 21:54:30: Epoch [6]   Batch [200]  Speed   3.4 (+13) sample/sec  loss-ce = 0.66489, top1 = 0.81625, top5 = 0.96500  
2020-03-26 21:56:15: Epoch [6]   time cost: 1061.62 sec (0.29 h)
2020-03-26 21:56:15: Start epoch 7:
2020-03-26 21:56:19: Epoch [7]   Batch [0]    Speed   3.7 (+13) sample/sec  loss-ce = 0.18240, top1 = 1.00000, top5 = 1.00000  
2020-03-26 22:00:19: Epoch [7]   Batch [50]   Speed   3.3 (+13) sample/sec  loss-ce = 0.56314, top1 = 0.85625, top5 = 0.97250  
2020-03-26 22:04:24: Epoch [7]   Batch [100]  Speed   3.3 (+13) sample/sec  loss-ce = 0.56629, top1 = 0.84750, top5 = 0.97125  
2020-03-26 22:08:24: Epoch [7]   Batch [150]  Speed   3.3 (+13) sample/sec  loss-ce = 0.51394, top1 = 0.87125, top5 = 0.97875  
2020-03-26 22:12:25: Epoch [7]   Batch [200]  Speed   3.3 (+13) sample/sec  loss-ce = 0.60479, top1 = 0.83750, top5 = 0.96625  
2020-03-26 22:14:11: Epoch [7]   time cost: 1076.41 sec (0.30 h)
2020-03-26 22:14:12: Checkpoint (model & optimizer) saved to: ./exps/models/archive/Viax_Liao_ep-0008.pth
2020-03-26 22:14:12: Start evaluating epoch 7:
2020-03-26 22:18:28: Epoch [7]   Batch [191]  Speed   6.0 (+49) sample/sec  loss-ce = 1.15390, top1 = 0.67647, top5 = 0.91830  
2020-03-26 22:18:28: Start epoch 8:
2020-03-26 22:18:32: Epoch [8]   Batch [0]    Speed   3.3 (+13) sample/sec  loss-ce = 0.33320, top1 = 0.87500, top5 = 1.00000  
2020-03-26 22:22:28: Epoch [8]   Batch [50]   Speed   3.4 (+13) sample/sec  loss-ce = 0.48877, top1 = 0.87125, top5 = 0.97750  
2020-03-26 22:26:26: Epoch [8]   Batch [100]  Speed   3.4 (+13) sample/sec  loss-ce = 0.52464, top1 = 0.86250, top5 = 0.97625  
2020-03-26 22:30:27: Epoch [8]   Batch [150]  Speed   3.3 (+13) sample/sec  loss-ce = 0.51391, top1 = 0.86875, top5 = 0.97875  
2020-03-26 22:34:27: Epoch [8]   Batch [200]  Speed   3.3 (+13) sample/sec  loss-ce = 0.49535, top1 = 0.86625, top5 = 0.97375  
2020-03-26 22:36:13: Epoch [8]   time cost: 1064.97 sec (0.30 h)
2020-03-26 22:36:13: Start epoch 9:
2020-03-26 22:36:18: Epoch [9]   Batch [0]    Speed   3.0 (+14) sample/sec  loss-ce = 0.38592, top1 = 0.93750, top5 = 1.00000  
2020-03-26 22:40:15: Epoch [9]   Batch [50]   Speed   3.4 (+13) sample/sec  loss-ce = 0.45223, top1 = 0.88500, top5 = 0.98375  
2020-03-26 22:44:13: Epoch [9]   Batch [100]  Speed   3.4 (+13) sample/sec  loss-ce = 0.48005, top1 = 0.87375, top5 = 0.98750  
2020-03-26 22:48:13: Epoch [9]   Batch [150]  Speed   3.3 (+13) sample/sec  loss-ce = 0.51936, top1 = 0.86750, top5 = 0.97000  
2020-03-26 22:52:10: Epoch [9]   Batch [200]  Speed   3.4 (+13) sample/sec  loss-ce = 0.51745, top1 = 0.85625, top5 = 0.98125  
2020-03-26 22:53:57: Epoch [9]   time cost: 1064.42 sec (0.30 h)
2020-03-26 22:53:57: Start epoch 10:
2020-03-26 22:54:02: Epoch [10]  Batch [0]    Speed   3.0 (+14) sample/sec  loss-ce = 0.66750, top1 = 0.87500, top5 = 0.93750  
2020-03-26 22:58:03: Epoch [10]  Batch [50]   Speed   3.3 (+13) sample/sec  loss-ce = 0.48346, top1 = 0.86750, top5 = 0.98250  
2020-03-26 23:01:58: Epoch [10]  Batch [100]  Speed   3.4 (+13) sample/sec  loss-ce = 0.49397, top1 = 0.86500, top5 = 0.97125  
2020-03-26 23:05:53: Epoch [10]  Batch [150]  Speed   3.4 (+13) sample/sec  loss-ce = 0.44016, top1 = 0.88125, top5 = 0.98250  
2020-03-26 23:09:53: Epoch [10]  Batch [200]  Speed   3.3 (+13) sample/sec  loss-ce = 0.43725, top1 = 0.88750, top5 = 0.98875  
2020-03-26 23:11:42: Epoch [10]   time cost: 1064.55 sec (0.30 h)
2020-03-26 23:11:42: Start epoch 11:
2020-03-26 23:11:47: Epoch [11]  Batch [0]    Speed   3.2 (+14) sample/sec  loss-ce = 0.18020, top1 = 0.93750, top5 = 1.00000  
2020-03-26 23:15:43: Epoch [11]  Batch [50]   Speed   3.4 (+13) sample/sec  loss-ce = 0.41705, top1 = 0.89750, top5 = 0.98125  
2020-03-26 23:19:42: Epoch [11]  Batch [100]  Speed   3.3 (+13) sample/sec  loss-ce = 0.44236, top1 = 0.87500, top5 = 0.98375  
2020-03-26 23:23:43: Epoch [11]  Batch [150]  Speed   3.3 (+13) sample/sec  loss-ce = 0.42322, top1 = 0.88125, top5 = 0.97875  
2020-03-26 23:27:39: Epoch [11]  Batch [200]  Speed   3.4 (+13) sample/sec  loss-ce = 0.42425, top1 = 0.89125, top5 = 0.98500  
2020-03-26 23:29:23: Epoch [11]   time cost: 1061.77 sec (0.29 h)
2020-03-26 23:29:23: Start evaluating epoch 11:
2020-03-26 23:33:38: Epoch [11]  Batch [191]  Speed   6.0 (+49) sample/sec  loss-ce = 1.18517, top1 = 0.68105, top5 = 0.91961  
2020-03-26 23:33:38: Current best epoch found with top5 accuracy 0.91961 at epoch 12, saved
2020-03-26 23:33:38: Checkpoint (model & optimizer) saved to: ./exps/models/archive/Viax_Liao_ep-0012.pth
2020-03-26 23:33:40: Checkpoint (model & optimizer) saved to: ./exps/models/archive/Viax_Liao_ep-0012.pth
2020-03-26 23:33:40: Current best epoch found with top1 accuracy 0.68105 at epoch 12, saved
2020-03-26 23:33:40: Start epoch 12:
2020-03-26 23:33:44: Epoch [12]  Batch [0]    Speed   3.2 (+13) sample/sec  loss-ce = 0.31346, top1 = 0.81250, top5 = 1.00000  
2020-03-26 23:37:42: Epoch [12]  Batch [50]   Speed   3.4 (+13) sample/sec  loss-ce = 0.40090, top1 = 0.89625, top5 = 0.98875  
2020-03-26 23:41:42: Epoch [12]  Batch [100]  Speed   3.3 (+13) sample/sec  loss-ce = 0.41093, top1 = 0.88875, top5 = 0.98500  
2020-03-26 23:45:45: Epoch [12]  Batch [150]  Speed   3.3 (+13) sample/sec  loss-ce = 0.42067, top1 = 0.88625, top5 = 0.98250  
2020-03-26 23:49:46: Epoch [12]  Batch [200]  Speed   3.3 (+13) sample/sec  loss-ce = 0.33029, top1 = 0.90750, top5 = 0.99625  
2020-03-26 23:51:30: Epoch [12]   time cost: 1070.49 sec (0.30 h)
2020-03-26 23:51:30: Start epoch 13:
2020-03-26 23:51:34: Epoch [13]  Batch [0]    Speed   3.6 (+13) sample/sec  loss-ce = 0.34631, top1 = 0.93750, top5 = 1.00000  
2020-03-26 23:55:36: Epoch [13]  Batch [50]   Speed   3.3 (+13) sample/sec  loss-ce = 0.38359, top1 = 0.89375, top5 = 0.99000  
2020-03-26 23:59:35: Epoch [13]  Batch [100]  Speed   3.3 (+13) sample/sec  loss-ce = 0.35608, top1 = 0.91875, top5 = 0.98250  
2020-03-27 00:03:38: Epoch [13]  Batch [150]  Speed   3.3 (+13) sample/sec  loss-ce = 0.39391, top1 = 0.90500, top5 = 0.98875  
2020-03-27 00:07:32: Epoch [13]  Batch [200]  Speed   3.4 (+13) sample/sec  loss-ce = 0.36702, top1 = 0.90250, top5 = 0.98500  
2020-03-27 00:08:34: Iter: 3125, change learning rate to 5.00000e-04 for step [3125:6250)
2020-03-27 00:09:18: Epoch [13]   time cost: 1068.23 sec (0.30 h)
2020-03-27 00:09:18: Start epoch 14:
2020-03-27 00:09:22: Epoch [14]  Batch [0]    Speed   3.8 (+13) sample/sec  loss-ce = 0.31095, top1 = 0.93750, top5 = 0.93750  
2020-03-27 00:13:21: Epoch [14]  Batch [50]   Speed   3.3 (+13) sample/sec  loss-ce = 0.32798, top1 = 0.92625, top5 = 0.98875  
2020-03-27 00:17:20: Epoch [14]  Batch [100]  Speed   3.4 (+13) sample/sec  loss-ce = 0.33476, top1 = 0.90375, top5 = 0.99125  
2020-03-27 00:21:20: Epoch [14]  Batch [150]  Speed   3.3 (+13) sample/sec  loss-ce = 0.28772, top1 = 0.92500, top5 = 0.99500  
2020-03-27 00:25:12: Epoch [14]  Batch [200]  Speed   3.4 (+13) sample/sec  loss-ce = 0.27118, top1 = 0.94125, top5 = 0.99250  
2020-03-27 00:26:59: Epoch [14]   time cost: 1061.06 sec (0.29 h)
2020-03-27 00:26:59: Start epoch 15:
2020-03-27 00:27:04: Epoch [15]  Batch [0]    Speed   3.4 (+13) sample/sec  loss-ce = 0.23461, top1 = 0.87500, top5 = 1.00000  
2020-03-27 00:30:56: Epoch [15]  Batch [50]   Speed   3.5 (+13) sample/sec  loss-ce = 0.27416, top1 = 0.93125, top5 = 0.99500  
2020-03-27 00:34:56: Epoch [15]  Batch [100]  Speed   3.3 (+13) sample/sec  loss-ce = 0.30781, top1 = 0.92625, top5 = 0.99125  
2020-03-27 00:38:58: Epoch [15]  Batch [150]  Speed   3.3 (+13) sample/sec  loss-ce = 0.29379, top1 = 0.92250, top5 = 0.99375  
2020-03-27 00:42:58: Epoch [15]  Batch [200]  Speed   3.3 (+13) sample/sec  loss-ce = 0.28632, top1 = 0.93000, top5 = 0.99250  
2020-03-27 00:44:44: Epoch [15]   time cost: 1064.68 sec (0.30 h)
2020-03-27 00:44:44: Checkpoint (model & optimizer) saved to: ./exps/models/archive/Viax_Liao_ep-0016.pth
2020-03-27 00:44:44: Start evaluating epoch 15:
2020-03-27 00:48:59: Epoch [15]  Batch [191]  Speed   6.0 (+49) sample/sec  loss-ce = 1.18110, top1 = 0.68235, top5 = 0.91895  
2020-03-27 00:48:59: Current best epoch found with top1 accuracy 0.68235 at epoch 16, saved
2020-03-27 00:48:59: Start epoch 16:
2020-03-27 00:49:05: Epoch [16]  Batch [0]    Speed   3.0 (+13) sample/sec  loss-ce = 0.50614, top1 = 0.87500, top5 = 1.00000  
2020-03-27 00:53:08: Epoch [16]  Batch [50]   Speed   3.3 (+13) sample/sec  loss-ce = 0.28110, top1 = 0.93500, top5 = 0.99250  
2020-03-27 00:57:08: Epoch [16]  Batch [100]  Speed   3.3 (+13) sample/sec  loss-ce = 0.31228, top1 = 0.92125, top5 = 0.99375  
2020-03-27 01:01:06: Epoch [16]  Batch [150]  Speed   3.4 (+13) sample/sec  loss-ce = 0.27652, top1 = 0.92625, top5 = 0.99625  
2020-03-27 01:05:07: Epoch [16]  Batch [200]  Speed   3.3 (+13) sample/sec  loss-ce = 0.27239, top1 = 0.94000, top5 = 0.99375  
2020-03-27 01:06:52: Epoch [16]   time cost: 1073.29 sec (0.30 h)
2020-03-27 01:06:52: Start epoch 17:
2020-03-27 01:06:57: Epoch [17]  Batch [0]    Speed   3.5 (+13) sample/sec  loss-ce = 0.68368, top1 = 0.81250, top5 = 0.93750  
2020-03-27 01:10:56: Epoch [17]  Batch [50]   Speed   3.3 (+13) sample/sec  loss-ce = 0.30456, top1 = 0.91875, top5 = 0.99125  
2020-03-27 01:14:58: Epoch [17]  Batch [100]  Speed   3.3 (+13) sample/sec  loss-ce = 0.27094, top1 = 0.92500, top5 = 0.99625  
2020-03-27 01:18:56: Epoch [17]  Batch [150]  Speed   3.4 (+13) sample/sec  loss-ce = 0.33952, top1 = 0.91500, top5 = 0.98625  
2020-03-27 01:22:54: Epoch [17]  Batch [200]  Speed   3.4 (+13) sample/sec  loss-ce = 0.26567, top1 = 0.94250, top5 = 0.99625  
2020-03-27 01:24:38: Epoch [17]   time cost: 1065.56 sec (0.30 h)
2020-03-27 01:24:38: Start epoch 18:
2020-03-27 01:24:43: Epoch [18]  Batch [0]    Speed   3.2 (+14) sample/sec  loss-ce = 0.29388, top1 = 0.87500, top5 = 1.00000  
2020-03-27 01:28:40: Epoch [18]  Batch [50]   Speed   3.4 (+13) sample/sec  loss-ce = 0.25629, top1 = 0.95250, top5 = 0.99500  
2020-03-27 01:32:41: Epoch [18]  Batch [100]  Speed   3.3 (+13) sample/sec  loss-ce = 0.27035, top1 = 0.93750, top5 = 0.99000  
2020-03-27 01:36:40: Epoch [18]  Batch [150]  Speed   3.3 (+13) sample/sec  loss-ce = 0.27707, top1 = 0.93875, top5 = 0.99125  
2020-03-27 01:40:38: Epoch [18]  Batch [200]  Speed   3.4 (+13) sample/sec  loss-ce = 0.29129, top1 = 0.93750, top5 = 0.99125  
2020-03-27 01:42:25: Epoch [18]   time cost: 1066.96 sec (0.30 h)
2020-03-27 01:42:25: Start epoch 19:
2020-03-27 01:42:30: Epoch [19]  Batch [0]    Speed   3.3 (+14) sample/sec  loss-ce = 0.28467, top1 = 0.93750, top5 = 1.00000  
2020-03-27 01:46:25: Epoch [19]  Batch [50]   Speed   3.4 (+13) sample/sec  loss-ce = 0.27615, top1 = 0.93875, top5 = 0.99375  
2020-03-27 01:50:26: Epoch [19]  Batch [100]  Speed   3.3 (+13) sample/sec  loss-ce = 0.27147, top1 = 0.94000, top5 = 0.99250  
2020-03-27 01:54:22: Epoch [19]  Batch [150]  Speed   3.4 (+13) sample/sec  loss-ce = 0.27356, top1 = 0.93000, top5 = 0.99250  
2020-03-27 01:58:22: Epoch [19]  Batch [200]  Speed   3.3 (+13) sample/sec  loss-ce = 0.27625, top1 = 0.92750, top5 = 0.99250  
2020-03-27 02:00:08: Epoch [19]   time cost: 1063.29 sec (0.30 h)
2020-03-27 02:00:08: Start evaluating epoch 19:
2020-03-27 02:04:23: Epoch [19]  Batch [191]  Speed   6.0 (+49) sample/sec  loss-ce = 1.20141, top1 = 0.67124, top5 = 0.91830  
2020-03-27 02:04:23: Start epoch 20:
2020-03-27 02:04:28: Epoch [20]  Batch [0]    Speed   3.0 (+13) sample/sec  loss-ce = 0.10239, top1 = 1.00000, top5 = 1.00000  
2020-03-27 02:08:25: Epoch [20]  Batch [50]   Speed   3.4 (+13) sample/sec  loss-ce = 0.24600, top1 = 0.94625, top5 = 0.99500  
2020-03-27 02:12:23: Epoch [20]  Batch [100]  Speed   3.4 (+13) sample/sec  loss-ce = 0.27790, top1 = 0.93000, top5 = 0.99375  
2020-03-27 02:16:21: Epoch [20]  Batch [150]  Speed   3.4 (+13) sample/sec  loss-ce = 0.30847, top1 = 0.92875, top5 = 0.99000  
2020-03-27 02:20:21: Epoch [20]  Batch [200]  Speed   3.3 (+13) sample/sec  loss-ce = 0.26935, top1 = 0.93125, top5 = 0.99500  
2020-03-27 02:22:05: Epoch [20]   time cost: 1062.19 sec (0.30 h)
2020-03-27 02:22:05: Start epoch 21:
2020-03-27 02:22:10: Epoch [21]  Batch [0]    Speed   3.6 (+13) sample/sec  loss-ce = 0.49882, top1 = 0.81250, top5 = 1.00000  
2020-03-27 02:26:05: Epoch [21]  Batch [50]   Speed   3.4 (+13) sample/sec  loss-ce = 0.28154, top1 = 0.92625, top5 = 0.99375  
2020-03-27 02:30:00: Epoch [21]  Batch [100]  Speed   3.4 (+13) sample/sec  loss-ce = 0.26696, top1 = 0.93375, top5 = 0.99250  
2020-03-27 02:34:00: Epoch [21]  Batch [150]  Speed   3.3 (+13) sample/sec  loss-ce = 0.30701, top1 = 0.91625, top5 = 0.99500  
2020-03-27 02:38:01: Epoch [21]  Batch [200]  Speed   3.3 (+13) sample/sec  loss-ce = 0.27535, top1 = 0.92750, top5 = 0.99625  
2020-03-27 02:39:48: Epoch [21]   time cost: 1062.96 sec (0.30 h)
2020-03-27 02:39:48: Start epoch 22:
2020-03-27 02:39:53: Epoch [22]  Batch [0]    Speed   3.3 (+14) sample/sec  loss-ce = 0.44830, top1 = 0.81250, top5 = 1.00000  
2020-03-27 02:43:50: Epoch [22]  Batch [50]   Speed   3.4 (+13) sample/sec  loss-ce = 0.29399, top1 = 0.92750, top5 = 0.99500  
2020-03-27 02:47:50: Epoch [22]  Batch [100]  Speed   3.3 (+13) sample/sec  loss-ce = 0.31519, top1 = 0.93000, top5 = 0.98875  
2020-03-27 02:51:47: Epoch [22]  Batch [150]  Speed   3.4 (+13) sample/sec  loss-ce = 0.22937, top1 = 0.94500, top5 = 0.99375  
2020-03-27 02:55:44: Epoch [22]  Batch [200]  Speed   3.4 (+13) sample/sec  loss-ce = 0.28170, top1 = 0.93250, top5 = 0.99250  
2020-03-27 02:57:31: Epoch [22]   time cost: 1062.56 sec (0.30 h)
2020-03-27 02:57:31: Start epoch 23:
2020-03-27 02:57:36: Epoch [23]  Batch [0]    Speed   3.2 (+13) sample/sec  loss-ce = 0.21345, top1 = 0.93750, top5 = 1.00000  
2020-03-27 03:01:40: Epoch [23]  Batch [50]   Speed   3.3 (+13) sample/sec  loss-ce = 0.24963, top1 = 0.94375, top5 = 0.99625  
2020-03-27 03:05:34: Epoch [23]  Batch [100]  Speed   3.4 (+13) sample/sec  loss-ce = 0.33887, top1 = 0.91250, top5 = 0.98500  
2020-03-27 03:09:35: Epoch [23]  Batch [150]  Speed   3.3 (+13) sample/sec  loss-ce = 0.24386, top1 = 0.94500, top5 = 0.99625  
2020-03-27 03:13:36: Epoch [23]  Batch [200]  Speed   3.3 (+13) sample/sec  loss-ce = 0.26583, top1 = 0.93250, top5 = 0.99125  
2020-03-27 03:15:20: Epoch [23]   time cost: 1068.70 sec (0.30 h)
2020-03-27 03:15:20: Checkpoint (model & optimizer) saved to: ./exps/models/archive/Viax_Liao_ep-0024.pth
2020-03-27 03:15:20: Start evaluating epoch 23:
2020-03-27 03:19:35: Epoch [23]  Batch [191]  Speed   6.0 (+49) sample/sec  loss-ce = 1.21461, top1 = 0.67582, top5 = 0.91503  
2020-03-27 03:19:35: Start epoch 24:
2020-03-27 03:19:39: Epoch [24]  Batch [0]    Speed   3.5 (+13) sample/sec  loss-ce = 0.30545, top1 = 1.00000, top5 = 1.00000  
2020-03-27 03:23:40: Epoch [24]  Batch [50]   Speed   3.3 (+13) sample/sec  loss-ce = 0.23785, top1 = 0.95625, top5 = 0.99750  
2020-03-27 03:27:39: Epoch [24]  Batch [100]  Speed   3.4 (+13) sample/sec  loss-ce = 0.29193, top1 = 0.93750, top5 = 0.99000  
2020-03-27 03:31:35: Epoch [24]  Batch [150]  Speed   3.4 (+13) sample/sec  loss-ce = 0.28255, top1 = 0.94250, top5 = 0.98875  
2020-03-27 03:35:35: Epoch [24]  Batch [200]  Speed   3.3 (+13) sample/sec  loss-ce = 0.23599, top1 = 0.95125, top5 = 0.99500  
2020-03-27 03:37:20: Epoch [24]   time cost: 1065.00 sec (0.30 h)
2020-03-27 03:37:20: Start epoch 25:
2020-03-27 03:37:25: Epoch [25]  Batch [0]    Speed   3.1 (+14) sample/sec  loss-ce = 0.33369, top1 = 0.87500, top5 = 1.00000  
2020-03-27 03:41:25: Epoch [25]  Batch [50]   Speed   3.3 (+13) sample/sec  loss-ce = 0.21850, top1 = 0.94625, top5 = 0.99875  
2020-03-27 03:45:26: Epoch [25]  Batch [100]  Speed   3.3 (+13) sample/sec  loss-ce = 0.29346, top1 = 0.92000, top5 = 0.99250  
2020-03-27 03:49:23: Epoch [25]  Batch [150]  Speed   3.4 (+13) sample/sec  loss-ce = 0.24419, top1 = 0.94625, top5 = 0.99375  
2020-03-27 03:53:21: Epoch [25]  Batch [200]  Speed   3.4 (+13) sample/sec  loss-ce = 0.31003, top1 = 0.92875, top5 = 0.98875  
2020-03-27 03:55:07: Epoch [25]   time cost: 1066.86 sec (0.30 h)
2020-03-27 03:55:07: Start epoch 26:
2020-03-27 03:55:11: Epoch [26]  Batch [0]    Speed   3.6 (+12) sample/sec  loss-ce = 0.14734, top1 = 1.00000, top5 = 1.00000  
2020-03-27 03:59:12: Epoch [26]  Batch [50]   Speed   3.3 (+13) sample/sec  loss-ce = 0.28444, top1 = 0.93625, top5 = 0.99500  
2020-03-27 04:03:15: Epoch [26]  Batch [100]  Speed   3.3 (+13) sample/sec  loss-ce = 0.23213, top1 = 0.94500, top5 = 0.99500  
2020-03-27 04:07:12: Epoch [26]  Batch [150]  Speed   3.4 (+13) sample/sec  loss-ce = 0.26355, top1 = 0.94500, top5 = 0.99750  
2020-03-27 04:11:07: Epoch [26]  Batch [200]  Speed   3.4 (+13) sample/sec  loss-ce = 0.23376, top1 = 0.94875, top5 = 0.99625  
2020-03-27 04:12:56: Epoch [26]   time cost: 1069.21 sec (0.30 h)
2020-03-27 04:12:56: Start epoch 27:
2020-03-27 04:13:01: Epoch [27]  Batch [0]    Speed   3.1 (+14) sample/sec  loss-ce = 0.16987, top1 = 1.00000, top5 = 1.00000  
2020-03-27 04:17:04: Epoch [27]  Batch [50]   Speed   3.3 (+13) sample/sec  loss-ce = 0.20256, top1 = 0.95125, top5 = 0.99875  
2020-03-27 04:21:02: Epoch [27]  Batch [100]  Speed   3.4 (+13) sample/sec  loss-ce = 0.27776, top1 = 0.93375, top5 = 0.99000  
2020-03-27 04:25:01: Epoch [27]  Batch [150]  Speed   3.3 (+13) sample/sec  loss-ce = 0.27121, top1 = 0.95250, top5 = 0.99500  
2020-03-27 04:29:00: Epoch [27]  Batch [200]  Speed   3.3 (+13) sample/sec  loss-ce = 0.27582, top1 = 0.93500, top5 = 0.99000  
2020-03-27 04:29:09: Iter: 6250, change learning rate to 5.00000e-05 for step [6250:9375)
2020-03-27 04:30:48: Epoch [27]   time cost: 1072.11 sec (0.30 h)
2020-03-27 04:30:48: Start evaluating epoch 27:
2020-03-27 04:35:02: Epoch [27]  Batch [191]  Speed   6.0 (+49) sample/sec  loss-ce = 1.20272, top1 = 0.67516, top5 = 0.91438  
2020-03-27 04:35:02: Start epoch 28:
2020-03-27 04:35:08: Epoch [28]  Batch [0]    Speed   3.0 (+13) sample/sec  loss-ce = 0.30242, top1 = 0.93750, top5 = 1.00000  
2020-03-27 04:39:07: Epoch [28]  Batch [50]   Speed   3.3 (+13) sample/sec  loss-ce = 0.26154, top1 = 0.94000, top5 = 0.99500  
2020-03-27 04:43:05: Epoch [28]  Batch [100]  Speed   3.4 (+13) sample/sec  loss-ce = 0.25416, top1 = 0.93500, top5 = 0.99375  
2020-03-27 04:47:06: Epoch [28]  Batch [150]  Speed   3.3 (+13) sample/sec  loss-ce = 0.25096, top1 = 0.93500, top5 = 0.99625  
2020-03-27 04:51:02: Epoch [28]  Batch [200]  Speed   3.4 (+13) sample/sec  loss-ce = 0.26197, top1 = 0.94375, top5 = 0.99750  
2020-03-27 04:52:48: Epoch [28]   time cost: 1066.00 sec (0.30 h)
2020-03-27 04:52:48: Start epoch 29:
2020-03-27 04:52:53: Epoch [29]  Batch [0]    Speed   3.6 (+13) sample/sec  loss-ce = 0.15030, top1 = 0.93750, top5 = 1.00000  
2020-03-27 04:56:54: Epoch [29]  Batch [50]   Speed   3.3 (+13) sample/sec  loss-ce = 0.24261, top1 = 0.94750, top5 = 0.99500  
2020-03-27 05:00:51: Epoch [29]  Batch [100]  Speed   3.4 (+13) sample/sec  loss-ce = 0.26495, top1 = 0.94625, top5 = 0.99125  
2020-03-27 05:04:52: Epoch [29]  Batch [150]  Speed   3.3 (+13) sample/sec  loss-ce = 0.28500, top1 = 0.94375, top5 = 0.99250  
2020-03-27 05:08:48: Epoch [29]  Batch [200]  Speed   3.4 (+13) sample/sec  loss-ce = 0.24439, top1 = 0.94500, top5 = 0.99875  
2020-03-27 05:10:32: Epoch [29]   time cost: 1063.77 sec (0.30 h)
2020-03-27 05:10:32: Start epoch 30:
2020-03-27 05:10:37: Epoch [30]  Batch [0]    Speed   3.2 (+14) sample/sec  loss-ce = 0.78180, top1 = 0.93750, top5 = 0.93750  
2020-03-27 05:14:40: Epoch [30]  Batch [50]   Speed   3.3 (+13) sample/sec  loss-ce = 0.26421, top1 = 0.93875, top5 = 0.99125  
2020-03-27 05:18:40: Epoch [30]  Batch [100]  Speed   3.3 (+13) sample/sec  loss-ce = 0.26086, top1 = 0.94125, top5 = 0.99500  
2020-03-27 05:22:38: Epoch [30]  Batch [150]  Speed   3.4 (+13) sample/sec  loss-ce = 0.25042, top1 = 0.94625, top5 = 0.99750  
2020-03-27 05:26:37: Epoch [30]  Batch [200]  Speed   3.4 (+13) sample/sec  loss-ce = 0.26638, top1 = 0.94125, top5 = 0.99375  
2020-03-27 05:28:22: Epoch [30]   time cost: 1070.03 sec (0.30 h)
2020-03-27 05:28:22: Start epoch 31:
2020-03-27 05:28:27: Epoch [31]  Batch [0]    Speed   3.5 (+13) sample/sec  loss-ce = 0.13785, top1 = 1.00000, top5 = 1.00000  
2020-03-27 05:32:26: Epoch [31]  Batch [50]   Speed   3.3 (+13) sample/sec  loss-ce = 0.24385, top1 = 0.94125, top5 = 0.99500  
2020-03-27 05:36:23: Epoch [31]  Batch [100]  Speed   3.4 (+13) sample/sec  loss-ce = 0.26031, top1 = 0.93625, top5 = 0.99750  
2020-03-27 05:40:23: Epoch [31]  Batch [150]  Speed   3.3 (+13) sample/sec  loss-ce = 0.26549, top1 = 0.93875, top5 = 0.99250  
2020-03-27 05:44:20: Epoch [31]  Batch [200]  Speed   3.4 (+13) sample/sec  loss-ce = 0.25887, top1 = 0.94250, top5 = 0.99000  
2020-03-27 05:46:05: Epoch [31]   time cost: 1063.35 sec (0.30 h)
2020-03-27 05:46:05: Checkpoint (model & optimizer) saved to: ./exps/models/archive/Viax_Liao_ep-0032.pth
2020-03-27 05:46:05: Start evaluating epoch 31:
2020-03-27 05:50:21: Epoch [31]  Batch [191]  Speed   6.0 (+49) sample/sec  loss-ce = 1.19806, top1 = 0.67778, top5 = 0.91634  
2020-03-27 05:50:21: Start epoch 32:
2020-03-27 05:50:26: Epoch [32]  Batch [0]    Speed   3.0 (+13) sample/sec  loss-ce = 0.20362, top1 = 0.93750, top5 = 1.00000  
2020-03-27 05:54:23: Epoch [32]  Batch [50]   Speed   3.4 (+13) sample/sec  loss-ce = 0.26503, top1 = 0.93125, top5 = 0.99625  
2020-03-27 05:58:22: Epoch [32]  Batch [100]  Speed   3.3 (+13) sample/sec  loss-ce = 0.25987, top1 = 0.93875, top5 = 0.99000  
2020-03-27 06:02:19: Epoch [32]  Batch [150]  Speed   3.4 (+13) sample/sec  loss-ce = 0.27046, top1 = 0.93250, top5 = 0.99625  
2020-03-27 06:06:14: Epoch [32]  Batch [200]  Speed   3.4 (+13) sample/sec  loss-ce = 0.21476, top1 = 0.95875, top5 = 0.99500  
2020-03-27 06:08:01: Epoch [32]   time cost: 1060.37 sec (0.29 h)
2020-03-27 06:08:01: Start epoch 33:
2020-03-27 06:08:06: Epoch [33]  Batch [0]    Speed   3.5 (+13) sample/sec  loss-ce = 0.22825, top1 = 1.00000, top5 = 1.00000  
2020-03-27 06:12:01: Epoch [33]  Batch [50]   Speed   3.4 (+13) sample/sec  loss-ce = 0.30333, top1 = 0.93125, top5 = 0.99125  
2020-03-27 06:16:00: Epoch [33]  Batch [100]  Speed   3.3 (+13) sample/sec  loss-ce = 0.26063, top1 = 0.94500, top5 = 0.99125  
2020-03-27 06:20:01: Epoch [33]  Batch [150]  Speed   3.3 (+13) sample/sec  loss-ce = 0.23975, top1 = 0.94500, top5 = 0.99750  
2020-03-27 06:24:01: Epoch [33]  Batch [200]  Speed   3.3 (+13) sample/sec  loss-ce = 0.28067, top1 = 0.94250, top5 = 0.98875  
2020-03-27 06:25:45: Epoch [33]   time cost: 1064.27 sec (0.30 h)
2020-03-27 06:25:45: Start epoch 34:
2020-03-27 06:25:50: Epoch [34]  Batch [0]    Speed   3.4 (+13) sample/sec  loss-ce = 0.16035, top1 = 1.00000, top5 = 1.00000  
2020-03-27 06:29:52: Epoch [34]  Batch [50]   Speed   3.3 (+13) sample/sec  loss-ce = 0.29014, top1 = 0.93625, top5 = 0.99250  
2020-03-27 06:33:47: Epoch [34]  Batch [100]  Speed   3.4 (+13) sample/sec  loss-ce = 0.22848, top1 = 0.93875, top5 = 0.99500  
2020-03-27 06:37:43: Epoch [34]  Batch [150]  Speed   3.4 (+13) sample/sec  loss-ce = 0.26360, top1 = 0.93500, top5 = 0.99125  
2020-03-27 06:41:44: Epoch [34]  Batch [200]  Speed   3.3 (+13) sample/sec  loss-ce = 0.27039, top1 = 0.94125, top5 = 0.99500  
2020-03-27 06:43:31: Epoch [34]   time cost: 1065.34 sec (0.30 h)
2020-03-27 06:43:31: Start epoch 35:
2020-03-27 06:43:35: Epoch [35]  Batch [0]    Speed   3.9 (+13) sample/sec  loss-ce = 0.13688, top1 = 1.00000, top5 = 1.00000  
2020-03-27 06:47:33: Epoch [35]  Batch [50]   Speed   3.4 (+13) sample/sec  loss-ce = 0.24270, top1 = 0.94375, top5 = 0.99625  
2020-03-27 06:51:34: Epoch [35]  Batch [100]  Speed   3.3 (+13) sample/sec  loss-ce = 0.27188, top1 = 0.94500, top5 = 0.99250  
2020-03-27 06:55:29: Epoch [35]  Batch [150]  Speed   3.4 (+13) sample/sec  loss-ce = 0.28061, top1 = 0.93500, top5 = 0.99250  
2020-03-27 06:59:27: Epoch [35]  Batch [200]  Speed   3.4 (+13) sample/sec  loss-ce = 0.21478, top1 = 0.95875, top5 = 0.99625  
2020-03-27 07:01:13: Epoch [35]   time cost: 1061.89 sec (0.29 h)
2020-03-27 07:01:13: Start evaluating epoch 35:
2020-03-27 07:05:27: Epoch [35]  Batch [191]  Speed   6.0 (+49) sample/sec  loss-ce = 1.20766, top1 = 0.67516, top5 = 0.91634  
2020-03-27 07:05:27: Start epoch 36:
2020-03-27 07:05:32: Epoch [36]  Batch [0]    Speed   2.9 (+13) sample/sec  loss-ce = 0.09431, top1 = 1.00000, top5 = 1.00000  
2020-03-27 07:09:32: Epoch [36]  Batch [50]   Speed   3.3 (+13) sample/sec  loss-ce = 0.26183, top1 = 0.95500, top5 = 0.99500  
2020-03-27 07:13:34: Epoch [36]  Batch [100]  Speed   3.3 (+13) sample/sec  loss-ce = 0.28720, top1 = 0.93875, top5 = 0.99250  
2020-03-27 07:17:32: Epoch [36]  Batch [150]  Speed   3.4 (+13) sample/sec  loss-ce = 0.23685, top1 = 0.94375, top5 = 0.99375  
2020-03-27 07:21:31: Epoch [36]  Batch [200]  Speed   3.3 (+13) sample/sec  loss-ce = 0.25871, top1 = 0.94250, top5 = 0.99125  
2020-03-27 07:23:17: Epoch [36]   time cost: 1070.46 sec (0.30 h)
2020-03-27 07:23:17: Start epoch 37:
2020-03-27 07:23:22: Epoch [37]  Batch [0]    Speed   3.5 (+13) sample/sec  loss-ce = 0.42670, top1 = 0.87500, top5 = 1.00000  
2020-03-27 07:27:24: Epoch [37]  Batch [50]   Speed   3.3 (+13) sample/sec  loss-ce = 0.26005, top1 = 0.94000, top5 = 0.99500  
2020-03-27 07:31:22: Epoch [37]  Batch [100]  Speed   3.4 (+13) sample/sec  loss-ce = 0.26268, top1 = 0.93375, top5 = 0.99625  
2020-03-27 07:35:21: Epoch [37]  Batch [150]  Speed   3.3 (+13) sample/sec  loss-ce = 0.23933, top1 = 0.95375, top5 = 0.99500  
2020-03-27 07:39:16: Epoch [37]  Batch [200]  Speed   3.4 (+13) sample/sec  loss-ce = 0.27604, top1 = 0.93125, top5 = 0.99250  
2020-03-27 07:41:04: Epoch [37]   time cost: 1066.38 sec (0.30 h)
2020-03-27 07:41:04: Start epoch 38:
2020-03-27 07:41:08: Epoch [38]  Batch [0]    Speed   3.5 (+13) sample/sec  loss-ce = 0.13137, top1 = 0.93750, top5 = 1.00000  
2020-03-27 07:45:12: Epoch [38]  Batch [50]   Speed   3.3 (+13) sample/sec  loss-ce = 0.23806, top1 = 0.94250, top5 = 0.99625  
2020-03-27 07:49:09: Epoch [38]  Batch [100]  Speed   3.4 (+13) sample/sec  loss-ce = 0.22825, top1 = 0.95375, top5 = 0.99500  
2020-03-27 07:53:04: Epoch [38]  Batch [150]  Speed   3.4 (+13) sample/sec  loss-ce = 0.28380, top1 = 0.93875, top5 = 0.99000  
2020-03-27 07:57:04: Epoch [38]  Batch [200]  Speed   3.3 (+13) sample/sec  loss-ce = 0.26356, top1 = 0.94125, top5 = 0.99500  
2020-03-27 07:58:48: Epoch [38]   time cost: 1063.74 sec (0.30 h)
2020-03-27 07:58:48: Start epoch 39:
2020-03-27 07:58:52: Epoch [39]  Batch [0]    Speed   3.3 (+14) sample/sec  loss-ce = 0.25119, top1 = 0.87500, top5 = 1.00000  
2020-03-27 08:02:49: Epoch [39]  Batch [50]   Speed   3.4 (+13) sample/sec  loss-ce = 0.19476, top1 = 0.95750, top5 = 0.99750  
2020-03-27 08:06:50: Epoch [39]  Batch [100]  Speed   3.3 (+13) sample/sec  loss-ce = 0.29793, top1 = 0.91750, top5 = 0.99750  
2020-03-27 08:10:50: Epoch [39]  Batch [150]  Speed   3.3 (+13) sample/sec  loss-ce = 0.25955, top1 = 0.93875, top5 = 0.99500  
2020-03-27 08:14:44: Epoch [39]  Batch [200]  Speed   3.4 (+13) sample/sec  loss-ce = 0.23393, top1 = 0.95500, top5 = 0.99500  
2020-03-27 08:16:32: Epoch [39]   time cost: 1064.61 sec (0.30 h)
2020-03-27 08:16:33: Checkpoint (model & optimizer) saved to: ./exps/models/archive/Viax_Liao_ep-0040.pth
2020-03-27 08:16:33: Start evaluating epoch 39:
2020-03-27 08:20:47: Epoch [39]  Batch [191]  Speed   6.0 (+49) sample/sec  loss-ce = 1.20411, top1 = 0.67843, top5 = 0.91961  
2020-03-27 08:20:47: Optimization done!
