2020-03-01 21:32:19: Using pytorch 1.1.0 (['/home/xyc/anaconda3/envs/pytorch110/lib/python3.7/site-packages/torch'])
2020-03-01 21:32:19: Start training with args:
{
    "backend": "nccl",
    "batch_size": 16,
    "clip_length": 16,
    "dataset": "HMDB51",
    "debug_mode": true,
    "dist_url": "tcp://192.168.0.11:23456",
    "end_epoch": 40,
    "fine_tune": true,
    "gpus": "0,1,2,3,4,5,6,7",
    "log_file": "./exps/logs/Viax_Liao_at-xyc-MS-7B61.log",
    "lr_base": 0.005,
    "lr_factor": 0.1,
    "lr_steps": [
        50000,
        100000,
        150000
    ],
    "model_dir": "./exps/models/archive",
    "model_prefix": "./exps/models/archive/Viax_Liao",
    "network": "CHANGE_2",
    "pretrained_2d": true,
    "pretrained_3d": "./network/pretrained/MFNet3D_Kinetics-400_72.8.pth",
    "random_seed": 1,
    "resume_epoch": -1,
    "save_frequency": 8,
    "task_name": "Viax_Liao",
    "train_frame_interval": 2,
    "val_frame_interval": 2,
    "world_size": 1
}
2020-03-01 21:32:20: Target dataset: 'HMDB51', configs: {'num_classes': 51}
2020-03-01 21:32:20: Initializer:: 'Tanh' is uninitialized.
2020-03-01 21:32:20: Initializer:: 'Tanh' is uninitialized.
2020-03-01 21:32:20: Initializer:: 'AvgPool2d' is uninitialized.
2020-03-01 21:32:20: Initializer:: 'Motion_Exctractor_MEAN' is uninitialized.
2020-03-01 21:32:20: Initializer:: 'AvgPool1d' is uninitialized.
2020-03-01 21:32:20: Network:: graph initialized, loading pretrained model: `/work/Viax_Liao/network/pretrained/MFNet2D_ImageNet1k-0000.pth'
2020-03-01 21:32:20: Initializer:: loading from 2D neural network, filling method: `inflation' ...
2020-03-01 21:32:20: Initializer:: >> 2 params are unused: ['classifier.weight', 'classifier.bias']
2020-03-01 21:32:20: Initializer:: >> failed to load: 
[
    "conv1.bn.num_batches_tracked",
    "conv2.B01.conv_i1.bn.num_batches_tracked",
    "conv2.B01.conv_i2.bn.num_batches_tracked",
    "conv2.B01.conv_m1.bn.num_batches_tracked",
    "conv2.B01.conv_m2.bn.num_batches_tracked",
    "conv2.B01.conv_w1.bn.num_batches_tracked",
    "conv2.B02.conv_i1.bn.num_batches_tracked",
    "conv2.B02.conv_i2.bn.num_batches_tracked",
    "conv2.B02.conv_m1.bn.num_batches_tracked",
    "conv2.B02.conv_m2.bn.num_batches_tracked",
    "conv2.B03.conv_i1.bn.num_batches_tracked",
    "conv2.B03.conv_i2.bn.num_batches_tracked",
    "conv2.B03.conv_m1.bn.num_batches_tracked",
    "conv2.B03.conv_m2.bn.num_batches_tracked",
    "conv3.B01.conv_i1.bn.num_batches_tracked",
    "conv3.B01.conv_i2.bn.num_batches_tracked",
    "conv3.B01.conv_m1.bn.num_batches_tracked",
    "conv3.B01.conv_m2.bn.num_batches_tracked",
    "conv3.B01.conv_w1.bn.num_batches_tracked",
    "conv3.B02.conv_i1.bn.num_batches_tracked",
    "conv3.B02.conv_i2.bn.num_batches_tracked",
    "conv3.B02.conv_m1.bn.num_batches_tracked",
    "conv3.B02.conv_m2.bn.num_batches_tracked",
    "conv3.B03.conv_i1.bn.num_batches_tracked",
    "conv3.B03.conv_i2.bn.num_batches_tracked",
    "conv3.B03.conv_m1.bn.num_batches_tracked",
    "conv3.B03.conv_m2.bn.num_batches_tracked",
    "conv3.B04.conv_i1.bn.num_batches_tracked",
    "conv3.B04.conv_i2.bn.num_batches_tracked",
    "conv3.B04.conv_m1.bn.num_batches_tracked",
    "conv3.B04.conv_m2.bn.num_batches_tracked",
    "conv4.B01.conv_i1.bn.num_batches_tracked",
    "conv4.B01.conv_i2.bn.num_batches_tracked",
    "conv4.B01.conv_m1.bn.num_batches_tracked",
    "conv4.B01.conv_m2.bn.num_batches_tracked",
    "conv4.B01.conv_w1.bn.num_batches_tracked",
    "conv4.B02.conv_i1.bn.num_batches_tracked",
    "conv4.B02.conv_i2.bn.num_batches_tracked",
    "conv4.B02.conv_m1.bn.num_batches_tracked",
    "conv4.B02.conv_m2.bn.num_batches_tracked",
    "conv4.B03.conv_i1.bn.num_batches_tracked",
    "conv4.B03.conv_i2.bn.num_batches_tracked",
    "conv4.B03.conv_m1.bn.num_batches_tracked",
    "conv4.B03.conv_m2.bn.num_batches_tracked",
    "conv4.B04.conv_i1.bn.num_batches_tracked",
    "conv4.B04.conv_i2.bn.num_batches_tracked",
    "conv4.B04.conv_m1.bn.num_batches_tracked",
    "conv4.B04.conv_m2.bn.num_batches_tracked",
    "conv4.B05.conv_i1.bn.num_batches_tracked",
    "conv4.B05.conv_i2.bn.num_batches_tracked",
    "conv4.B05.conv_m1.bn.num_batches_tracked",
    "conv4.B05.conv_m2.bn.num_batches_tracked",
    "conv4.B06.conv_i1.bn.num_batches_tracked",
    "conv4.B06.conv_i2.bn.num_batches_tracked",
    "conv4.B06.conv_m1.bn.num_batches_tracked",
    "conv4.B06.conv_m2.bn.num_batches_tracked",
    "conv5.B01.conv_i1.bn.num_batches_tracked",
    "conv5.B01.conv_i2.bn.num_batches_tracked",
    "conv5.B01.conv_m1.bn.num_batches_tracked",
    "conv5.B01.conv_m2.bn.num_batches_tracked",
    "conv5.B01.conv_w1.bn.num_batches_tracked",
    "conv5.B02.conv_i1.bn.num_batches_tracked",
    "conv5.B02.conv_i2.bn.num_batches_tracked",
    "conv5.B02.conv_m1.bn.num_batches_tracked",
    "conv5.B02.conv_m2.bn.num_batches_tracked",
    "conv5.B03.conv_i1.bn.num_batches_tracked",
    "conv5.B03.conv_i2.bn.num_batches_tracked",
    "conv5.B03.conv_m1.bn.num_batches_tracked",
    "conv5.B03.conv_m2.bn.num_batches_tracked",
    "motion_exctractor.mh_norm.weight",
    "motion_exctractor.mh_norm.bias",
    "motion_exctractor.mh_norm.running_mean",
    "motion_exctractor.mh_norm.running_var",
    "motion_exctractor.mh_norm.num_batches_tracked",
    "motion_exctractor.mh_up.weight",
    "motion_exctractor.mh_up.bias",
    "motion_exctractor.mh_up2.weight",
    "motion_exctractor.mh_up2.bias",
    "motion_exctractor.mh_conv1.conv.weight",
    "motion_exctractor.mh_conv1.bn.weight",
    "motion_exctractor.mh_conv1.bn.bias",
    "motion_exctractor.mh_conv1.bn.running_mean",
    "motion_exctractor.mh_conv1.bn.running_var",
    "motion_exctractor.mh_conv1.bn.num_batches_tracked",
    "motion_exctractor.mh_conv2.conv.weight",
    "motion_exctractor.mh_conv2.bn.weight",
    "motion_exctractor.mh_conv2.bn.bias",
    "motion_exctractor.mh_conv2.bn.running_mean",
    "motion_exctractor.mh_conv2.bn.running_var",
    "motion_exctractor.mh_conv2.bn.num_batches_tracked",
    "tail.bn.num_batches_tracked",
    "classifier.weight",
    "classifier.bias"
]
2020-03-01 21:32:20: loading network configs of: CHANGE_2
2020-03-01 21:32:20: data:: {'mean': [0.485, 0.456, 0.406], 'std': [0.229, 0.224, 0.225]}
2020-03-01 21:32:20: VideoIter:: clip_length = 16, interval = [train: 2, val: 2], seed = 101
2020-03-01 21:32:20: VideoIter:: >> `check_video' is off, `tolerant_corrupted_video' is automatically activated.
2020-03-01 21:32:20: VideoIter:: found 3570 videos in `./dataset/HMDB51/raw/list_cvt/hmdb51_split1_train.txt'
2020-03-01 21:32:20: VideoIter:: iterator initialized (phase: 'train', num: 3570)
2020-03-01 21:32:20: VideoIter:: >> `check_video' is off, `tolerant_corrupted_video' is automatically activated.
2020-03-01 21:32:20: VideoIter:: found 1530 videos in `./dataset/HMDB51/raw/list_cvt/hmdb51_split1_test.txt'
2020-03-01 21:32:20: VideoIter:: iterator initialized (phase: 'test', num: 1530)
2020-03-01 21:32:22: Optimizer:: >> recuding the learning rate of 221 params: ['conv1.conv.weight', 'conv1.bn.weight', 'conv1.bn.bias', 'conv2.B01.conv_i1.bn.weight', 'conv2.B01.conv_i1.bn.bias', 'conv2.B01.conv_i1.conv.weight', ... tion_exctractor.mh_conv2.conv.weight', 'motion_exctractor.mh_conv2.bn.weight', 'motion_exctractor.mh_conv2.bn.bias', 'tail.bn.weight', 'tail.bn.bias']
2020-03-01 21:32:22: Initializer:: loading model states from: `./network/pretrained/MFNet3D_Kinetics-400_72.8.pth'
2020-03-01 21:32:23: There are layers in current network not initialized by pretrained
2020-03-01 21:32:23: >> Failed to load: ['module.motion_exctractor.mh_norm.weight', 'module.motion_exctractor.mh_norm.bias', 'module.motion_exctractor.mh_norm.running_mean', 'module.motion_exctractor.mh_norm.running_var', 'module.motion_exctractor.mh_up.weight', 'module.motion_exctractor.mh_up.bias', 'module.motion_exctractor.mh_up2.weight', 'module.motion_exctractor.mh_up2.bias', 'module.motion_exctractor.mh_conv1.conv.weight', 'module.motion_exctractor.mh_conv1.bn.weight', 'module.motion_exctractor.mh_conv1.bn.bias', 'module.motion_exctractor.mh_conv1.bn.running_mean', 'module.motion_exctractor.mh_conv1.bn.running_var', 'module.motion_exctractor.mh_conv2.conv.weight', 'module.motion_exctractor.mh_conv2.bn.weight', 'module.motion_exctractor.mh_conv2.bn.bias', 'module.motion_exctractor.mh_conv2.bn.running_mean', 'module.motion_exctractor.mh_conv2.bn.running_var', 'module.classifier.weight', 'module.classifier.bias']
2020-03-01 21:32:23: Iter 0: start with learning rate: 5.00000e-03 (next lr step: 3125)
2020-03-01 21:32:23: Start epoch 0:
2020-03-01 21:37:36: Using pytorch 1.1.0 (['/home/xyc/anaconda3/envs/pytorch110/lib/python3.7/site-packages/torch'])
2020-03-01 21:37:36: Start training with args:
{
    "backend": "nccl",
    "batch_size": 16,
    "clip_length": 16,
    "dataset": "HMDB51",
    "debug_mode": true,
    "dist_url": "tcp://192.168.0.11:23456",
    "end_epoch": 40,
    "fine_tune": true,
    "gpus": "0,1,2,3,4,5,6,7",
    "log_file": "./exps/logs/Viax_Liao_at-xyc-MS-7B61.log",
    "lr_base": 0.005,
    "lr_factor": 0.1,
    "lr_steps": [
        50000,
        100000,
        150000
    ],
    "model_dir": "./exps/models/archive",
    "model_prefix": "./exps/models/archive/Viax_Liao",
    "network": "CHANGE_2",
    "pretrained_2d": true,
    "pretrained_3d": "./network/pretrained/MFNet3D_Kinetics-400_72.8.pth",
    "random_seed": 1,
    "resume_epoch": -1,
    "save_frequency": 8,
    "task_name": "Viax_Liao",
    "train_frame_interval": 2,
    "val_frame_interval": 2,
    "world_size": 1
}
2020-03-01 21:37:37: Target dataset: 'HMDB51', configs: {'num_classes': 51}
2020-03-01 21:37:37: Initializer:: 'Tanh' is uninitialized.
2020-03-01 21:37:37: Initializer:: 'Tanh' is uninitialized.
2020-03-01 21:37:37: Initializer:: 'AvgPool2d' is uninitialized.
2020-03-01 21:37:37: Initializer:: 'Motion_Exctractor_MEAN' is uninitialized.
2020-03-01 21:37:37: Initializer:: 'AvgPool1d' is uninitialized.
2020-03-01 21:37:37: Network:: graph initialized, loading pretrained model: `/work/Viax_Liao/network/pretrained/MFNet2D_ImageNet1k-0000.pth'
2020-03-01 21:37:37: Initializer:: loading from 2D neural network, filling method: `inflation' ...
2020-03-01 21:37:37: Initializer:: >> 2 params are unused: ['classifier.weight', 'classifier.bias']
2020-03-01 21:37:37: Initializer:: >> failed to load: 
[
    "conv1.bn.num_batches_tracked",
    "conv2.B01.conv_i1.bn.num_batches_tracked",
    "conv2.B01.conv_i2.bn.num_batches_tracked",
    "conv2.B01.conv_m1.bn.num_batches_tracked",
    "conv2.B01.conv_m2.bn.num_batches_tracked",
    "conv2.B01.conv_w1.bn.num_batches_tracked",
    "conv2.B02.conv_i1.bn.num_batches_tracked",
    "conv2.B02.conv_i2.bn.num_batches_tracked",
    "conv2.B02.conv_m1.bn.num_batches_tracked",
    "conv2.B02.conv_m2.bn.num_batches_tracked",
    "conv2.B03.conv_i1.bn.num_batches_tracked",
    "conv2.B03.conv_i2.bn.num_batches_tracked",
    "conv2.B03.conv_m1.bn.num_batches_tracked",
    "conv2.B03.conv_m2.bn.num_batches_tracked",
    "conv3.B01.conv_i1.bn.num_batches_tracked",
    "conv3.B01.conv_i2.bn.num_batches_tracked",
    "conv3.B01.conv_m1.bn.num_batches_tracked",
    "conv3.B01.conv_m2.bn.num_batches_tracked",
    "conv3.B01.conv_w1.bn.num_batches_tracked",
    "conv3.B02.conv_i1.bn.num_batches_tracked",
    "conv3.B02.conv_i2.bn.num_batches_tracked",
    "conv3.B02.conv_m1.bn.num_batches_tracked",
    "conv3.B02.conv_m2.bn.num_batches_tracked",
    "conv3.B03.conv_i1.bn.num_batches_tracked",
    "conv3.B03.conv_i2.bn.num_batches_tracked",
    "conv3.B03.conv_m1.bn.num_batches_tracked",
    "conv3.B03.conv_m2.bn.num_batches_tracked",
    "conv3.B04.conv_i1.bn.num_batches_tracked",
    "conv3.B04.conv_i2.bn.num_batches_tracked",
    "conv3.B04.conv_m1.bn.num_batches_tracked",
    "conv3.B04.conv_m2.bn.num_batches_tracked",
    "conv4.B01.conv_i1.bn.num_batches_tracked",
    "conv4.B01.conv_i2.bn.num_batches_tracked",
    "conv4.B01.conv_m1.bn.num_batches_tracked",
    "conv4.B01.conv_m2.bn.num_batches_tracked",
    "conv4.B01.conv_w1.bn.num_batches_tracked",
    "conv4.B02.conv_i1.bn.num_batches_tracked",
    "conv4.B02.conv_i2.bn.num_batches_tracked",
    "conv4.B02.conv_m1.bn.num_batches_tracked",
    "conv4.B02.conv_m2.bn.num_batches_tracked",
    "conv4.B03.conv_i1.bn.num_batches_tracked",
    "conv4.B03.conv_i2.bn.num_batches_tracked",
    "conv4.B03.conv_m1.bn.num_batches_tracked",
    "conv4.B03.conv_m2.bn.num_batches_tracked",
    "conv4.B04.conv_i1.bn.num_batches_tracked",
    "conv4.B04.conv_i2.bn.num_batches_tracked",
    "conv4.B04.conv_m1.bn.num_batches_tracked",
    "conv4.B04.conv_m2.bn.num_batches_tracked",
    "conv4.B05.conv_i1.bn.num_batches_tracked",
    "conv4.B05.conv_i2.bn.num_batches_tracked",
    "conv4.B05.conv_m1.bn.num_batches_tracked",
    "conv4.B05.conv_m2.bn.num_batches_tracked",
    "conv4.B06.conv_i1.bn.num_batches_tracked",
    "conv4.B06.conv_i2.bn.num_batches_tracked",
    "conv4.B06.conv_m1.bn.num_batches_tracked",
    "conv4.B06.conv_m2.bn.num_batches_tracked",
    "conv5.B01.conv_i1.bn.num_batches_tracked",
    "conv5.B01.conv_i2.bn.num_batches_tracked",
    "conv5.B01.conv_m1.bn.num_batches_tracked",
    "conv5.B01.conv_m2.bn.num_batches_tracked",
    "conv5.B01.conv_w1.bn.num_batches_tracked",
    "conv5.B02.conv_i1.bn.num_batches_tracked",
    "conv5.B02.conv_i2.bn.num_batches_tracked",
    "conv5.B02.conv_m1.bn.num_batches_tracked",
    "conv5.B02.conv_m2.bn.num_batches_tracked",
    "conv5.B03.conv_i1.bn.num_batches_tracked",
    "conv5.B03.conv_i2.bn.num_batches_tracked",
    "conv5.B03.conv_m1.bn.num_batches_tracked",
    "conv5.B03.conv_m2.bn.num_batches_tracked",
    "motion_exctractor.mh_norm.weight",
    "motion_exctractor.mh_norm.bias",
    "motion_exctractor.mh_norm.running_mean",
    "motion_exctractor.mh_norm.running_var",
    "motion_exctractor.mh_norm.num_batches_tracked",
    "motion_exctractor.mh_up.weight",
    "motion_exctractor.mh_up.bias",
    "motion_exctractor.mh_up2.weight",
    "motion_exctractor.mh_up2.bias",
    "motion_exctractor.mh_conv1.conv.weight",
    "motion_exctractor.mh_conv1.bn.weight",
    "motion_exctractor.mh_conv1.bn.bias",
    "motion_exctractor.mh_conv1.bn.running_mean",
    "motion_exctractor.mh_conv1.bn.running_var",
    "motion_exctractor.mh_conv1.bn.num_batches_tracked",
    "motion_exctractor.mh_conv2.conv.weight",
    "motion_exctractor.mh_conv2.bn.weight",
    "motion_exctractor.mh_conv2.bn.bias",
    "motion_exctractor.mh_conv2.bn.running_mean",
    "motion_exctractor.mh_conv2.bn.running_var",
    "motion_exctractor.mh_conv2.bn.num_batches_tracked",
    "tail.bn.num_batches_tracked",
    "classifier.weight",
    "classifier.bias"
]
2020-03-01 21:37:37: loading network configs of: CHANGE_2
2020-03-01 21:37:37: data:: {'mean': [0.485, 0.456, 0.406], 'std': [0.229, 0.224, 0.225]}
2020-03-01 21:37:37: VideoIter:: clip_length = 16, interval = [train: 2, val: 2], seed = 101
2020-03-01 21:37:37: VideoIter:: >> `check_video' is off, `tolerant_corrupted_video' is automatically activated.
2020-03-01 21:37:37: VideoIter:: found 3570 videos in `./dataset/HMDB51/raw/list_cvt/hmdb51_split1_train.txt'
2020-03-01 21:37:37: VideoIter:: iterator initialized (phase: 'train', num: 3570)
2020-03-01 21:37:37: VideoIter:: >> `check_video' is off, `tolerant_corrupted_video' is automatically activated.
2020-03-01 21:37:37: VideoIter:: found 1530 videos in `./dataset/HMDB51/raw/list_cvt/hmdb51_split1_test.txt'
2020-03-01 21:37:37: VideoIter:: iterator initialized (phase: 'test', num: 1530)
2020-03-01 21:37:39: Optimizer:: >> recuding the learning rate of 221 params: ['conv1.conv.weight', 'conv1.bn.weight', 'conv1.bn.bias', 'conv2.B01.conv_i1.bn.weight', 'conv2.B01.conv_i1.bn.bias', 'conv2.B01.conv_i1.conv.weight', ... tion_exctractor.mh_conv2.conv.weight', 'motion_exctractor.mh_conv2.bn.weight', 'motion_exctractor.mh_conv2.bn.bias', 'tail.bn.weight', 'tail.bn.bias']
2020-03-01 21:37:39: Initializer:: loading model states from: `./network/pretrained/MFNet3D_Kinetics-400_72.8.pth'
2020-03-01 21:37:40: There are layers in current network not initialized by pretrained
2020-03-01 21:37:40: >> Failed to load: ['module.motion_exctractor.mh_norm.weight', 'module.motion_exctractor.mh_norm.bias', 'module.motion_exctractor.mh_norm.running_mean', 'module.motion_exctractor.mh_norm.running_var', 'module.motion_exctractor.mh_up.weight', 'module.motion_exctractor.mh_up.bias', 'module.motion_exctractor.mh_up2.weight', 'module.motion_exctractor.mh_up2.bias', 'module.motion_exctractor.mh_conv1.conv.weight', 'module.motion_exctractor.mh_conv1.bn.weight', 'module.motion_exctractor.mh_conv1.bn.bias', 'module.motion_exctractor.mh_conv1.bn.running_mean', 'module.motion_exctractor.mh_conv1.bn.running_var', 'module.motion_exctractor.mh_conv2.conv.weight', 'module.motion_exctractor.mh_conv2.bn.weight', 'module.motion_exctractor.mh_conv2.bn.bias', 'module.motion_exctractor.mh_conv2.bn.running_mean', 'module.motion_exctractor.mh_conv2.bn.running_var', 'module.classifier.weight', 'module.classifier.bias']
2020-03-01 21:37:40: Iter 0: start with learning rate: 5.00000e-03 (next lr step: 3125)
2020-03-01 21:37:40: Start epoch 0:
2020-03-01 21:37:49: Epoch [0]   Batch [0]    Speed   1.6 (+ 1) sample/sec  loss-ce = 4.35019, top1 = 0.00000, top5 = 0.00000  
2020-03-01 21:41:45: Epoch [0]   Batch [50]   Speed   3.4 (+13) sample/sec  loss-ce = 3.98275, top1 = 0.05125, top5 = 0.18250  
2020-03-01 21:45:46: Epoch [0]   Batch [100]  Speed   3.3 (+13) sample/sec  loss-ce = 3.43456, top1 = 0.17125, top5 = 0.40000  
2020-03-01 21:49:46: Epoch [0]   Batch [150]  Speed   3.3 (+13) sample/sec  loss-ce = 2.81275, top1 = 0.34500, top5 = 0.60250  
2020-03-01 21:53:48: Epoch [0]   Batch [200]  Speed   3.3 (+13) sample/sec  loss-ce = 2.15378, top1 = 0.47125, top5 = 0.76375  
2020-03-01 21:55:39: Epoch [0]   time cost: 1079.97 sec (0.30 h)
2020-03-01 21:55:40: Checkpoint (model & optimizer) saved to: ./exps/models/archive/Viax_Liao_ep-0001.pth
2020-03-01 21:55:40: Start epoch 1:
2020-03-01 21:55:44: Epoch [1]   Batch [0]    Speed   3.3 (+14) sample/sec  loss-ce = 1.77646, top1 = 0.56250, top5 = 0.87500  
2020-03-01 21:59:46: Epoch [1]   Batch [50]   Speed   3.3 (+13) sample/sec  loss-ce = 1.61631, top1 = 0.62125, top5 = 0.86000  
2020-03-01 22:03:42: Epoch [1]   Batch [100]  Speed   3.4 (+13) sample/sec  loss-ce = 1.45488, top1 = 0.62375, top5 = 0.89125  
2020-03-01 22:07:37: Epoch [1]   Batch [150]  Speed   3.4 (+13) sample/sec  loss-ce = 1.39547, top1 = 0.63500, top5 = 0.89250  
2020-03-01 22:11:37: Epoch [1]   Batch [200]  Speed   3.3 (+13) sample/sec  loss-ce = 1.25083, top1 = 0.68000, top5 = 0.90875  
2020-03-01 22:13:24: Epoch [1]   time cost: 1064.41 sec (0.30 h)
2020-03-01 22:13:24: Start epoch 2:
2020-03-01 22:13:29: Epoch [2]   Batch [0]    Speed   3.3 (+14) sample/sec  loss-ce = 1.74537, top1 = 0.50000, top5 = 0.81250  
2020-03-01 22:17:27: Epoch [2]   Batch [50]   Speed   3.4 (+13) sample/sec  loss-ce = 1.07296, top1 = 0.72250, top5 = 0.92500  
2020-03-01 22:21:24: Epoch [2]   Batch [100]  Speed   3.4 (+13) sample/sec  loss-ce = 1.05072, top1 = 0.72625, top5 = 0.93625  
2020-03-01 22:25:26: Epoch [2]   Batch [150]  Speed   3.3 (+13) sample/sec  loss-ce = 1.03137, top1 = 0.73375, top5 = 0.93125  
2020-03-01 22:29:29: Epoch [2]   Batch [200]  Speed   3.3 (+13) sample/sec  loss-ce = 1.00073, top1 = 0.72625, top5 = 0.92250  
2020-03-01 22:31:15: Epoch [2]   time cost: 1071.17 sec (0.30 h)
2020-03-01 22:31:15: Start epoch 3:
2020-03-01 22:31:20: Epoch [3]   Batch [0]    Speed   3.3 (+14) sample/sec  loss-ce = 0.96068, top1 = 0.68750, top5 = 0.93750  
2020-03-01 22:35:23: Epoch [3]   Batch [50]   Speed   3.3 (+13) sample/sec  loss-ce = 0.87072, top1 = 0.77375, top5 = 0.95125  
2020-03-01 22:39:22: Epoch [3]   Batch [100]  Speed   3.3 (+13) sample/sec  loss-ce = 0.88159, top1 = 0.74250, top5 = 0.93875  
2020-03-01 22:43:28: Epoch [3]   Batch [150]  Speed   3.3 (+13) sample/sec  loss-ce = 0.90068, top1 = 0.74125, top5 = 0.94125  
2020-03-01 22:47:31: Epoch [3]   Batch [200]  Speed   3.3 (+13) sample/sec  loss-ce = 0.80943, top1 = 0.79375, top5 = 0.95750  
2020-03-01 22:49:14: Epoch [3]   time cost: 1079.25 sec (0.30 h)
2020-03-01 22:49:14: Start evaluating epoch 3:
2020-03-01 22:53:30: Epoch [3]   Batch [191]  Speed   6.0 (+46) sample/sec  loss-ce = 1.13972, top1 = 0.67516, top5 = 0.91503  
2020-03-01 22:53:30: Current best epoch found with top5 accuracy 0.91503 at epoch 4, saved
2020-03-01 22:53:30: Checkpoint (model & optimizer) saved to: ./exps/models/archive/Viax_Liao_ep-0004.pth
2020-03-01 22:53:30: Checkpoint (model & optimizer) saved to: ./exps/models/archive/Viax_Liao_ep-0004.pth
2020-03-01 22:53:30: Current best epoch found with top1 accuracy 0.67516 at epoch 4, saved
2020-03-01 22:53:30: Start epoch 4:
2020-03-01 22:53:35: Epoch [4]   Batch [0]    Speed   3.6 (+13) sample/sec  loss-ce = 1.26136, top1 = 0.62500, top5 = 0.87500  
2020-03-01 22:57:33: Epoch [4]   Batch [50]   Speed   3.4 (+13) sample/sec  loss-ce = 0.74071, top1 = 0.79000, top5 = 0.97000  
2020-03-01 23:01:32: Epoch [4]   Batch [100]  Speed   3.3 (+13) sample/sec  loss-ce = 0.75002, top1 = 0.80125, top5 = 0.95375  
2020-03-01 23:05:31: Epoch [4]   Batch [150]  Speed   3.3 (+13) sample/sec  loss-ce = 0.78132, top1 = 0.80625, top5 = 0.95375  
2020-03-01 23:09:29: Epoch [4]   Batch [200]  Speed   3.4 (+13) sample/sec  loss-ce = 0.75678, top1 = 0.79500, top5 = 0.95125  
2020-03-01 23:11:17: Epoch [4]   time cost: 1067.03 sec (0.30 h)
2020-03-01 23:11:17: Start epoch 5:
2020-03-01 23:11:22: Epoch [5]   Batch [0]    Speed   3.4 (+13) sample/sec  loss-ce = 0.71639, top1 = 0.81250, top5 = 0.93750  
2020-03-01 23:15:25: Epoch [5]   Batch [50]   Speed   3.3 (+14) sample/sec  loss-ce = 0.71190, top1 = 0.80625, top5 = 0.97125  
2020-03-01 23:19:22: Epoch [5]   Batch [100]  Speed   3.4 (+13) sample/sec  loss-ce = 0.68684, top1 = 0.80875, top5 = 0.96250  
2020-03-01 23:23:20: Epoch [5]   Batch [150]  Speed   3.4 (+13) sample/sec  loss-ce = 0.74240, top1 = 0.80875, top5 = 0.95000  
2020-03-01 23:27:15: Epoch [5]   Batch [200]  Speed   3.4 (+13) sample/sec  loss-ce = 0.67386, top1 = 0.81375, top5 = 0.95625  
2020-03-01 23:29:02: Epoch [5]   time cost: 1064.97 sec (0.30 h)
2020-03-01 23:29:02: Start epoch 6:
2020-03-01 23:29:07: Epoch [6]   Batch [0]    Speed   3.5 (+13) sample/sec  loss-ce = 0.81058, top1 = 0.75000, top5 = 0.87500  
2020-03-01 23:33:04: Epoch [6]   Batch [50]   Speed   3.4 (+13) sample/sec  loss-ce = 0.60014, top1 = 0.84125, top5 = 0.97500  
2020-03-01 23:37:01: Epoch [6]   Batch [100]  Speed   3.4 (+13) sample/sec  loss-ce = 0.65076, top1 = 0.81125, top5 = 0.96750  
2020-03-01 23:41:01: Epoch [6]   Batch [150]  Speed   3.3 (+13) sample/sec  loss-ce = 0.68587, top1 = 0.81375, top5 = 0.96000  
2020-03-01 23:44:56: Epoch [6]   Batch [200]  Speed   3.4 (+13) sample/sec  loss-ce = 0.66334, top1 = 0.81500, top5 = 0.96375  
2020-03-01 23:46:42: Epoch [6]   time cost: 1059.89 sec (0.29 h)
2020-03-01 23:46:42: Start epoch 7:
2020-03-01 23:46:46: Epoch [7]   Batch [0]    Speed   3.7 (+13) sample/sec  loss-ce = 0.18909, top1 = 1.00000, top5 = 1.00000  
2020-03-01 23:50:43: Epoch [7]   Batch [50]   Speed   3.4 (+13) sample/sec  loss-ce = 0.56339, top1 = 0.85875, top5 = 0.97125  
2020-03-01 23:54:47: Epoch [7]   Batch [100]  Speed   3.3 (+13) sample/sec  loss-ce = 0.56320, top1 = 0.84750, top5 = 0.97375  
2020-03-01 23:58:45: Epoch [7]   Batch [150]  Speed   3.4 (+13) sample/sec  loss-ce = 0.51893, top1 = 0.86750, top5 = 0.98125  
2020-03-02 00:02:44: Epoch [7]   Batch [200]  Speed   3.3 (+13) sample/sec  loss-ce = 0.59311, top1 = 0.85000, top5 = 0.96500  
2020-03-02 00:04:30: Epoch [7]   time cost: 1067.69 sec (0.30 h)
2020-03-02 00:04:30: Checkpoint (model & optimizer) saved to: ./exps/models/archive/Viax_Liao_ep-0008.pth
2020-03-02 00:04:30: Start evaluating epoch 7:
2020-03-02 00:08:42: Epoch [7]   Batch [191]  Speed   6.1 (+49) sample/sec  loss-ce = 1.14545, top1 = 0.67516, top5 = 0.91765  
2020-03-02 00:08:42: Current best epoch found with top5 accuracy 0.91765 at epoch 8, saved
2020-03-02 00:08:42: Current best epoch found with top1 accuracy 0.67516 at epoch 8, saved
2020-03-02 00:08:42: Start epoch 8:
2020-03-02 00:08:47: Epoch [8]   Batch [0]    Speed   3.3 (+13) sample/sec  loss-ce = 0.35328, top1 = 0.93750, top5 = 1.00000  
2020-03-02 00:12:41: Epoch [8]   Batch [50]   Speed   3.4 (+13) sample/sec  loss-ce = 0.49243, top1 = 0.86875, top5 = 0.97375  
2020-03-02 00:16:40: Epoch [8]   Batch [100]  Speed   3.4 (+13) sample/sec  loss-ce = 0.52026, top1 = 0.86375, top5 = 0.97750  
2020-03-02 00:20:40: Epoch [8]   Batch [150]  Speed   3.3 (+13) sample/sec  loss-ce = 0.50955, top1 = 0.87000, top5 = 0.98250  
2020-03-02 00:24:40: Epoch [8]   Batch [200]  Speed   3.3 (+13) sample/sec  loss-ce = 0.48974, top1 = 0.86750, top5 = 0.97375  
2020-03-02 00:26:26: Epoch [8]   time cost: 1063.64 sec (0.30 h)
2020-03-02 00:26:26: Start epoch 9:
2020-03-02 00:26:31: Epoch [9]   Batch [0]    Speed   3.0 (+14) sample/sec  loss-ce = 0.39532, top1 = 0.87500, top5 = 1.00000  
2020-03-02 00:30:27: Epoch [9]   Batch [50]   Speed   3.4 (+13) sample/sec  loss-ce = 0.45941, top1 = 0.88000, top5 = 0.98375  
2020-03-02 00:34:24: Epoch [9]   Batch [100]  Speed   3.4 (+13) sample/sec  loss-ce = 0.48731, top1 = 0.86375, top5 = 0.98875  
2020-03-02 00:38:23: Epoch [9]   Batch [150]  Speed   3.3 (+13) sample/sec  loss-ce = 0.51040, top1 = 0.86625, top5 = 0.97375  
2020-03-02 00:42:21: Epoch [9]   Batch [200]  Speed   3.4 (+13) sample/sec  loss-ce = 0.51371, top1 = 0.85125, top5 = 0.98000  
2020-03-02 00:44:07: Epoch [9]   time cost: 1061.51 sec (0.29 h)
2020-03-02 00:44:07: Start epoch 10:
2020-03-02 00:44:12: Epoch [10]  Batch [0]    Speed   3.0 (+14) sample/sec  loss-ce = 0.62185, top1 = 0.87500, top5 = 0.93750  
2020-03-02 00:48:12: Epoch [10]  Batch [50]   Speed   3.3 (+13) sample/sec  loss-ce = 0.48526, top1 = 0.86625, top5 = 0.98000  
2020-03-02 00:52:06: Epoch [10]  Batch [100]  Speed   3.4 (+13) sample/sec  loss-ce = 0.47456, top1 = 0.87875, top5 = 0.97250  
2020-03-02 00:56:02: Epoch [10]  Batch [150]  Speed   3.4 (+13) sample/sec  loss-ce = 0.43417, top1 = 0.88750, top5 = 0.98250  
2020-03-02 01:00:03: Epoch [10]  Batch [200]  Speed   3.3 (+13) sample/sec  loss-ce = 0.44798, top1 = 0.88125, top5 = 0.98875  
2020-03-02 01:01:51: Epoch [10]   time cost: 1063.84 sec (0.30 h)
2020-03-02 01:01:51: Start epoch 11:
2020-03-02 01:01:56: Epoch [11]  Batch [0]    Speed   3.3 (+13) sample/sec  loss-ce = 0.12696, top1 = 1.00000, top5 = 1.00000  
2020-03-02 01:05:51: Epoch [11]  Batch [50]   Speed   3.4 (+13) sample/sec  loss-ce = 0.41950, top1 = 0.89750, top5 = 0.98125  
2020-03-02 01:09:49: Epoch [11]  Batch [100]  Speed   3.4 (+13) sample/sec  loss-ce = 0.44751, top1 = 0.87125, top5 = 0.98250  
2020-03-02 01:13:49: Epoch [11]  Batch [150]  Speed   3.3 (+13) sample/sec  loss-ce = 0.42420, top1 = 0.87500, top5 = 0.97875  
2020-03-02 01:17:43: Epoch [11]  Batch [200]  Speed   3.4 (+13) sample/sec  loss-ce = 0.41864, top1 = 0.88625, top5 = 0.98625  
2020-03-02 01:19:28: Epoch [11]   time cost: 1057.35 sec (0.29 h)
2020-03-02 01:19:28: Start evaluating epoch 11:
2020-03-02 01:23:41: Epoch [11]  Batch [191]  Speed   6.1 (+49) sample/sec  loss-ce = 1.17841, top1 = 0.67712, top5 = 0.92549  
2020-03-02 01:23:41: Current best epoch found with top5 accuracy 0.92549 at epoch 12, saved
2020-03-02 01:23:41: Checkpoint (model & optimizer) saved to: ./exps/models/archive/Viax_Liao_ep-0012.pth
2020-03-02 01:23:41: Checkpoint (model & optimizer) saved to: ./exps/models/archive/Viax_Liao_ep-0012.pth
2020-03-02 01:23:41: Current best epoch found with top1 accuracy 0.67712 at epoch 12, saved
2020-03-02 01:23:41: Start epoch 12:
2020-03-02 01:23:46: Epoch [12]  Batch [0]    Speed   3.3 (+13) sample/sec  loss-ce = 0.32315, top1 = 0.81250, top5 = 1.00000  
2020-03-02 01:27:43: Epoch [12]  Batch [50]   Speed   3.4 (+13) sample/sec  loss-ce = 0.39875, top1 = 0.89750, top5 = 0.99000  
2020-03-02 01:31:42: Epoch [12]  Batch [100]  Speed   3.3 (+13) sample/sec  loss-ce = 0.40224, top1 = 0.89875, top5 = 0.98750  
2020-03-02 01:35:43: Epoch [12]  Batch [150]  Speed   3.3 (+13) sample/sec  loss-ce = 0.42230, top1 = 0.88125, top5 = 0.98250  
2020-03-02 01:39:43: Epoch [12]  Batch [200]  Speed   3.3 (+13) sample/sec  loss-ce = 0.32906, top1 = 0.90875, top5 = 0.99500  
2020-03-02 01:41:27: Epoch [12]   time cost: 1066.25 sec (0.30 h)
2020-03-02 01:41:27: Start epoch 13:
2020-03-02 01:41:32: Epoch [13]  Batch [0]    Speed   3.7 (+13) sample/sec  loss-ce = 0.36647, top1 = 0.93750, top5 = 1.00000  
2020-03-02 01:45:32: Epoch [13]  Batch [50]   Speed   3.3 (+13) sample/sec  loss-ce = 0.37515, top1 = 0.90000, top5 = 0.99125  
2020-03-02 01:49:31: Epoch [13]  Batch [100]  Speed   3.4 (+13) sample/sec  loss-ce = 0.35926, top1 = 0.91250, top5 = 0.98250  
2020-03-02 01:53:33: Epoch [13]  Batch [150]  Speed   3.3 (+13) sample/sec  loss-ce = 0.39293, top1 = 0.90500, top5 = 0.99125  
2020-03-02 01:57:27: Epoch [13]  Batch [200]  Speed   3.4 (+13) sample/sec  loss-ce = 0.36615, top1 = 0.89875, top5 = 0.98500  
2020-03-02 01:58:28: Iter: 3125, change learning rate to 5.00000e-04 for step [3125:6250)
2020-03-02 01:59:12: Epoch [13]   time cost: 1064.98 sec (0.30 h)
2020-03-02 01:59:12: Start epoch 14:
2020-03-02 01:59:16: Epoch [14]  Batch [0]    Speed   4.0 (+13) sample/sec  loss-ce = 0.33107, top1 = 0.93750, top5 = 0.93750  
2020-03-02 02:03:16: Epoch [14]  Batch [50]   Speed   3.3 (+13) sample/sec  loss-ce = 0.32578, top1 = 0.92625, top5 = 0.99125  
2020-03-02 02:07:14: Epoch [14]  Batch [100]  Speed   3.4 (+13) sample/sec  loss-ce = 0.33359, top1 = 0.90000, top5 = 0.98875  
2020-03-02 02:11:14: Epoch [14]  Batch [150]  Speed   3.3 (+13) sample/sec  loss-ce = 0.28374, top1 = 0.93250, top5 = 0.99125  
2020-03-02 02:15:05: Epoch [14]  Batch [200]  Speed   3.5 (+13) sample/sec  loss-ce = 0.27495, top1 = 0.94000, top5 = 0.99125  
2020-03-02 02:16:53: Epoch [14]   time cost: 1061.16 sec (0.29 h)
2020-03-02 02:16:53: Start epoch 15:
2020-03-02 02:16:58: Epoch [15]  Batch [0]    Speed   3.3 (+13) sample/sec  loss-ce = 0.22764, top1 = 0.93750, top5 = 1.00000  
2020-03-02 02:20:49: Epoch [15]  Batch [50]   Speed   3.5 (+13) sample/sec  loss-ce = 0.27013, top1 = 0.93750, top5 = 0.99500  
2020-03-02 02:24:49: Epoch [15]  Batch [100]  Speed   3.3 (+13) sample/sec  loss-ce = 0.30622, top1 = 0.94000, top5 = 0.99000  
2020-03-02 02:28:49: Epoch [15]  Batch [150]  Speed   3.3 (+13) sample/sec  loss-ce = 0.29032, top1 = 0.92375, top5 = 0.99375  
2020-03-02 02:32:48: Epoch [15]  Batch [200]  Speed   3.4 (+13) sample/sec  loss-ce = 0.29050, top1 = 0.93250, top5 = 0.99375  
2020-03-02 02:34:34: Epoch [15]   time cost: 1060.32 sec (0.29 h)
2020-03-02 02:34:34: Checkpoint (model & optimizer) saved to: ./exps/models/archive/Viax_Liao_ep-0016.pth
2020-03-02 02:34:34: Start evaluating epoch 15:
2020-03-02 02:38:47: Epoch [15]  Batch [191]  Speed   6.1 (+49) sample/sec  loss-ce = 1.17157, top1 = 0.67843, top5 = 0.91765  
2020-03-02 02:38:47: Current best epoch found with top1 accuracy 0.67843 at epoch 16, saved
2020-03-02 02:38:47: Start epoch 16:
2020-03-02 02:38:52: Epoch [16]  Batch [0]    Speed   3.0 (+13) sample/sec  loss-ce = 0.47462, top1 = 0.87500, top5 = 0.93750  
2020-03-02 02:42:54: Epoch [16]  Batch [50]   Speed   3.3 (+13) sample/sec  loss-ce = 0.28069, top1 = 0.93250, top5 = 0.99125  
2020-03-02 02:46:54: Epoch [16]  Batch [100]  Speed   3.3 (+13) sample/sec  loss-ce = 0.31322, top1 = 0.92250, top5 = 0.99250  
2020-03-02 02:50:51: Epoch [16]  Batch [150]  Speed   3.4 (+13) sample/sec  loss-ce = 0.27215, top1 = 0.92125, top5 = 0.99375  
2020-03-02 02:54:50: Epoch [16]  Batch [200]  Speed   3.3 (+13) sample/sec  loss-ce = 0.27217, top1 = 0.94125, top5 = 0.99625  
2020-03-02 02:56:35: Epoch [16]   time cost: 1068.53 sec (0.30 h)
2020-03-02 02:56:35: Start epoch 17:
2020-03-02 02:56:40: Epoch [17]  Batch [0]    Speed   3.5 (+13) sample/sec  loss-ce = 0.58492, top1 = 0.81250, top5 = 0.93750  
2020-03-02 03:00:38: Epoch [17]  Batch [50]   Speed   3.4 (+13) sample/sec  loss-ce = 0.29178, top1 = 0.91875, top5 = 0.99375  
2020-03-02 03:04:38: Epoch [17]  Batch [100]  Speed   3.3 (+13) sample/sec  loss-ce = 0.27023, top1 = 0.92625, top5 = 0.99500  
2020-03-02 03:08:36: Epoch [17]  Batch [150]  Speed   3.4 (+13) sample/sec  loss-ce = 0.34269, top1 = 0.91500, top5 = 0.98625  
2020-03-02 03:12:34: Epoch [17]  Batch [200]  Speed   3.4 (+13) sample/sec  loss-ce = 0.26323, top1 = 0.94500, top5 = 0.99875  
2020-03-02 03:14:17: Epoch [17]   time cost: 1061.32 sec (0.29 h)
2020-03-02 03:14:17: Start epoch 18:
2020-03-02 03:14:21: Epoch [18]  Batch [0]    Speed   3.2 (+13) sample/sec  loss-ce = 0.28774, top1 = 0.87500, top5 = 1.00000  
2020-03-02 03:18:18: Epoch [18]  Batch [50]   Speed   3.4 (+13) sample/sec  loss-ce = 0.25800, top1 = 0.95375, top5 = 0.99625  
2020-03-02 03:22:18: Epoch [18]  Batch [100]  Speed   3.3 (+13) sample/sec  loss-ce = 0.27550, top1 = 0.94250, top5 = 0.99000  
2020-03-02 03:26:18: Epoch [18]  Batch [150]  Speed   3.3 (+13) sample/sec  loss-ce = 0.26866, top1 = 0.94500, top5 = 0.99375  
2020-03-02 03:30:15: Epoch [18]  Batch [200]  Speed   3.4 (+13) sample/sec  loss-ce = 0.29322, top1 = 0.93875, top5 = 0.99375  
2020-03-02 03:32:01: Epoch [18]   time cost: 1064.76 sec (0.30 h)
2020-03-02 03:32:01: Start epoch 19:
2020-03-02 03:32:06: Epoch [19]  Batch [0]    Speed   3.3 (+14) sample/sec  loss-ce = 0.25903, top1 = 0.93750, top5 = 1.00000  
2020-03-02 03:36:01: Epoch [19]  Batch [50]   Speed   3.4 (+13) sample/sec  loss-ce = 0.27341, top1 = 0.94250, top5 = 0.99375  
2020-03-02 03:40:01: Epoch [19]  Batch [100]  Speed   3.3 (+13) sample/sec  loss-ce = 0.26693, top1 = 0.93750, top5 = 0.99375  
2020-03-02 03:43:56: Epoch [19]  Batch [150]  Speed   3.4 (+13) sample/sec  loss-ce = 0.27570, top1 = 0.93000, top5 = 0.99500  
2020-03-02 03:47:56: Epoch [19]  Batch [200]  Speed   3.3 (+13) sample/sec  loss-ce = 0.26994, top1 = 0.92875, top5 = 0.99625  
2020-03-02 03:49:43: Epoch [19]   time cost: 1061.40 sec (0.29 h)
2020-03-02 03:49:43: Start evaluating epoch 19:
2020-03-02 03:53:56: Epoch [19]  Batch [191]  Speed   6.0 (+49) sample/sec  loss-ce = 1.19527, top1 = 0.67255, top5 = 0.91569  
2020-03-02 03:53:56: Start epoch 20:
2020-03-02 03:54:01: Epoch [20]  Batch [0]    Speed   3.0 (+13) sample/sec  loss-ce = 0.08288, top1 = 1.00000, top5 = 1.00000  
2020-03-02 03:57:59: Epoch [20]  Batch [50]   Speed   3.4 (+13) sample/sec  loss-ce = 0.24536, top1 = 0.94750, top5 = 0.99500  
2020-03-02 04:01:57: Epoch [20]  Batch [100]  Speed   3.4 (+13) sample/sec  loss-ce = 0.27254, top1 = 0.93500, top5 = 0.99500  
2020-03-02 04:05:55: Epoch [20]  Batch [150]  Speed   3.4 (+13) sample/sec  loss-ce = 0.30176, top1 = 0.93375, top5 = 0.99000  
2020-03-02 04:09:54: Epoch [20]  Batch [200]  Speed   3.3 (+13) sample/sec  loss-ce = 0.26537, top1 = 0.93000, top5 = 0.99625  
2020-03-02 04:11:39: Epoch [20]   time cost: 1062.81 sec (0.30 h)
2020-03-02 04:11:39: Start epoch 21:
2020-03-02 04:11:43: Epoch [21]  Batch [0]    Speed   3.6 (+13) sample/sec  loss-ce = 0.50866, top1 = 0.81250, top5 = 1.00000  
2020-03-02 04:15:38: Epoch [21]  Batch [50]   Speed   3.4 (+13) sample/sec  loss-ce = 0.28352, top1 = 0.93000, top5 = 0.99375  
2020-03-02 04:19:33: Epoch [21]  Batch [100]  Speed   3.4 (+13) sample/sec  loss-ce = 0.26600, top1 = 0.93500, top5 = 0.99500  
2020-03-02 04:23:32: Epoch [21]  Batch [150]  Speed   3.3 (+13) sample/sec  loss-ce = 0.29745, top1 = 0.93250, top5 = 0.99750  
2020-03-02 04:27:31: Epoch [21]  Batch [200]  Speed   3.3 (+13) sample/sec  loss-ce = 0.26282, top1 = 0.93500, top5 = 0.99625  
2020-03-02 04:29:18: Epoch [21]   time cost: 1058.85 sec (0.29 h)
2020-03-02 04:29:18: Start epoch 22:
2020-03-02 04:29:22: Epoch [22]  Batch [0]    Speed   3.3 (+14) sample/sec  loss-ce = 0.42439, top1 = 0.93750, top5 = 1.00000  
2020-03-02 04:33:19: Epoch [22]  Batch [50]   Speed   3.4 (+13) sample/sec  loss-ce = 0.29533, top1 = 0.92875, top5 = 0.99125  
2020-03-02 04:37:16: Epoch [22]  Batch [100]  Speed   3.4 (+13) sample/sec  loss-ce = 0.30973, top1 = 0.93750, top5 = 0.99125  
2020-03-02 04:41:11: Epoch [22]  Batch [150]  Speed   3.4 (+13) sample/sec  loss-ce = 0.22778, top1 = 0.95125, top5 = 0.99375  
2020-03-02 04:45:08: Epoch [22]  Batch [200]  Speed   3.4 (+13) sample/sec  loss-ce = 0.28228, top1 = 0.93375, top5 = 0.99125  
2020-03-02 04:46:54: Epoch [22]   time cost: 1056.70 sec (0.29 h)
2020-03-02 04:46:54: Start epoch 23:
2020-03-02 04:46:59: Epoch [23]  Batch [0]    Speed   3.3 (+14) sample/sec  loss-ce = 0.18529, top1 = 0.93750, top5 = 1.00000  
2020-03-02 04:51:03: Epoch [23]  Batch [50]   Speed   3.3 (+13) sample/sec  loss-ce = 0.24976, top1 = 0.94125, top5 = 0.99625  
2020-03-02 04:54:57: Epoch [23]  Batch [100]  Speed   3.4 (+13) sample/sec  loss-ce = 0.33241, top1 = 0.91500, top5 = 0.98250  
2020-03-02 04:58:56: Epoch [23]  Batch [150]  Speed   3.3 (+13) sample/sec  loss-ce = 0.23969, top1 = 0.94500, top5 = 0.99625  
2020-03-02 05:02:57: Epoch [23]  Batch [200]  Speed   3.3 (+13) sample/sec  loss-ce = 0.26559, top1 = 0.93625, top5 = 0.99250  
2020-03-02 05:04:41: Epoch [23]   time cost: 1066.70 sec (0.30 h)
2020-03-02 05:04:41: Checkpoint (model & optimizer) saved to: ./exps/models/archive/Viax_Liao_ep-0024.pth
2020-03-02 05:04:41: Start evaluating epoch 23:
2020-03-02 05:08:53: Epoch [23]  Batch [191]  Speed   6.1 (+49) sample/sec  loss-ce = 1.20986, top1 = 0.67124, top5 = 0.91569  
2020-03-02 05:08:53: Start epoch 24:
2020-03-02 05:08:58: Epoch [24]  Batch [0]    Speed   3.6 (+13) sample/sec  loss-ce = 0.29719, top1 = 1.00000, top5 = 1.00000  
2020-03-02 05:12:58: Epoch [24]  Batch [50]   Speed   3.3 (+13) sample/sec  loss-ce = 0.23012, top1 = 0.94875, top5 = 0.99500  
2020-03-02 05:16:57: Epoch [24]  Batch [100]  Speed   3.3 (+13) sample/sec  loss-ce = 0.29376, top1 = 0.93125, top5 = 0.99125  
2020-03-02 05:20:53: Epoch [24]  Batch [150]  Speed   3.4 (+13) sample/sec  loss-ce = 0.28245, top1 = 0.93250, top5 = 0.99125  
2020-03-02 05:24:52: Epoch [24]  Batch [200]  Speed   3.3 (+13) sample/sec  loss-ce = 0.23125, top1 = 0.95625, top5 = 0.99375  
2020-03-02 05:26:38: Epoch [24]   time cost: 1064.42 sec (0.30 h)
2020-03-02 05:26:38: Start epoch 25:
2020-03-02 05:26:43: Epoch [25]  Batch [0]    Speed   3.1 (+14) sample/sec  loss-ce = 0.29947, top1 = 0.93750, top5 = 1.00000  
2020-03-02 05:30:42: Epoch [25]  Batch [50]   Speed   3.3 (+13) sample/sec  loss-ce = 0.21682, top1 = 0.94750, top5 = 0.99750  
2020-03-02 05:34:43: Epoch [25]  Batch [100]  Speed   3.3 (+13) sample/sec  loss-ce = 0.28619, top1 = 0.92375, top5 = 0.99375  
2020-03-02 05:38:39: Epoch [25]  Batch [150]  Speed   3.4 (+13) sample/sec  loss-ce = 0.24171, top1 = 0.95000, top5 = 0.99125  
2020-03-02 05:42:35: Epoch [25]  Batch [200]  Speed   3.4 (+13) sample/sec  loss-ce = 0.30527, top1 = 0.92250, top5 = 0.98875  
2020-03-02 05:44:20: Epoch [25]   time cost: 1062.03 sec (0.30 h)
2020-03-02 05:44:20: Start epoch 26:
2020-03-02 05:44:24: Epoch [26]  Batch [0]    Speed   3.6 (+13) sample/sec  loss-ce = 0.15649, top1 = 1.00000, top5 = 1.00000  
2020-03-02 05:48:22: Epoch [26]  Batch [50]   Speed   3.4 (+13) sample/sec  loss-ce = 0.27540, top1 = 0.93250, top5 = 0.99500  
2020-03-02 05:52:24: Epoch [26]  Batch [100]  Speed   3.3 (+13) sample/sec  loss-ce = 0.23550, top1 = 0.94500, top5 = 0.99500  
2020-03-02 05:56:21: Epoch [26]  Batch [150]  Speed   3.4 (+13) sample/sec  loss-ce = 0.27158, top1 = 0.93250, top5 = 0.99375  
2020-03-02 06:00:15: Epoch [26]  Batch [200]  Speed   3.4 (+13) sample/sec  loss-ce = 0.23464, top1 = 0.94750, top5 = 0.99750  
2020-03-02 06:02:04: Epoch [26]   time cost: 1063.91 sec (0.30 h)
2020-03-02 06:02:04: Start epoch 27:
2020-03-02 06:02:09: Epoch [27]  Batch [0]    Speed   3.0 (+14) sample/sec  loss-ce = 0.17846, top1 = 1.00000, top5 = 1.00000  
2020-03-02 06:06:11: Epoch [27]  Batch [50]   Speed   3.3 (+13) sample/sec  loss-ce = 0.20185, top1 = 0.94750, top5 = 0.99875  
2020-03-02 06:10:08: Epoch [27]  Batch [100]  Speed   3.4 (+13) sample/sec  loss-ce = 0.27947, top1 = 0.93000, top5 = 0.99125  
2020-03-02 06:14:07: Epoch [27]  Batch [150]  Speed   3.3 (+13) sample/sec  loss-ce = 0.27092, top1 = 0.95375, top5 = 0.99500  
2020-03-02 06:18:05: Epoch [27]  Batch [200]  Speed   3.4 (+13) sample/sec  loss-ce = 0.27265, top1 = 0.94000, top5 = 0.98875  
2020-03-02 06:18:14: Iter: 6250, change learning rate to 5.00000e-05 for step [6250:9375)
2020-03-02 06:19:52: Epoch [27]   time cost: 1068.62 sec (0.30 h)
2020-03-02 06:19:52: Start evaluating epoch 27:
2020-03-02 06:24:05: Epoch [27]  Batch [191]  Speed   6.1 (+49) sample/sec  loss-ce = 1.20165, top1 = 0.67190, top5 = 0.91830  
2020-03-02 06:24:05: Start epoch 28:
2020-03-02 06:24:10: Epoch [28]  Batch [0]    Speed   3.0 (+13) sample/sec  loss-ce = 0.32086, top1 = 0.93750, top5 = 1.00000  
2020-03-02 06:28:09: Epoch [28]  Batch [50]   Speed   3.3 (+13) sample/sec  loss-ce = 0.25422, top1 = 0.94000, top5 = 0.99625  
2020-03-02 06:32:07: Epoch [28]  Batch [100]  Speed   3.4 (+13) sample/sec  loss-ce = 0.24977, top1 = 0.93500, top5 = 0.99375  
2020-03-02 06:36:08: Epoch [28]  Batch [150]  Speed   3.3 (+13) sample/sec  loss-ce = 0.25237, top1 = 0.93250, top5 = 0.99625  
2020-03-02 06:40:04: Epoch [28]  Batch [200]  Speed   3.4 (+13) sample/sec  loss-ce = 0.26216, top1 = 0.94250, top5 = 0.99375  
2020-03-02 06:41:50: Epoch [28]   time cost: 1065.74 sec (0.30 h)
2020-03-02 06:41:50: Start epoch 29:
2020-03-02 06:41:55: Epoch [29]  Batch [0]    Speed   3.7 (+13) sample/sec  loss-ce = 0.12514, top1 = 0.93750, top5 = 1.00000  
2020-03-02 06:45:56: Epoch [29]  Batch [50]   Speed   3.3 (+13) sample/sec  loss-ce = 0.23957, top1 = 0.94875, top5 = 0.99625  
2020-03-02 06:49:52: Epoch [29]  Batch [100]  Speed   3.4 (+13) sample/sec  loss-ce = 0.26035, top1 = 0.94500, top5 = 0.99125  
2020-03-02 06:53:50: Epoch [29]  Batch [150]  Speed   3.4 (+13) sample/sec  loss-ce = 0.28833, top1 = 0.93875, top5 = 0.99125  
2020-03-02 06:57:43: Epoch [29]  Batch [200]  Speed   3.4 (+13) sample/sec  loss-ce = 0.25028, top1 = 0.94125, top5 = 0.99750  
2020-03-02 06:59:26: Epoch [29]   time cost: 1055.92 sec (0.29 h)
2020-03-02 06:59:26: Start epoch 30:
2020-03-02 06:59:31: Epoch [30]  Batch [0]    Speed   3.2 (+14) sample/sec  loss-ce = 0.74711, top1 = 0.93750, top5 = 0.93750  
2020-03-02 07:03:34: Epoch [30]  Batch [50]   Speed   3.3 (+13) sample/sec  loss-ce = 0.26352, top1 = 0.94000, top5 = 0.99375  
2020-03-02 07:07:31: Epoch [30]  Batch [100]  Speed   3.4 (+13) sample/sec  loss-ce = 0.25979, top1 = 0.93375, top5 = 0.99625  
2020-03-02 07:11:27: Epoch [30]  Batch [150]  Speed   3.4 (+13) sample/sec  loss-ce = 0.25155, top1 = 0.94625, top5 = 0.99250  
2020-03-02 07:15:25: Epoch [30]  Batch [200]  Speed   3.4 (+13) sample/sec  loss-ce = 0.26985, top1 = 0.93875, top5 = 0.99125  
2020-03-02 07:17:10: Epoch [30]   time cost: 1063.37 sec (0.30 h)
2020-03-02 07:17:10: Start epoch 31:
2020-03-02 07:17:14: Epoch [31]  Batch [0]    Speed   3.5 (+13) sample/sec  loss-ce = 0.15348, top1 = 1.00000, top5 = 1.00000  
2020-03-02 07:21:11: Epoch [31]  Batch [50]   Speed   3.4 (+13) sample/sec  loss-ce = 0.25038, top1 = 0.93750, top5 = 0.99625  
2020-03-02 07:25:07: Epoch [31]  Batch [100]  Speed   3.4 (+13) sample/sec  loss-ce = 0.26373, top1 = 0.93500, top5 = 0.99875  
2020-03-02 07:29:05: Epoch [31]  Batch [150]  Speed   3.4 (+13) sample/sec  loss-ce = 0.26068, top1 = 0.93875, top5 = 0.99500  
2020-03-02 07:33:00: Epoch [31]  Batch [200]  Speed   3.4 (+13) sample/sec  loss-ce = 0.26094, top1 = 0.94250, top5 = 0.99000  
2020-03-02 07:34:44: Epoch [31]   time cost: 1054.65 sec (0.29 h)
2020-03-02 07:34:44: Checkpoint (model & optimizer) saved to: ./exps/models/archive/Viax_Liao_ep-0032.pth
2020-03-02 07:34:44: Start evaluating epoch 31:
2020-03-02 07:38:58: Epoch [31]  Batch [191]  Speed   6.0 (+49) sample/sec  loss-ce = 1.19507, top1 = 0.67582, top5 = 0.92026  
2020-03-02 07:38:58: Start epoch 32:
2020-03-02 07:39:03: Epoch [32]  Batch [0]    Speed   3.0 (+13) sample/sec  loss-ce = 0.16708, top1 = 0.93750, top5 = 1.00000  
2020-03-02 07:43:01: Epoch [32]  Batch [50]   Speed   3.4 (+13) sample/sec  loss-ce = 0.27293, top1 = 0.93375, top5 = 0.99500  
2020-03-02 07:46:59: Epoch [32]  Batch [100]  Speed   3.4 (+13) sample/sec  loss-ce = 0.26217, top1 = 0.93625, top5 = 0.99125  
2020-03-02 07:50:57: Epoch [32]  Batch [150]  Speed   3.4 (+13) sample/sec  loss-ce = 0.26861, top1 = 0.93500, top5 = 0.99500  
2020-03-02 07:54:50: Epoch [32]  Batch [200]  Speed   3.4 (+13) sample/sec  loss-ce = 0.21040, top1 = 0.95750, top5 = 0.99625  
2020-03-02 07:56:38: Epoch [32]   time cost: 1059.89 sec (0.29 h)
2020-03-02 07:56:38: Start epoch 33:
2020-03-02 07:56:42: Epoch [33]  Batch [0]    Speed   3.7 (+13) sample/sec  loss-ce = 0.21552, top1 = 1.00000, top5 = 1.00000  
2020-03-02 08:00:37: Epoch [33]  Batch [50]   Speed   3.4 (+13) sample/sec  loss-ce = 0.29865, top1 = 0.93000, top5 = 0.99000  
2020-03-02 08:04:35: Epoch [33]  Batch [100]  Speed   3.4 (+13) sample/sec  loss-ce = 0.25688, top1 = 0.94750, top5 = 0.99250  
2020-03-02 08:08:35: Epoch [33]  Batch [150]  Speed   3.3 (+13) sample/sec  loss-ce = 0.23857, top1 = 0.95250, top5 = 0.99750  
2020-03-02 08:12:34: Epoch [33]  Batch [200]  Speed   3.3 (+13) sample/sec  loss-ce = 0.28534, top1 = 0.94125, top5 = 0.99125  
2020-03-02 08:14:18: Epoch [33]   time cost: 1060.02 sec (0.29 h)
2020-03-02 08:14:18: Start epoch 34:
2020-03-02 08:14:23: Epoch [34]  Batch [0]    Speed   3.4 (+13) sample/sec  loss-ce = 0.12124, top1 = 1.00000, top5 = 1.00000  
2020-03-02 08:18:23: Epoch [34]  Batch [50]   Speed   3.3 (+13) sample/sec  loss-ce = 0.28232, top1 = 0.93625, top5 = 0.99000  
2020-03-02 08:22:18: Epoch [34]  Batch [100]  Speed   3.4 (+13) sample/sec  loss-ce = 0.22674, top1 = 0.94625, top5 = 0.99375  
2020-03-02 08:26:14: Epoch [34]  Batch [150]  Speed   3.4 (+13) sample/sec  loss-ce = 0.26135, top1 = 0.93750, top5 = 0.99125  
2020-03-02 08:30:14: Epoch [34]  Batch [200]  Speed   3.3 (+13) sample/sec  loss-ce = 0.27151, top1 = 0.94000, top5 = 0.99500  
2020-03-02 08:32:01: Epoch [34]   time cost: 1062.70 sec (0.30 h)
2020-03-02 08:32:01: Start epoch 35:
2020-03-02 08:32:05: Epoch [35]  Batch [0]    Speed   3.8 (+13) sample/sec  loss-ce = 0.11407, top1 = 1.00000, top5 = 1.00000  
2020-03-02 08:36:01: Epoch [35]  Batch [50]   Speed   3.4 (+13) sample/sec  loss-ce = 0.24170, top1 = 0.94625, top5 = 0.99750  
2020-03-02 08:40:02: Epoch [35]  Batch [100]  Speed   3.3 (+13) sample/sec  loss-ce = 0.27379, top1 = 0.94375, top5 = 0.99125  
2020-03-02 08:43:54: Epoch [35]  Batch [150]  Speed   3.4 (+13) sample/sec  loss-ce = 0.27684, top1 = 0.93500, top5 = 0.99000  
2020-03-02 08:47:51: Epoch [35]  Batch [200]  Speed   3.4 (+13) sample/sec  loss-ce = 0.21752, top1 = 0.94875, top5 = 0.99625  
2020-03-02 08:49:36: Epoch [35]   time cost: 1055.09 sec (0.29 h)
2020-03-02 08:49:36: Start evaluating epoch 35:
2020-03-02 08:53:49: Epoch [35]  Batch [191]  Speed   6.0 (+49) sample/sec  loss-ce = 1.20362, top1 = 0.67647, top5 = 0.91634  
2020-03-02 08:53:49: Start epoch 36:
2020-03-02 08:53:54: Epoch [36]  Batch [0]    Speed   2.9 (+13) sample/sec  loss-ce = 0.09748, top1 = 1.00000, top5 = 1.00000  
2020-03-02 08:57:53: Epoch [36]  Batch [50]   Speed   3.4 (+13) sample/sec  loss-ce = 0.26353, top1 = 0.95000, top5 = 0.99500  
2020-03-02 09:01:54: Epoch [36]  Batch [100]  Speed   3.3 (+13) sample/sec  loss-ce = 0.29080, top1 = 0.93375, top5 = 0.99375  
2020-03-02 09:05:52: Epoch [36]  Batch [150]  Speed   3.4 (+13) sample/sec  loss-ce = 0.23544, top1 = 0.95000, top5 = 0.99250  
2020-03-02 09:09:50: Epoch [36]  Batch [200]  Speed   3.4 (+13) sample/sec  loss-ce = 0.25601, top1 = 0.94375, top5 = 0.99125  
2020-03-02 09:11:37: Epoch [36]   time cost: 1067.97 sec (0.30 h)
2020-03-02 09:11:37: Start epoch 37:
2020-03-02 09:11:41: Epoch [37]  Batch [0]    Speed   3.5 (+13) sample/sec  loss-ce = 0.42026, top1 = 0.87500, top5 = 1.00000  
2020-03-02 09:15:42: Epoch [37]  Batch [50]   Speed   3.3 (+13) sample/sec  loss-ce = 0.25926, top1 = 0.93500, top5 = 0.99375  
2020-03-02 09:19:39: Epoch [37]  Batch [100]  Speed   3.4 (+13) sample/sec  loss-ce = 0.26057, top1 = 0.93250, top5 = 0.99500  
2020-03-02 09:23:35: Epoch [37]  Batch [150]  Speed   3.4 (+13) sample/sec  loss-ce = 0.23671, top1 = 0.95375, top5 = 0.99250  
2020-03-02 09:27:28: Epoch [37]  Batch [200]  Speed   3.4 (+13) sample/sec  loss-ce = 0.27635, top1 = 0.93250, top5 = 0.99500  
2020-03-02 09:29:14: Epoch [37]   time cost: 1057.16 sec (0.29 h)
2020-03-02 09:29:14: Start epoch 38:
2020-03-02 09:29:19: Epoch [38]  Batch [0]    Speed   3.5 (+13) sample/sec  loss-ce = 0.12972, top1 = 0.93750, top5 = 1.00000  
2020-03-02 09:33:22: Epoch [38]  Batch [50]   Speed   3.3 (+13) sample/sec  loss-ce = 0.23907, top1 = 0.94500, top5 = 0.99625  
2020-03-02 09:37:19: Epoch [38]  Batch [100]  Speed   3.4 (+13) sample/sec  loss-ce = 0.22696, top1 = 0.95125, top5 = 0.99625  
2020-03-02 09:41:13: Epoch [38]  Batch [150]  Speed   3.4 (+13) sample/sec  loss-ce = 0.28920, top1 = 0.93375, top5 = 0.99000  
2020-03-02 09:45:12: Epoch [38]  Batch [200]  Speed   3.3 (+13) sample/sec  loss-ce = 0.26722, top1 = 0.94125, top5 = 0.99500  
2020-03-02 09:46:55: Epoch [38]   time cost: 1061.29 sec (0.29 h)
2020-03-02 09:46:55: Start epoch 39:
2020-03-02 09:47:00: Epoch [39]  Batch [0]    Speed   3.3 (+14) sample/sec  loss-ce = 0.25715, top1 = 0.87500, top5 = 1.00000  
2020-03-02 09:50:56: Epoch [39]  Batch [50]   Speed   3.4 (+13) sample/sec  loss-ce = 0.19478, top1 = 0.95625, top5 = 0.99750  
2020-03-02 09:54:57: Epoch [39]  Batch [100]  Speed   3.3 (+13) sample/sec  loss-ce = 0.30049, top1 = 0.91750, top5 = 0.99625  
2020-03-02 09:58:54: Epoch [39]  Batch [150]  Speed   3.4 (+13) sample/sec  loss-ce = 0.26461, top1 = 0.93625, top5 = 0.99375  
2020-03-02 10:02:47: Epoch [39]  Batch [200]  Speed   3.4 (+13) sample/sec  loss-ce = 0.23394, top1 = 0.95625, top5 = 0.99750  
2020-03-02 10:04:34: Epoch [39]   time cost: 1058.99 sec (0.29 h)
2020-03-02 10:04:34: Checkpoint (model & optimizer) saved to: ./exps/models/archive/Viax_Liao_ep-0040.pth
2020-03-02 10:04:34: Start evaluating epoch 39:
2020-03-02 10:08:47: Epoch [39]  Batch [191]  Speed   6.0 (+49) sample/sec  loss-ce = 1.19844, top1 = 0.67582, top5 = 0.91111  
2020-03-02 10:08:47: Optimization done!
