2020-02-29 22:57:25: Using pytorch 1.1.0 (['/home/xyc/anaconda3/envs/pytorch110/lib/python3.7/site-packages/torch'])
2020-02-29 22:57:25: Start training with args:
{
    "backend": "nccl",
    "batch_size": 16,
    "clip_length": 16,
    "dataset": "HMDB51",
    "debug_mode": true,
    "dist_url": "tcp://192.168.0.11:23456",
    "end_epoch": 40,
    "fine_tune": true,
    "gpus": "0,1,2,3,4,5,6,7",
    "log_file": "./exps/logs/Viax_Liao_at-xyc-MS-7B61.log",
    "lr_base": 0.005,
    "lr_factor": 0.1,
    "lr_steps": [
        50000,
        100000,
        150000
    ],
    "model_dir": "./exps/models/archive",
    "model_prefix": "./exps/models/archive/Viax_Liao",
    "network": "CHANGE_1",
    "pretrained_2d": true,
    "pretrained_3d": "./network/pretrained/MFNet3D_Kinetics-400_72.8.pth",
    "random_seed": 1,
    "resume_epoch": -1,
    "save_frequency": 8,
    "task_name": "Viax_Liao",
    "train_frame_interval": 2,
    "val_frame_interval": 2,
    "world_size": 1
}
2020-02-29 22:57:25: Target dataset: 'HMDB51', configs: {'num_classes': 51}
2020-02-29 22:57:25: Initializer:: 'Tanh' is uninitialized.
2020-02-29 22:57:25: Initializer:: 'Motion_Exctractor_MEAN' is uninitialized.
2020-02-29 22:57:25: Initializer:: 'AvgPool1d' is uninitialized.
2020-02-29 22:57:25: Network:: graph initialized, loading pretrained model: `/work/Viax_Liao/network/pretrained/MFNet2D_ImageNet1k-0000.pth'
2020-02-29 22:57:25: Initializer:: loading from 2D neural network, filling method: `inflation' ...
2020-02-29 22:57:26: Initializer:: >> 2 params are unused: ['classifier.weight', 'classifier.bias']
2020-02-29 22:57:26: Initializer:: >> failed to load: 
[
    "conv1.bn.num_batches_tracked",
    "conv2.B01.conv_i1.bn.num_batches_tracked",
    "conv2.B01.conv_i2.bn.num_batches_tracked",
    "conv2.B01.conv_m1.bn.num_batches_tracked",
    "conv2.B01.conv_m2.bn.num_batches_tracked",
    "conv2.B01.conv_w1.bn.num_batches_tracked",
    "conv2.B02.conv_i1.bn.num_batches_tracked",
    "conv2.B02.conv_i2.bn.num_batches_tracked",
    "conv2.B02.conv_m1.bn.num_batches_tracked",
    "conv2.B02.conv_m2.bn.num_batches_tracked",
    "conv2.B03.conv_i1.bn.num_batches_tracked",
    "conv2.B03.conv_i2.bn.num_batches_tracked",
    "conv2.B03.conv_m1.bn.num_batches_tracked",
    "conv2.B03.conv_m2.bn.num_batches_tracked",
    "conv3.B01.conv_i1.bn.num_batches_tracked",
    "conv3.B01.conv_i2.bn.num_batches_tracked",
    "conv3.B01.conv_m1.bn.num_batches_tracked",
    "conv3.B01.conv_m2.bn.num_batches_tracked",
    "conv3.B01.conv_w1.bn.num_batches_tracked",
    "conv3.B02.conv_i1.bn.num_batches_tracked",
    "conv3.B02.conv_i2.bn.num_batches_tracked",
    "conv3.B02.conv_m1.bn.num_batches_tracked",
    "conv3.B02.conv_m2.bn.num_batches_tracked",
    "conv3.B03.conv_i1.bn.num_batches_tracked",
    "conv3.B03.conv_i2.bn.num_batches_tracked",
    "conv3.B03.conv_m1.bn.num_batches_tracked",
    "conv3.B03.conv_m2.bn.num_batches_tracked",
    "conv3.B04.conv_i1.bn.num_batches_tracked",
    "conv3.B04.conv_i2.bn.num_batches_tracked",
    "conv3.B04.conv_m1.bn.num_batches_tracked",
    "conv3.B04.conv_m2.bn.num_batches_tracked",
    "conv4.B01.conv_i1.bn.num_batches_tracked",
    "conv4.B01.conv_i2.bn.num_batches_tracked",
    "conv4.B01.conv_m1.bn.num_batches_tracked",
    "conv4.B01.conv_m2.bn.num_batches_tracked",
    "conv4.B01.conv_w1.bn.num_batches_tracked",
    "conv4.B02.conv_i1.bn.num_batches_tracked",
    "conv4.B02.conv_i2.bn.num_batches_tracked",
    "conv4.B02.conv_m1.bn.num_batches_tracked",
    "conv4.B02.conv_m2.bn.num_batches_tracked",
    "conv4.B03.conv_i1.bn.num_batches_tracked",
    "conv4.B03.conv_i2.bn.num_batches_tracked",
    "conv4.B03.conv_m1.bn.num_batches_tracked",
    "conv4.B03.conv_m2.bn.num_batches_tracked",
    "conv4.B04.conv_i1.bn.num_batches_tracked",
    "conv4.B04.conv_i2.bn.num_batches_tracked",
    "conv4.B04.conv_m1.bn.num_batches_tracked",
    "conv4.B04.conv_m2.bn.num_batches_tracked",
    "conv4.B05.conv_i1.bn.num_batches_tracked",
    "conv4.B05.conv_i2.bn.num_batches_tracked",
    "conv4.B05.conv_m1.bn.num_batches_tracked",
    "conv4.B05.conv_m2.bn.num_batches_tracked",
    "conv4.B06.conv_i1.bn.num_batches_tracked",
    "conv4.B06.conv_i2.bn.num_batches_tracked",
    "conv4.B06.conv_m1.bn.num_batches_tracked",
    "conv4.B06.conv_m2.bn.num_batches_tracked",
    "conv5.B01.conv_i1.bn.num_batches_tracked",
    "conv5.B01.conv_i2.bn.num_batches_tracked",
    "conv5.B01.conv_m1.bn.num_batches_tracked",
    "conv5.B01.conv_m2.bn.num_batches_tracked",
    "conv5.B01.conv_w1.bn.num_batches_tracked",
    "conv5.B02.conv_i1.bn.num_batches_tracked",
    "conv5.B02.conv_i2.bn.num_batches_tracked",
    "conv5.B02.conv_m1.bn.num_batches_tracked",
    "conv5.B02.conv_m2.bn.num_batches_tracked",
    "conv5.B03.conv_i1.bn.num_batches_tracked",
    "conv5.B03.conv_i2.bn.num_batches_tracked",
    "conv5.B03.conv_m1.bn.num_batches_tracked",
    "conv5.B03.conv_m2.bn.num_batches_tracked",
    "motion_exctractor.mh_max_up.weight",
    "motion_exctractor.mh_max_up.bias",
    "motion_exctractor.mh_min_up.weight",
    "motion_exctractor.mh_min_up.bias",
    "motion_exctractor.mh_conv1.conv.weight",
    "motion_exctractor.mh_conv1.bn.weight",
    "motion_exctractor.mh_conv1.bn.bias",
    "motion_exctractor.mh_conv1.bn.running_mean",
    "motion_exctractor.mh_conv1.bn.running_var",
    "motion_exctractor.mh_conv1.bn.num_batches_tracked",
    "tail.bn.num_batches_tracked",
    "classifier.weight",
    "classifier.bias"
]
2020-02-29 22:57:26: loading network configs of: CHANGE_1
2020-02-29 22:57:26: data:: {'mean': [0.485, 0.456, 0.406], 'std': [0.229, 0.224, 0.225]}
2020-02-29 22:57:26: VideoIter:: clip_length = 16, interval = [train: 2, val: 2], seed = 101
2020-02-29 22:57:26: VideoIter:: >> `check_video' is off, `tolerant_corrupted_video' is automatically activated.
2020-02-29 22:57:26: VideoIter:: found 3570 videos in `./dataset/HMDB51/raw/list_cvt/hmdb51_split1_train.txt'
2020-02-29 22:57:26: VideoIter:: iterator initialized (phase: 'train', num: 3570)
2020-02-29 22:57:26: VideoIter:: >> `check_video' is off, `tolerant_corrupted_video' is automatically activated.
2020-02-29 22:57:26: VideoIter:: found 1530 videos in `./dataset/HMDB51/raw/list_cvt/hmdb51_split1_test.txt'
2020-02-29 22:57:26: VideoIter:: iterator initialized (phase: 'test', num: 1530)
2020-02-29 22:57:27: Optimizer:: >> recuding the learning rate of 216 params: ['conv1.conv.weight', 'conv1.bn.weight', 'conv1.bn.bias', 'conv2.B01.conv_i1.bn.weight', 'conv2.B01.conv_i1.bn.bias', 'conv2.B01.conv_i1.conv.weight', ... tion_exctractor.mh_conv1.conv.weight', 'motion_exctractor.mh_conv1.bn.weight', 'motion_exctractor.mh_conv1.bn.bias', 'tail.bn.weight', 'tail.bn.bias']
2020-02-29 22:57:27: Initializer:: loading model states from: `./network/pretrained/MFNet3D_Kinetics-400_72.8.pth'
2020-02-29 22:57:28: There are layers in current network not initialized by pretrained
2020-02-29 22:57:28: >> Failed to load: ['module.motion_exctractor.mh_max_up.weight', 'module.motion_exctractor.mh_max_up.bias', 'module.motion_exctractor.mh_min_up.weight', 'module.motion_exctractor.mh_min_up.bias', 'module.motion_exctractor.mh_conv1.conv.weight', 'module.motion_exctractor.mh_conv1.bn.weight', 'module.motion_exctractor.mh_conv1.bn.bias', 'module.motion_exctractor.mh_conv1.bn.running_mean', 'module.motion_exctractor.mh_conv1.bn.running_var', 'module.classifier.weight', 'module.classifier.bias']
2020-02-29 22:57:28: Iter 0: start with learning rate: 5.00000e-03 (next lr step: 3125)
2020-02-29 22:57:28: Start epoch 0:
2020-02-29 22:57:37: Epoch [0]   Batch [0]    Speed   1.8 (+ 1) sample/sec  loss-ce = 4.47387, top1 = 0.00000, top5 = 0.06250  
2020-02-29 23:01:43: Epoch [0]   Batch [50]   Speed   3.3 (+13) sample/sec  loss-ce = 4.19477, top1 = 0.03500, top5 = 0.12250  
2020-02-29 23:05:57: Epoch [0]   Batch [100]  Speed   3.2 (+13) sample/sec  loss-ce = 3.81734, top1 = 0.06125, top5 = 0.23375  
2020-02-29 23:10:05: Epoch [0]   Batch [150]  Speed   3.2 (+13) sample/sec  loss-ce = 3.39367, top1 = 0.15375, top5 = 0.39875  
2020-02-29 23:14:23: Epoch [0]   Batch [200]  Speed   3.1 (+14) sample/sec  loss-ce = 2.76065, top1 = 0.32625, top5 = 0.60000  
2020-02-29 23:16:19: Epoch [0]   time cost: 1130.92 sec (0.31 h)
2020-02-29 23:16:19: Checkpoint (model & optimizer) saved to: ./exps/models/archive/Viax_Liao_ep-0001.pth
2020-02-29 23:16:19: Start epoch 1:
2020-02-29 23:16:23: Epoch [1]   Batch [0]    Speed   3.7 (+13) sample/sec  loss-ce = 2.58997, top1 = 0.37500, top5 = 0.56250  
2020-02-29 23:20:29: Epoch [1]   Batch [50]   Speed   3.3 (+13) sample/sec  loss-ce = 2.16372, top1 = 0.44125, top5 = 0.74000  
2020-02-29 23:24:31: Epoch [1]   Batch [100]  Speed   3.3 (+13) sample/sec  loss-ce = 1.86383, top1 = 0.50625, top5 = 0.81500  
2020-02-29 23:28:33: Epoch [1]   Batch [150]  Speed   3.3 (+13) sample/sec  loss-ce = 1.66626, top1 = 0.56125, top5 = 0.83500  
2020-02-29 23:32:33: Epoch [1]   Batch [200]  Speed   3.3 (+13) sample/sec  loss-ce = 1.55879, top1 = 0.57250, top5 = 0.85125  
2020-02-29 23:34:18: Epoch [1]   time cost: 1079.29 sec (0.30 h)
2020-02-29 23:34:18: Start epoch 2:
2020-02-29 23:34:23: Epoch [2]   Batch [0]    Speed   3.4 (+13) sample/sec  loss-ce = 1.19758, top1 = 0.75000, top5 = 1.00000  
2020-02-29 23:38:27: Epoch [2]   Batch [50]   Speed   3.3 (+13) sample/sec  loss-ce = 1.39660, top1 = 0.61000, top5 = 0.88250  
2020-02-29 23:42:30: Epoch [2]   Batch [100]  Speed   3.3 (+13) sample/sec  loss-ce = 1.36546, top1 = 0.62375, top5 = 0.88000  
2020-02-29 23:46:32: Epoch [2]   Batch [150]  Speed   3.3 (+13) sample/sec  loss-ce = 1.25832, top1 = 0.64750, top5 = 0.89500  
2020-02-29 23:50:34: Epoch [2]   Batch [200]  Speed   3.3 (+13) sample/sec  loss-ce = 1.30264, top1 = 0.64125, top5 = 0.87250  
2020-02-29 23:52:21: Epoch [2]   time cost: 1082.20 sec (0.30 h)
2020-02-29 23:52:21: Start epoch 3:
2020-02-29 23:52:26: Epoch [3]   Batch [0]    Speed   2.9 (+14) sample/sec  loss-ce = 0.95220, top1 = 0.68750, top5 = 0.93750  
2020-02-29 23:56:29: Epoch [3]   Batch [50]   Speed   3.3 (+13) sample/sec  loss-ce = 1.07407, top1 = 0.72875, top5 = 0.91875  
2020-03-01 00:00:29: Epoch [3]   Batch [100]  Speed   3.3 (+13) sample/sec  loss-ce = 1.06652, top1 = 0.71250, top5 = 0.93250  
2020-03-01 00:04:37: Epoch [3]   Batch [150]  Speed   3.2 (+13) sample/sec  loss-ce = 1.12856, top1 = 0.65750, top5 = 0.92000  
2020-03-01 00:08:32: Epoch [3]   Batch [200]  Speed   3.4 (+13) sample/sec  loss-ce = 1.09507, top1 = 0.70250, top5 = 0.91000  
2020-03-01 00:10:17: Epoch [3]   time cost: 1076.94 sec (0.30 h)
2020-03-01 00:10:17: Start evaluating epoch 3:
2020-03-01 00:14:37: Epoch [3]   Batch [191]  Speed   5.9 (+46) sample/sec  loss-ce = 1.25940, top1 = 0.64183, top5 = 0.89412  
2020-03-01 00:14:37: Current best epoch found with top5 accuracy 0.89412 at epoch 4, saved
2020-03-01 00:14:37: Checkpoint (model & optimizer) saved to: ./exps/models/archive/Viax_Liao_ep-0004.pth
2020-03-01 00:14:38: Checkpoint (model & optimizer) saved to: ./exps/models/archive/Viax_Liao_ep-0004.pth
2020-03-01 00:14:38: Current best epoch found with top1 accuracy 0.64183 at epoch 4, saved
2020-03-01 00:14:38: Start epoch 4:
2020-03-01 00:14:43: Epoch [4]   Batch [0]    Speed   3.2 (+12) sample/sec  loss-ce = 0.40590, top1 = 0.93750, top5 = 1.00000  
2020-03-01 00:18:42: Epoch [4]   Batch [50]   Speed   3.4 (+13) sample/sec  loss-ce = 0.96822, top1 = 0.72875, top5 = 0.92875  
2020-03-01 00:22:42: Epoch [4]   Batch [100]  Speed   3.3 (+13) sample/sec  loss-ce = 0.92934, top1 = 0.75500, top5 = 0.93000  
2020-03-01 00:26:38: Epoch [4]   Batch [150]  Speed   3.4 (+13) sample/sec  loss-ce = 0.99155, top1 = 0.71500, top5 = 0.92750  
2020-03-01 00:30:36: Epoch [4]   Batch [200]  Speed   3.4 (+13) sample/sec  loss-ce = 0.94930, top1 = 0.72875, top5 = 0.93125  
2020-03-01 00:32:20: Epoch [4]   time cost: 1062.67 sec (0.30 h)
2020-03-01 00:32:20: Start epoch 5:
2020-03-01 00:32:26: Epoch [5]   Batch [0]    Speed   3.1 (+14) sample/sec  loss-ce = 0.79655, top1 = 0.81250, top5 = 0.93750  
2020-03-01 00:36:24: Epoch [5]   Batch [50]   Speed   3.4 (+13) sample/sec  loss-ce = 0.84825, top1 = 0.76125, top5 = 0.94875  
2020-03-01 00:40:23: Epoch [5]   Batch [100]  Speed   3.3 (+13) sample/sec  loss-ce = 0.85870, top1 = 0.76750, top5 = 0.93750  
2020-03-01 00:44:24: Epoch [5]   Batch [150]  Speed   3.3 (+13) sample/sec  loss-ce = 0.75320, top1 = 0.78500, top5 = 0.95500  
2020-03-01 00:48:22: Epoch [5]   Batch [200]  Speed   3.4 (+13) sample/sec  loss-ce = 0.85292, top1 = 0.76125, top5 = 0.94750  
2020-03-01 00:50:04: Epoch [5]   time cost: 1063.69 sec (0.30 h)
2020-03-01 00:50:04: Start epoch 6:
2020-03-01 00:50:09: Epoch [6]   Batch [0]    Speed   3.7 (+12) sample/sec  loss-ce = 0.26113, top1 = 0.93750, top5 = 1.00000  
2020-03-01 00:54:07: Epoch [6]   Batch [50]   Speed   3.4 (+13) sample/sec  loss-ce = 0.73687, top1 = 0.80500, top5 = 0.95625  
2020-03-01 00:58:06: Epoch [6]   Batch [100]  Speed   3.3 (+13) sample/sec  loss-ce = 0.73357, top1 = 0.79375, top5 = 0.95375  
2020-03-01 01:02:07: Epoch [6]   Batch [150]  Speed   3.3 (+13) sample/sec  loss-ce = 0.78067, top1 = 0.79500, top5 = 0.94500  
2020-03-01 01:06:02: Epoch [6]   Batch [200]  Speed   3.4 (+13) sample/sec  loss-ce = 0.80068, top1 = 0.78375, top5 = 0.93625  
2020-03-01 01:07:47: Epoch [6]   time cost: 1062.38 sec (0.30 h)
2020-03-01 01:07:47: Start epoch 7:
2020-03-01 01:07:51: Epoch [7]   Batch [0]    Speed   3.9 (+13) sample/sec  loss-ce = 0.30502, top1 = 0.93750, top5 = 1.00000  
2020-03-01 01:11:47: Epoch [7]   Batch [50]   Speed   3.4 (+13) sample/sec  loss-ce = 0.65424, top1 = 0.79875, top5 = 0.97125  
2020-03-01 01:15:44: Epoch [7]   Batch [100]  Speed   3.4 (+13) sample/sec  loss-ce = 0.70137, top1 = 0.79125, top5 = 0.96375  
2020-03-01 01:19:41: Epoch [7]   Batch [150]  Speed   3.4 (+13) sample/sec  loss-ce = 0.65696, top1 = 0.81250, top5 = 0.96875  
2020-03-01 01:23:40: Epoch [7]   Batch [200]  Speed   3.3 (+13) sample/sec  loss-ce = 0.72593, top1 = 0.80250, top5 = 0.95750  
2020-03-01 01:25:24: Epoch [7]   time cost: 1057.91 sec (0.29 h)
2020-03-01 01:25:25: Checkpoint (model & optimizer) saved to: ./exps/models/archive/Viax_Liao_ep-0008.pth
2020-03-01 01:25:25: Start evaluating epoch 7:
2020-03-01 01:29:38: Epoch [7]   Batch [191]  Speed   6.0 (+49) sample/sec  loss-ce = 1.16284, top1 = 0.67712, top5 = 0.91242  
2020-03-01 01:29:38: Current best epoch found with top5 accuracy 0.91242 at epoch 8, saved
2020-03-01 01:29:38: Current best epoch found with top1 accuracy 0.67712 at epoch 8, saved
2020-03-01 01:29:38: Start epoch 8:
2020-03-01 01:29:42: Epoch [8]   Batch [0]    Speed   4.0 (+12) sample/sec  loss-ce = 0.81689, top1 = 0.81250, top5 = 0.93750  
2020-03-01 01:33:38: Epoch [8]   Batch [50]   Speed   3.4 (+13) sample/sec  loss-ce = 0.67035, top1 = 0.82375, top5 = 0.95875  
2020-03-01 01:37:40: Epoch [8]   Batch [100]  Speed   3.3 (+13) sample/sec  loss-ce = 0.65848, top1 = 0.81000, top5 = 0.96625  
2020-03-01 01:41:37: Epoch [8]   Batch [150]  Speed   3.4 (+13) sample/sec  loss-ce = 0.63724, top1 = 0.82000, top5 = 0.96375  
2020-03-01 01:45:32: Epoch [8]   Batch [200]  Speed   3.4 (+13) sample/sec  loss-ce = 0.65736, top1 = 0.82500, top5 = 0.96375  
2020-03-01 01:47:13: Epoch [8]   time cost: 1054.94 sec (0.29 h)
2020-03-01 01:47:13: Start epoch 9:
2020-03-01 01:47:17: Epoch [9]   Batch [0]    Speed   3.5 (+13) sample/sec  loss-ce = 0.38924, top1 = 0.81250, top5 = 1.00000  
2020-03-01 01:51:15: Epoch [9]   Batch [50]   Speed   3.4 (+13) sample/sec  loss-ce = 0.59573, top1 = 0.84125, top5 = 0.97500  
2020-03-01 01:55:14: Epoch [9]   Batch [100]  Speed   3.3 (+13) sample/sec  loss-ce = 0.55187, top1 = 0.85125, top5 = 0.98125  
2020-03-01 01:59:11: Epoch [9]   Batch [150]  Speed   3.4 (+13) sample/sec  loss-ce = 0.64545, top1 = 0.82500, top5 = 0.96250  
2020-03-01 02:03:12: Epoch [9]   Batch [200]  Speed   3.3 (+13) sample/sec  loss-ce = 0.56411, top1 = 0.84250, top5 = 0.97250  
2020-03-01 02:04:54: Epoch [9]   time cost: 1061.29 sec (0.29 h)
2020-03-01 02:04:54: Start epoch 10:
2020-03-01 02:04:59: Epoch [10]  Batch [0]    Speed   3.2 (+14) sample/sec  loss-ce = 0.48348, top1 = 0.87500, top5 = 1.00000  
2020-03-01 02:08:54: Epoch [10]  Batch [50]   Speed   3.4 (+13) sample/sec  loss-ce = 0.54788, top1 = 0.83000, top5 = 0.97625  
2020-03-01 02:12:54: Epoch [10]  Batch [100]  Speed   3.3 (+13) sample/sec  loss-ce = 0.55547, top1 = 0.85125, top5 = 0.97250  
2020-03-01 02:16:51: Epoch [10]  Batch [150]  Speed   3.4 (+13) sample/sec  loss-ce = 0.51666, top1 = 0.86000, top5 = 0.97625  
2020-03-01 02:20:50: Epoch [10]  Batch [200]  Speed   3.3 (+13) sample/sec  loss-ce = 0.49824, top1 = 0.86375, top5 = 0.97500  
2020-03-01 02:22:31: Epoch [10]   time cost: 1057.29 sec (0.29 h)
2020-03-01 02:22:31: Start epoch 11:
2020-03-01 02:22:36: Epoch [11]  Batch [0]    Speed   3.8 (+13) sample/sec  loss-ce = 0.44364, top1 = 0.81250, top5 = 1.00000  
2020-03-01 02:26:37: Epoch [11]  Batch [50]   Speed   3.3 (+13) sample/sec  loss-ce = 0.42001, top1 = 0.88375, top5 = 0.98750  
2020-03-01 02:30:34: Epoch [11]  Batch [100]  Speed   3.4 (+13) sample/sec  loss-ce = 0.52991, top1 = 0.83500, top5 = 0.97875  
2020-03-01 02:34:30: Epoch [11]  Batch [150]  Speed   3.4 (+13) sample/sec  loss-ce = 0.44144, top1 = 0.87250, top5 = 0.98625  
2020-03-01 02:38:27: Epoch [11]  Batch [200]  Speed   3.4 (+13) sample/sec  loss-ce = 0.53086, top1 = 0.84875, top5 = 0.96625  
2020-03-01 02:40:11: Epoch [11]   time cost: 1059.62 sec (0.29 h)
2020-03-01 02:40:11: Start evaluating epoch 11:
2020-03-01 02:44:25: Epoch [11]  Batch [191]  Speed   6.0 (+49) sample/sec  loss-ce = 1.24605, top1 = 0.66209, top5 = 0.90850  
2020-03-01 02:44:25: Start epoch 12:
2020-03-01 02:44:30: Epoch [12]  Batch [0]    Speed   3.0 (+13) sample/sec  loss-ce = 0.23092, top1 = 0.93750, top5 = 1.00000  
2020-03-01 02:48:26: Epoch [12]  Batch [50]   Speed   3.4 (+13) sample/sec  loss-ce = 0.43568, top1 = 0.87750, top5 = 0.98500  
2020-03-01 02:52:27: Epoch [12]  Batch [100]  Speed   3.3 (+13) sample/sec  loss-ce = 0.48716, top1 = 0.86375, top5 = 0.97625  
2020-03-01 02:56:25: Epoch [12]  Batch [150]  Speed   3.4 (+13) sample/sec  loss-ce = 0.50123, top1 = 0.86375, top5 = 0.97375  
2020-03-01 03:00:23: Epoch [12]  Batch [200]  Speed   3.4 (+13) sample/sec  loss-ce = 0.44286, top1 = 0.87000, top5 = 0.98500  
2020-03-01 03:02:08: Epoch [12]   time cost: 1063.42 sec (0.30 h)
2020-03-01 03:02:08: Start epoch 13:
2020-03-01 03:02:13: Epoch [13]  Batch [0]    Speed   3.5 (+13) sample/sec  loss-ce = 0.28410, top1 = 0.93750, top5 = 1.00000  
2020-03-01 03:06:11: Epoch [13]  Batch [50]   Speed   3.4 (+13) sample/sec  loss-ce = 0.45888, top1 = 0.85625, top5 = 0.98000  
2020-03-01 03:10:08: Epoch [13]  Batch [100]  Speed   3.4 (+13) sample/sec  loss-ce = 0.44083, top1 = 0.88625, top5 = 0.98500  
2020-03-01 03:14:07: Epoch [13]  Batch [150]  Speed   3.4 (+13) sample/sec  loss-ce = 0.40508, top1 = 0.88375, top5 = 0.98500  
2020-03-01 03:18:05: Epoch [13]  Batch [200]  Speed   3.4 (+13) sample/sec  loss-ce = 0.51612, top1 = 0.86000, top5 = 0.97375  
2020-03-01 03:19:07: Iter: 3125, change learning rate to 5.00000e-04 for step [3125:6250)
2020-03-01 03:19:50: Epoch [13]   time cost: 1061.78 sec (0.29 h)
2020-03-01 03:19:50: Start epoch 14:
2020-03-01 03:19:55: Epoch [14]  Batch [0]    Speed   3.0 (+13) sample/sec  loss-ce = 0.45023, top1 = 0.87500, top5 = 1.00000  
2020-03-01 03:23:51: Epoch [14]  Batch [50]   Speed   3.4 (+13) sample/sec  loss-ce = 0.39405, top1 = 0.88125, top5 = 0.99125  
2020-03-01 03:27:49: Epoch [14]  Batch [100]  Speed   3.4 (+13) sample/sec  loss-ce = 0.41549, top1 = 0.88500, top5 = 0.98375  
2020-03-01 03:31:48: Epoch [14]  Batch [150]  Speed   3.3 (+13) sample/sec  loss-ce = 0.35597, top1 = 0.91125, top5 = 0.99000  
2020-03-01 03:35:42: Epoch [14]  Batch [200]  Speed   3.4 (+13) sample/sec  loss-ce = 0.31439, top1 = 0.92375, top5 = 0.99125  
2020-03-01 03:37:28: Epoch [14]   time cost: 1058.32 sec (0.29 h)
2020-03-01 03:37:28: Start epoch 15:
2020-03-01 03:37:33: Epoch [15]  Batch [0]    Speed   3.4 (+13) sample/sec  loss-ce = 0.85268, top1 = 0.81250, top5 = 0.93750  
2020-03-01 03:41:31: Epoch [15]  Batch [50]   Speed   3.4 (+13) sample/sec  loss-ce = 0.37181, top1 = 0.91125, top5 = 0.98750  
2020-03-01 03:45:28: Epoch [15]  Batch [100]  Speed   3.4 (+13) sample/sec  loss-ce = 0.33414, top1 = 0.90875, top5 = 0.98750  
2020-03-01 03:49:25: Epoch [15]  Batch [150]  Speed   3.4 (+13) sample/sec  loss-ce = 0.36357, top1 = 0.91125, top5 = 0.98375  
2020-03-01 03:53:21: Epoch [15]  Batch [200]  Speed   3.4 (+13) sample/sec  loss-ce = 0.35740, top1 = 0.91250, top5 = 0.99375  
2020-03-01 03:55:04: Epoch [15]   time cost: 1056.17 sec (0.29 h)
2020-03-01 03:55:04: Checkpoint (model & optimizer) saved to: ./exps/models/archive/Viax_Liao_ep-0016.pth
2020-03-01 03:55:04: Start evaluating epoch 15:
2020-03-01 03:59:18: Epoch [15]  Batch [191]  Speed   6.0 (+49) sample/sec  loss-ce = 1.20902, top1 = 0.66340, top5 = 0.90915  
2020-03-01 03:59:18: Start epoch 16:
2020-03-01 03:59:23: Epoch [16]  Batch [0]    Speed   3.1 (+13) sample/sec  loss-ce = 0.19433, top1 = 1.00000, top5 = 1.00000  
2020-03-01 04:03:19: Epoch [16]  Batch [50]   Speed   3.4 (+13) sample/sec  loss-ce = 0.37767, top1 = 0.91125, top5 = 0.98750  
2020-03-01 04:07:19: Epoch [16]  Batch [100]  Speed   3.3 (+13) sample/sec  loss-ce = 0.38505, top1 = 0.89375, top5 = 0.98625  
2020-03-01 04:11:16: Epoch [16]  Batch [150]  Speed   3.4 (+13) sample/sec  loss-ce = 0.33527, top1 = 0.91500, top5 = 0.99125  
2020-03-01 04:15:12: Epoch [16]  Batch [200]  Speed   3.4 (+13) sample/sec  loss-ce = 0.36620, top1 = 0.90500, top5 = 0.98875  
2020-03-01 04:16:59: Epoch [16]   time cost: 1061.03 sec (0.29 h)
2020-03-01 04:16:59: Start epoch 17:
2020-03-01 04:17:04: Epoch [17]  Batch [0]    Speed   2.9 (+14) sample/sec  loss-ce = 0.19685, top1 = 1.00000, top5 = 1.00000  
2020-03-01 04:21:05: Epoch [17]  Batch [50]   Speed   3.3 (+13) sample/sec  loss-ce = 0.41006, top1 = 0.90000, top5 = 0.98375  
2020-03-01 04:25:02: Epoch [17]  Batch [100]  Speed   3.4 (+13) sample/sec  loss-ce = 0.31020, top1 = 0.92125, top5 = 0.99125  
2020-03-01 04:29:03: Epoch [17]  Batch [150]  Speed   3.3 (+13) sample/sec  loss-ce = 0.34750, top1 = 0.90000, top5 = 0.99125  
2020-03-01 04:33:01: Epoch [17]  Batch [200]  Speed   3.4 (+13) sample/sec  loss-ce = 0.32732, top1 = 0.90875, top5 = 0.99125  
2020-03-01 04:34:48: Epoch [17]   time cost: 1069.58 sec (0.30 h)
2020-03-01 04:34:48: Start epoch 18:
2020-03-01 04:34:53: Epoch [18]  Batch [0]    Speed   3.2 (+13) sample/sec  loss-ce = 0.21319, top1 = 0.93750, top5 = 1.00000  
2020-03-01 04:38:52: Epoch [18]  Batch [50]   Speed   3.4 (+13) sample/sec  loss-ce = 0.35460, top1 = 0.91500, top5 = 0.98375  
2020-03-01 04:42:50: Epoch [18]  Batch [100]  Speed   3.4 (+13) sample/sec  loss-ce = 0.39278, top1 = 0.89125, top5 = 0.98625  
2020-03-01 04:46:44: Epoch [18]  Batch [150]  Speed   3.4 (+13) sample/sec  loss-ce = 0.31685, top1 = 0.92875, top5 = 0.99375  
2020-03-01 04:50:46: Epoch [18]  Batch [200]  Speed   3.3 (+13) sample/sec  loss-ce = 0.33788, top1 = 0.91500, top5 = 0.98875  
2020-03-01 04:52:31: Epoch [18]   time cost: 1062.10 sec (0.30 h)
2020-03-01 04:52:31: Start epoch 19:
2020-03-01 04:52:36: Epoch [19]  Batch [0]    Speed   3.1 (+14) sample/sec  loss-ce = 0.37452, top1 = 0.87500, top5 = 1.00000  
2020-03-01 04:56:38: Epoch [19]  Batch [50]   Speed   3.3 (+13) sample/sec  loss-ce = 0.32854, top1 = 0.90750, top5 = 0.98750  
2020-03-01 05:00:31: Epoch [19]  Batch [100]  Speed   3.4 (+13) sample/sec  loss-ce = 0.33381, top1 = 0.91500, top5 = 0.99125  
2020-03-01 05:04:27: Epoch [19]  Batch [150]  Speed   3.4 (+13) sample/sec  loss-ce = 0.35145, top1 = 0.91625, top5 = 0.98750  
2020-03-01 05:08:28: Epoch [19]  Batch [200]  Speed   3.3 (+13) sample/sec  loss-ce = 0.29725, top1 = 0.90375, top5 = 0.99750  
2020-03-01 05:10:14: Epoch [19]   time cost: 1063.02 sec (0.30 h)
2020-03-01 05:10:14: Start evaluating epoch 19:
2020-03-01 05:14:27: Epoch [19]  Batch [191]  Speed   6.0 (+49) sample/sec  loss-ce = 1.21776, top1 = 0.67516, top5 = 0.90588  
2020-03-01 05:14:27: Start epoch 20:
2020-03-01 05:14:32: Epoch [20]  Batch [0]    Speed   3.3 (+13) sample/sec  loss-ce = 0.12091, top1 = 1.00000, top5 = 1.00000  
2020-03-01 05:18:33: Epoch [20]  Batch [50]   Speed   3.3 (+13) sample/sec  loss-ce = 0.38097, top1 = 0.89375, top5 = 0.99000  
2020-03-01 05:22:30: Epoch [20]  Batch [100]  Speed   3.4 (+13) sample/sec  loss-ce = 0.37477, top1 = 0.90500, top5 = 0.98875  
2020-03-01 05:26:28: Epoch [20]  Batch [150]  Speed   3.4 (+13) sample/sec  loss-ce = 0.30549, top1 = 0.92500, top5 = 0.99375  
2020-03-01 05:30:26: Epoch [20]  Batch [200]  Speed   3.4 (+13) sample/sec  loss-ce = 0.35961, top1 = 0.91250, top5 = 0.98625  
2020-03-01 05:32:11: Epoch [20]   time cost: 1063.97 sec (0.30 h)
2020-03-01 05:32:11: Start epoch 21:
2020-03-01 05:32:16: Epoch [21]  Batch [0]    Speed   3.4 (+13) sample/sec  loss-ce = 0.31328, top1 = 0.87500, top5 = 1.00000  
2020-03-01 05:36:14: Epoch [21]  Batch [50]   Speed   3.4 (+13) sample/sec  loss-ce = 0.33650, top1 = 0.92000, top5 = 0.99000  
2020-03-01 05:40:11: Epoch [21]  Batch [100]  Speed   3.4 (+13) sample/sec  loss-ce = 0.34535, top1 = 0.92000, top5 = 0.99125  
2020-03-01 05:44:07: Epoch [21]  Batch [150]  Speed   3.4 (+13) sample/sec  loss-ce = 0.32112, top1 = 0.91625, top5 = 0.99250  
2020-03-01 05:48:06: Epoch [21]  Batch [200]  Speed   3.3 (+13) sample/sec  loss-ce = 0.30829, top1 = 0.92125, top5 = 0.99250  
2020-03-01 05:49:51: Epoch [21]   time cost: 1059.59 sec (0.29 h)
2020-03-01 05:49:51: Start epoch 22:
2020-03-01 05:49:56: Epoch [22]  Batch [0]    Speed   3.3 (+13) sample/sec  loss-ce = 0.42478, top1 = 0.93750, top5 = 1.00000  
2020-03-01 05:53:51: Epoch [22]  Batch [50]   Speed   3.4 (+13) sample/sec  loss-ce = 0.34674, top1 = 0.91125, top5 = 0.98500  
2020-03-01 05:57:47: Epoch [22]  Batch [100]  Speed   3.4 (+13) sample/sec  loss-ce = 0.36020, top1 = 0.92125, top5 = 0.98750  
2020-03-01 06:01:40: Epoch [22]  Batch [150]  Speed   3.4 (+13) sample/sec  loss-ce = 0.32455, top1 = 0.91625, top5 = 0.98750  
2020-03-01 06:05:39: Epoch [22]  Batch [200]  Speed   3.3 (+13) sample/sec  loss-ce = 0.34015, top1 = 0.91625, top5 = 0.99125  
2020-03-01 06:07:28: Epoch [22]   time cost: 1057.32 sec (0.29 h)
2020-03-01 06:07:28: Start epoch 23:
2020-03-01 06:07:34: Epoch [23]  Batch [0]    Speed   3.0 (+14) sample/sec  loss-ce = 0.30823, top1 = 0.93750, top5 = 1.00000  
2020-03-01 06:11:28: Epoch [23]  Batch [50]   Speed   3.4 (+13) sample/sec  loss-ce = 0.26973, top1 = 0.93500, top5 = 0.99375  
2020-03-01 06:15:29: Epoch [23]  Batch [100]  Speed   3.3 (+13) sample/sec  loss-ce = 0.38175, top1 = 0.90625, top5 = 0.98750  
2020-03-01 06:19:23: Epoch [23]  Batch [150]  Speed   3.4 (+13) sample/sec  loss-ce = 0.35800, top1 = 0.92000, top5 = 0.99000  
2020-03-01 06:23:24: Epoch [23]  Batch [200]  Speed   3.3 (+13) sample/sec  loss-ce = 0.31011, top1 = 0.92500, top5 = 0.98750  
2020-03-01 06:25:11: Epoch [23]   time cost: 1063.25 sec (0.30 h)
2020-03-01 06:25:12: Checkpoint (model & optimizer) saved to: ./exps/models/archive/Viax_Liao_ep-0024.pth
2020-03-01 06:25:12: Start evaluating epoch 23:
2020-03-01 06:29:25: Epoch [23]  Batch [191]  Speed   6.0 (+49) sample/sec  loss-ce = 1.23002, top1 = 0.67712, top5 = 0.90980  
2020-03-01 06:29:25: Current best epoch found with top1 accuracy 0.67712 at epoch 24, saved
2020-03-01 06:29:25: Start epoch 24:
2020-03-01 06:29:30: Epoch [24]  Batch [0]    Speed   3.5 (+12) sample/sec  loss-ce = 0.50462, top1 = 0.81250, top5 = 1.00000  
2020-03-01 06:33:30: Epoch [24]  Batch [50]   Speed   3.3 (+13) sample/sec  loss-ce = 0.29721, top1 = 0.91875, top5 = 0.99375  
2020-03-01 06:37:25: Epoch [24]  Batch [100]  Speed   3.4 (+13) sample/sec  loss-ce = 0.31021, top1 = 0.92500, top5 = 0.99375  
2020-03-01 06:41:21: Epoch [24]  Batch [150]  Speed   3.4 (+13) sample/sec  loss-ce = 0.34322, top1 = 0.91500, top5 = 0.98625  
2020-03-01 06:45:23: Epoch [24]  Batch [200]  Speed   3.3 (+13) sample/sec  loss-ce = 0.28416, top1 = 0.92500, top5 = 0.99125  
2020-03-01 06:47:05: Epoch [24]   time cost: 1059.59 sec (0.29 h)
2020-03-01 06:47:05: Start epoch 25:
2020-03-01 06:47:10: Epoch [25]  Batch [0]    Speed   3.5 (+13) sample/sec  loss-ce = 0.11884, top1 = 1.00000, top5 = 1.00000  
2020-03-01 06:51:08: Epoch [25]  Batch [50]   Speed   3.4 (+13) sample/sec  loss-ce = 0.32081, top1 = 0.93000, top5 = 0.98625  
2020-03-01 06:55:04: Epoch [25]  Batch [100]  Speed   3.4 (+13) sample/sec  loss-ce = 0.30000, top1 = 0.92625, top5 = 0.98750  
2020-03-01 06:59:02: Epoch [25]  Batch [150]  Speed   3.4 (+13) sample/sec  loss-ce = 0.31408, top1 = 0.90750, top5 = 0.99625  
2020-03-01 07:02:58: Epoch [25]  Batch [200]  Speed   3.4 (+13) sample/sec  loss-ce = 0.31159, top1 = 0.91375, top5 = 0.98875  
2020-03-01 07:04:42: Epoch [25]   time cost: 1057.19 sec (0.29 h)
2020-03-01 07:04:42: Start epoch 26:
2020-03-01 07:04:47: Epoch [26]  Batch [0]    Speed   3.2 (+14) sample/sec  loss-ce = 0.20071, top1 = 0.93750, top5 = 1.00000  
2020-03-01 07:08:44: Epoch [26]  Batch [50]   Speed   3.4 (+13) sample/sec  loss-ce = 0.28772, top1 = 0.91875, top5 = 0.99250  
2020-03-01 07:12:44: Epoch [26]  Batch [100]  Speed   3.3 (+13) sample/sec  loss-ce = 0.33879, top1 = 0.92125, top5 = 0.98375  
2020-03-01 07:16:38: Epoch [26]  Batch [150]  Speed   3.4 (+13) sample/sec  loss-ce = 0.38656, top1 = 0.91000, top5 = 0.98250  
2020-03-01 07:20:38: Epoch [26]  Batch [200]  Speed   3.3 (+13) sample/sec  loss-ce = 0.33441, top1 = 0.91125, top5 = 0.98750  
2020-03-01 07:22:25: Epoch [26]   time cost: 1062.60 sec (0.30 h)
2020-03-01 07:22:25: Start epoch 27:
2020-03-01 07:22:29: Epoch [27]  Batch [0]    Speed   3.5 (+13) sample/sec  loss-ce = 0.19238, top1 = 0.93750, top5 = 1.00000  
2020-03-01 07:26:31: Epoch [27]  Batch [50]   Speed   3.3 (+13) sample/sec  loss-ce = 0.26793, top1 = 0.93000, top5 = 0.99500  
2020-03-01 07:30:30: Epoch [27]  Batch [100]  Speed   3.3 (+13) sample/sec  loss-ce = 0.33636, top1 = 0.91375, top5 = 0.98125  
2020-03-01 07:34:30: Epoch [27]  Batch [150]  Speed   3.3 (+13) sample/sec  loss-ce = 0.33855, top1 = 0.91000, top5 = 0.98625  
2020-03-01 07:38:29: Epoch [27]  Batch [200]  Speed   3.4 (+13) sample/sec  loss-ce = 0.28528, top1 = 0.92750, top5 = 0.99625  
2020-03-01 07:38:38: Iter: 6250, change learning rate to 5.00000e-05 for step [6250:9375)
2020-03-01 07:40:15: Epoch [27]   time cost: 1070.34 sec (0.30 h)
2020-03-01 07:40:15: Start evaluating epoch 27:
2020-03-01 07:44:28: Epoch [27]  Batch [191]  Speed   6.1 (+49) sample/sec  loss-ce = 1.22280, top1 = 0.66471, top5 = 0.91699  
2020-03-01 07:44:28: Current best epoch found with top5 accuracy 0.91699 at epoch 28, saved
2020-03-01 07:44:28: Checkpoint (model & optimizer) saved to: ./exps/models/archive/Viax_Liao_ep-0028.pth
2020-03-01 07:44:28: Start epoch 28:
2020-03-01 07:44:33: Epoch [28]  Batch [0]    Speed   3.3 (+13) sample/sec  loss-ce = 0.60536, top1 = 0.87500, top5 = 0.93750  
2020-03-01 07:48:25: Epoch [28]  Batch [50]   Speed   3.4 (+13) sample/sec  loss-ce = 0.30180, top1 = 0.91750, top5 = 0.99000  
2020-03-01 07:52:20: Epoch [28]  Batch [100]  Speed   3.4 (+13) sample/sec  loss-ce = 0.30878, top1 = 0.91875, top5 = 0.99375  
2020-03-01 07:56:19: Epoch [28]  Batch [150]  Speed   3.4 (+13) sample/sec  loss-ce = 0.31426, top1 = 0.92125, top5 = 0.99375  
2020-03-01 08:00:18: Epoch [28]  Batch [200]  Speed   3.3 (+13) sample/sec  loss-ce = 0.33788, top1 = 0.91750, top5 = 0.99000  
2020-03-01 08:02:04: Epoch [28]   time cost: 1055.98 sec (0.29 h)
2020-03-01 08:02:04: Start epoch 29:
2020-03-01 08:02:08: Epoch [29]  Batch [0]    Speed   3.8 (+13) sample/sec  loss-ce = 0.23327, top1 = 1.00000, top5 = 1.00000  
2020-03-01 08:06:10: Epoch [29]  Batch [50]   Speed   3.3 (+13) sample/sec  loss-ce = 0.28476, top1 = 0.92625, top5 = 0.99125  
2020-03-01 08:10:11: Epoch [29]  Batch [100]  Speed   3.3 (+13) sample/sec  loss-ce = 0.28315, top1 = 0.92625, top5 = 0.99625  
2020-03-01 08:14:05: Epoch [29]  Batch [150]  Speed   3.4 (+13) sample/sec  loss-ce = 0.36029, top1 = 0.91000, top5 = 0.98375  
2020-03-01 08:18:03: Epoch [29]  Batch [200]  Speed   3.4 (+13) sample/sec  loss-ce = 0.30253, top1 = 0.92625, top5 = 0.99125  
2020-03-01 08:19:46: Epoch [29]   time cost: 1061.91 sec (0.29 h)
2020-03-01 08:19:46: Start epoch 30:
2020-03-01 08:19:51: Epoch [30]  Batch [0]    Speed   3.2 (+13) sample/sec  loss-ce = 0.15694, top1 = 0.93750, top5 = 1.00000  
2020-03-01 08:23:54: Epoch [30]  Batch [50]   Speed   3.3 (+13) sample/sec  loss-ce = 0.28345, top1 = 0.93625, top5 = 0.99000  
2020-03-01 08:27:51: Epoch [30]  Batch [100]  Speed   3.4 (+13) sample/sec  loss-ce = 0.31376, top1 = 0.92375, top5 = 0.99125  
2020-03-01 08:31:43: Epoch [30]  Batch [150]  Speed   3.4 (+13) sample/sec  loss-ce = 0.27357, top1 = 0.93500, top5 = 0.99375  
2020-03-01 08:35:40: Epoch [30]  Batch [200]  Speed   3.4 (+13) sample/sec  loss-ce = 0.30660, top1 = 0.92750, top5 = 0.99375  
2020-03-01 08:37:25: Epoch [30]   time cost: 1059.21 sec (0.29 h)
2020-03-01 08:37:25: Start epoch 31:
2020-03-01 08:37:30: Epoch [31]  Batch [0]    Speed   3.4 (+13) sample/sec  loss-ce = 0.70611, top1 = 0.81250, top5 = 1.00000  
2020-03-01 08:41:28: Epoch [31]  Batch [50]   Speed   3.4 (+13) sample/sec  loss-ce = 0.25965, top1 = 0.93750, top5 = 0.99125  
2020-03-01 08:45:27: Epoch [31]  Batch [100]  Speed   3.3 (+13) sample/sec  loss-ce = 0.31126, top1 = 0.91625, top5 = 0.99250  
2020-03-01 08:49:24: Epoch [31]  Batch [150]  Speed   3.4 (+13) sample/sec  loss-ce = 0.28854, top1 = 0.91250, top5 = 0.99625  
2020-03-01 08:53:19: Epoch [31]  Batch [200]  Speed   3.4 (+13) sample/sec  loss-ce = 0.31959, top1 = 0.92000, top5 = 0.98750  
2020-03-01 08:55:05: Epoch [31]   time cost: 1059.56 sec (0.29 h)
2020-03-01 08:55:05: Checkpoint (model & optimizer) saved to: ./exps/models/archive/Viax_Liao_ep-0032.pth
2020-03-01 08:55:05: Start evaluating epoch 31:
2020-03-01 08:59:17: Epoch [31]  Batch [191]  Speed   6.1 (+49) sample/sec  loss-ce = 1.23108, top1 = 0.66928, top5 = 0.91438  
2020-03-01 08:59:17: Start epoch 32:
2020-03-01 08:59:22: Epoch [32]  Batch [0]    Speed   3.3 (+13) sample/sec  loss-ce = 0.25598, top1 = 0.87500, top5 = 1.00000  
2020-03-01 09:03:19: Epoch [32]  Batch [50]   Speed   3.4 (+13) sample/sec  loss-ce = 0.32161, top1 = 0.91875, top5 = 0.99375  
2020-03-01 09:07:16: Epoch [32]  Batch [100]  Speed   3.4 (+13) sample/sec  loss-ce = 0.31766, top1 = 0.92750, top5 = 0.98875  
2020-03-01 09:11:15: Epoch [32]  Batch [150]  Speed   3.3 (+13) sample/sec  loss-ce = 0.33396, top1 = 0.91375, top5 = 0.98875  
2020-03-01 09:15:07: Epoch [32]  Batch [200]  Speed   3.5 (+13) sample/sec  loss-ce = 0.31830, top1 = 0.92125, top5 = 0.99375  
2020-03-01 09:16:54: Epoch [32]   time cost: 1056.81 sec (0.29 h)
2020-03-01 09:16:54: Start epoch 33:
2020-03-01 09:16:59: Epoch [33]  Batch [0]    Speed   3.2 (+14) sample/sec  loss-ce = 0.29738, top1 = 0.93750, top5 = 1.00000  
2020-03-01 09:20:59: Epoch [33]  Batch [50]   Speed   3.3 (+13) sample/sec  loss-ce = 0.33222, top1 = 0.91375, top5 = 0.99250  
2020-03-01 09:24:55: Epoch [33]  Batch [100]  Speed   3.4 (+13) sample/sec  loss-ce = 0.33320, top1 = 0.91750, top5 = 0.99250  
2020-03-01 09:28:51: Epoch [33]  Batch [150]  Speed   3.4 (+13) sample/sec  loss-ce = 0.29117, top1 = 0.92625, top5 = 0.98875  
2020-03-01 09:32:48: Epoch [33]  Batch [200]  Speed   3.4 (+13) sample/sec  loss-ce = 0.31503, top1 = 0.92250, top5 = 0.98875  
2020-03-01 09:34:31: Epoch [33]   time cost: 1056.89 sec (0.29 h)
2020-03-01 09:34:31: Start epoch 34:
2020-03-01 09:34:35: Epoch [34]  Batch [0]    Speed   3.6 (+12) sample/sec  loss-ce = 0.15790, top1 = 0.93750, top5 = 1.00000  
2020-03-01 09:38:31: Epoch [34]  Batch [50]   Speed   3.4 (+13) sample/sec  loss-ce = 0.31248, top1 = 0.93125, top5 = 0.98750  
2020-03-01 09:42:28: Epoch [34]  Batch [100]  Speed   3.4 (+13) sample/sec  loss-ce = 0.31070, top1 = 0.93250, top5 = 0.99125  
2020-03-01 09:46:25: Epoch [34]  Batch [150]  Speed   3.4 (+13) sample/sec  loss-ce = 0.31117, top1 = 0.92250, top5 = 0.99125  
2020-03-01 09:50:25: Epoch [34]  Batch [200]  Speed   3.3 (+13) sample/sec  loss-ce = 0.32292, top1 = 0.93000, top5 = 0.98500  
2020-03-01 09:52:13: Epoch [34]   time cost: 1061.82 sec (0.29 h)
2020-03-01 09:52:13: Start epoch 35:
2020-03-01 09:52:17: Epoch [35]  Batch [0]    Speed   3.9 (+13) sample/sec  loss-ce = 0.31715, top1 = 0.93750, top5 = 1.00000  
2020-03-01 09:56:14: Epoch [35]  Batch [50]   Speed   3.4 (+13) sample/sec  loss-ce = 0.30633, top1 = 0.92250, top5 = 0.99250  
2020-03-01 10:00:12: Epoch [35]  Batch [100]  Speed   3.4 (+13) sample/sec  loss-ce = 0.31275, top1 = 0.91250, top5 = 0.99375  
2020-03-01 10:04:13: Epoch [35]  Batch [150]  Speed   3.3 (+13) sample/sec  loss-ce = 0.33730, top1 = 0.91000, top5 = 0.99125  
2020-03-01 10:08:13: Epoch [35]  Batch [200]  Speed   3.3 (+13) sample/sec  loss-ce = 0.32545, top1 = 0.92375, top5 = 0.98875  
2020-03-01 10:09:57: Epoch [35]   time cost: 1064.05 sec (0.30 h)
2020-03-01 10:09:57: Start evaluating epoch 35:
2020-03-01 10:14:10: Epoch [35]  Batch [191]  Speed   6.0 (+49) sample/sec  loss-ce = 1.21658, top1 = 0.67059, top5 = 0.91176  
2020-03-01 10:14:10: Start epoch 36:
2020-03-01 10:14:15: Epoch [36]  Batch [0]    Speed   3.4 (+12) sample/sec  loss-ce = 0.12286, top1 = 1.00000, top5 = 1.00000  
2020-03-01 10:18:12: Epoch [36]  Batch [50]   Speed   3.4 (+13) sample/sec  loss-ce = 0.35681, top1 = 0.90500, top5 = 0.98375  
2020-03-01 10:22:06: Epoch [36]  Batch [100]  Speed   3.4 (+13) sample/sec  loss-ce = 0.29328, top1 = 0.92000, top5 = 0.99625  
2020-03-01 10:26:06: Epoch [36]  Batch [150]  Speed   3.3 (+13) sample/sec  loss-ce = 0.30806, top1 = 0.91500, top5 = 0.99000  
2020-03-01 10:30:06: Epoch [36]  Batch [200]  Speed   3.3 (+13) sample/sec  loss-ce = 0.31674, top1 = 0.92500, top5 = 0.99000  
2020-03-01 10:31:54: Epoch [36]   time cost: 1063.23 sec (0.30 h)
2020-03-01 10:31:54: Start epoch 37:
2020-03-01 10:31:59: Epoch [37]  Batch [0]    Speed   3.1 (+14) sample/sec  loss-ce = 0.41155, top1 = 0.87500, top5 = 0.93750  
2020-03-01 10:35:54: Epoch [37]  Batch [50]   Speed   3.4 (+13) sample/sec  loss-ce = 0.29951, top1 = 0.92500, top5 = 0.99250  
2020-03-01 10:39:49: Epoch [37]  Batch [100]  Speed   3.4 (+13) sample/sec  loss-ce = 0.31565, top1 = 0.91625, top5 = 0.98875  
2020-03-01 10:43:46: Epoch [37]  Batch [150]  Speed   3.4 (+13) sample/sec  loss-ce = 0.32332, top1 = 0.91750, top5 = 0.99125  
2020-03-01 10:47:42: Epoch [37]  Batch [200]  Speed   3.4 (+13) sample/sec  loss-ce = 0.34939, top1 = 0.92250, top5 = 0.98625  
2020-03-01 10:49:28: Epoch [37]   time cost: 1054.60 sec (0.29 h)
2020-03-01 10:49:28: Start epoch 38:
2020-03-01 10:49:33: Epoch [38]  Batch [0]    Speed   3.2 (+13) sample/sec  loss-ce = 0.21565, top1 = 0.93750, top5 = 1.00000  
2020-03-01 10:53:30: Epoch [38]  Batch [50]   Speed   3.4 (+13) sample/sec  loss-ce = 0.30868, top1 = 0.92000, top5 = 0.99125  
2020-03-01 10:57:28: Epoch [38]  Batch [100]  Speed   3.4 (+13) sample/sec  loss-ce = 0.28789, top1 = 0.91875, top5 = 0.99250  
2020-03-01 11:01:27: Epoch [38]  Batch [150]  Speed   3.3 (+13) sample/sec  loss-ce = 0.30012, top1 = 0.92625, top5 = 0.99125  
2020-03-01 11:05:27: Epoch [38]  Batch [200]  Speed   3.3 (+13) sample/sec  loss-ce = 0.30487, top1 = 0.93000, top5 = 0.99000  
2020-03-01 11:07:10: Epoch [38]   time cost: 1061.68 sec (0.29 h)
2020-03-01 11:07:10: Start epoch 39:
2020-03-01 11:07:16: Epoch [39]  Batch [0]    Speed   2.7 (+14) sample/sec  loss-ce = 0.35264, top1 = 0.87500, top5 = 1.00000  
2020-03-01 11:11:15: Epoch [39]  Batch [50]   Speed   3.3 (+13) sample/sec  loss-ce = 0.28285, top1 = 0.93500, top5 = 0.99625  
2020-03-01 11:15:09: Epoch [39]  Batch [100]  Speed   3.4 (+13) sample/sec  loss-ce = 0.31021, top1 = 0.92750, top5 = 0.99000  
2020-03-01 11:19:11: Epoch [39]  Batch [150]  Speed   3.3 (+13) sample/sec  loss-ce = 0.29775, top1 = 0.92250, top5 = 0.99125  
2020-03-01 11:23:09: Epoch [39]  Batch [200]  Speed   3.4 (+13) sample/sec  loss-ce = 0.26904, top1 = 0.93125, top5 = 0.99125  
2020-03-01 11:24:57: Epoch [39]   time cost: 1066.85 sec (0.30 h)
2020-03-01 11:24:57: Checkpoint (model & optimizer) saved to: ./exps/models/archive/Viax_Liao_ep-0040.pth
2020-03-01 11:24:57: Start evaluating epoch 39:
2020-03-01 11:29:12: Epoch [39]  Batch [191]  Speed   6.0 (+49) sample/sec  loss-ce = 1.22045, top1 = 0.67059, top5 = 0.90915  
2020-03-01 11:29:12: Optimization done!
